#-----------------------------------------------------------
# Vivado v2018.2.1 (64-bit)
# SW Build 2288692 on Thu Jul 26 18:24:02 MDT 2018
# IP Build 2289599 on Thu Jul 26 21:09:20 MDT 2018
# Start of session at: Wed Apr 24 09:08:43 2019
# Process ID: 9076
# Current directory: Z:/CS-401-1-CompArch/FinalProject/MP_1_Compiler/ListProcessor
# Command line: vivado.exe -gui_launcher_event rodinguilauncherevent5224 Z:\CS-401-1-CompArch\FinalProject\MP_1_Compiler\ListProcessor\ListProcessor.xpr
# Log file: Z:/CS-401-1-CompArch/FinalProject/MP_1_Compiler/ListProcessor/vivado.log
# Journal file: Z:/CS-401-1-CompArch/FinalProject/MP_1_Compiler/ListProcessor\vivado.jou
#-----------------------------------------------------------
start_gui
open_project Z:/CS-401-1-CompArch/FinalProject/MP_1_Compiler/ListProcessor/ListProcessor.xpr
INFO: [Project 1-313] Project file moved from 'Z:/CS-401-1-CompArch/FinalProject/ListProcessor' since last save.
Scanning sources...
Finished scanning sources
INFO: [IP_Flow 19-234] Refreshing IP repositories
INFO: [IP_Flow 19-1704] No user IP repositories specified
INFO: [IP_Flow 19-2313] Loaded Vivado IP repository 'C:/Xilinx/Vivado/2018.2/data/ip'.
open_project: Time (s): cpu = 00:00:08 ; elapsed = 00:00:05 . Memory (MB): peak = 797.219 ; gain = 64.246
update_compile_order -fileset sources_1
add_files -norecurse Z:/CS-401-1-CompArch/FinalProject/MP_1_Compiler/ListProcessor/ListProcessor.srcs/sources_1/new/alu_block.vhd
update_compile_order -fileset sources_1
close [ open Z:/CS-401-1-CompArch/FinalProject/MP_1_Compiler/ListProcessor/ListProcessor.srcs/sources_1/new/cntrl_unit.vhd w ]
add_files Z:/CS-401-1-CompArch/FinalProject/MP_1_Compiler/ListProcessor/ListProcessor.srcs/sources_1/new/cntrl_unit.vhd
update_compile_order -fileset sources_1
exit
INFO: [Common 17-206] Exiting Vivado at Wed Apr 24 10:14:13 2019...
