#-----------------------------------------------------------
# Vivado v2018.2.1 (64-bit)
# SW Build 2288692 on Thu Jul 26 18:24:02 MDT 2018
# IP Build 2289599 on Thu Jul 26 21:09:20 MDT 2018
# Start of session at: Wed Apr 24 11:29:02 2019
# Process ID: 4288
# Current directory: Z:/CS-401-1-CompArch/FinalProject/MP_1_Compiler/ListProcessor
# Command line: vivado.exe -gui_launcher_event rodinguilauncherevent4892 Z:\CS-401-1-CompArch\FinalProject\MP_1_Compiler\ListProcessor\ListProcessor.xpr
# Log file: Z:/CS-401-1-CompArch/FinalProject/MP_1_Compiler/ListProcessor/vivado.log
# Journal file: Z:/CS-401-1-CompArch/FinalProject/MP_1_Compiler/ListProcessor\vivado.jou
#-----------------------------------------------------------
start_gui
open_project Z:/CS-401-1-CompArch/FinalProject/MP_1_Compiler/ListProcessor/ListProcessor.xpr
Scanning sources...
Finished scanning sources
INFO: [IP_Flow 19-234] Refreshing IP repositories
INFO: [IP_Flow 19-1704] No user IP repositories specified
INFO: [IP_Flow 19-2313] Loaded Vivado IP repository 'C:/Xilinx/Vivado/2018.2/data/ip'.
update_compile_order -fileset sources_1
export_ip_user_files -of_objects  [get_files Z:/CS-401-1-CompArch/FinalProject/MP_1_Compiler/ListProcessor/ListProcessor.srcs/sources_1/new/cntrl_unit.vhd] -no_script -reset -force -quiet
remove_files  Z:/CS-401-1-CompArch/FinalProject/MP_1_Compiler/ListProcessor/ListProcessor.srcs/sources_1/new/cntrl_unit.vhd
synth_design -rtl -name rtl_1
Command: synth_design -rtl -name rtl_1
Starting synth_design
Using part: xc7a100tcsg324-1
Top: ListProc
---------------------------------------------------------------------------------
Starting RTL Elaboration : Time (s): cpu = 00:00:02 ; elapsed = 00:00:02 . Memory (MB): peak = 968.508 ; gain = 113.133
---------------------------------------------------------------------------------
INFO: [Synth 8-638] synthesizing module 'ListProc' [Z:/CS-401-1-CompArch/FinalProject/MP_1_Compiler/ListProcessor/ListProcessor.srcs/sources_1/new/ListProc.vhd:22]
WARNING: [Synth 8-614] signal 'regArgs' is read in the process but is not in the sensitivity list [Z:/CS-401-1-CompArch/FinalProject/MP_1_Compiler/ListProcessor/ListProcessor.srcs/sources_1/new/ListProc.vhd:67]
WARNING: [Synth 8-6044] Case expression and choice expression width mismatch, Case expression is 4 wide and choice expression is 8 wide [Z:/CS-401-1-CompArch/FinalProject/MP_1_Compiler/ListProcessor/ListProcessor.srcs/sources_1/new/ListProc.vhd:84]
ERROR: [Synth 8-517] overlapping choice 8'b00001001 in case statement [Z:/CS-401-1-CompArch/FinalProject/MP_1_Compiler/ListProcessor/ListProcessor.srcs/sources_1/new/ListProc.vhd:76]
WARNING: [Synth 8-6044] Case expression and choice expression width mismatch, Case expression is 4 wide and choice expression is 8 wide [Z:/CS-401-1-CompArch/FinalProject/MP_1_Compiler/ListProcessor/ListProcessor.srcs/sources_1/new/ListProc.vhd:76]
WARNING: [Synth 8-6044] Case expression and choice expression width mismatch, Case expression is 4 wide and choice expression is 8 wide [Z:/CS-401-1-CompArch/FinalProject/MP_1_Compiler/ListProcessor/ListProcessor.srcs/sources_1/new/ListProc.vhd:78]
WARNING: [Synth 8-6044] Case expression and choice expression width mismatch, Case expression is 4 wide and choice expression is 8 wide [Z:/CS-401-1-CompArch/FinalProject/MP_1_Compiler/ListProcessor/ListProcessor.srcs/sources_1/new/ListProc.vhd:79]
WARNING: [Synth 8-6044] Case expression and choice expression width mismatch, Case expression is 4 wide and choice expression is 8 wide [Z:/CS-401-1-CompArch/FinalProject/MP_1_Compiler/ListProcessor/ListProcessor.srcs/sources_1/new/ListProc.vhd:80]
WARNING: [Synth 8-6044] Case expression and choice expression width mismatch, Case expression is 4 wide and choice expression is 8 wide [Z:/CS-401-1-CompArch/FinalProject/MP_1_Compiler/ListProcessor/ListProcessor.srcs/sources_1/new/ListProc.vhd:81]
WARNING: [Synth 8-6044] Case expression and choice expression width mismatch, Case expression is 4 wide and choice expression is 8 wide [Z:/CS-401-1-CompArch/FinalProject/MP_1_Compiler/ListProcessor/ListProcessor.srcs/sources_1/new/ListProc.vhd:83]
ERROR: [Synth 8-285] failed synthesizing module 'ListProc' [Z:/CS-401-1-CompArch/FinalProject/MP_1_Compiler/ListProcessor/ListProcessor.srcs/sources_1/new/ListProc.vhd:22]
---------------------------------------------------------------------------------
Finished RTL Elaboration : Time (s): cpu = 00:00:04 ; elapsed = 00:00:03 . Memory (MB): peak = 1021.520 ; gain = 166.145
---------------------------------------------------------------------------------
RTL Elaboration failed
1 Infos, 8 Warnings, 0 Critical Warnings and 3 Errors encountered.
synth_design failed
ERROR: [Vivado_Tcl 4-5] Elaboration failed - please see the console for details
synth_design -rtl -name rtl_1
Command: synth_design -rtl -name rtl_1
Starting synth_design
Using part: xc7a100tcsg324-1
Top: ListProc
---------------------------------------------------------------------------------
Starting RTL Elaboration : Time (s): cpu = 00:00:02 ; elapsed = 00:00:02 . Memory (MB): peak = 1021.520 ; gain = 0.000
---------------------------------------------------------------------------------
INFO: [Synth 8-638] synthesizing module 'ListProc' [Z:/CS-401-1-CompArch/FinalProject/MP_1_Compiler/ListProcessor/ListProcessor.srcs/sources_1/new/ListProc.vhd:22]
WARNING: [Synth 8-614] signal 'regArgs' is read in the process but is not in the sensitivity list [Z:/CS-401-1-CompArch/FinalProject/MP_1_Compiler/ListProcessor/ListProcessor.srcs/sources_1/new/ListProc.vhd:67]
WARNING: [Synth 8-6044] Case expression and choice expression width mismatch, Case expression is 4 wide and choice expression is 8 wide [Z:/CS-401-1-CompArch/FinalProject/MP_1_Compiler/ListProcessor/ListProcessor.srcs/sources_1/new/ListProc.vhd:76]
WARNING: [Synth 8-6044] Case expression and choice expression width mismatch, Case expression is 4 wide and choice expression is 8 wide [Z:/CS-401-1-CompArch/FinalProject/MP_1_Compiler/ListProcessor/ListProcessor.srcs/sources_1/new/ListProc.vhd:78]
WARNING: [Synth 8-6044] Case expression and choice expression width mismatch, Case expression is 4 wide and choice expression is 8 wide [Z:/CS-401-1-CompArch/FinalProject/MP_1_Compiler/ListProcessor/ListProcessor.srcs/sources_1/new/ListProc.vhd:79]
WARNING: [Synth 8-6044] Case expression and choice expression width mismatch, Case expression is 4 wide and choice expression is 8 wide [Z:/CS-401-1-CompArch/FinalProject/MP_1_Compiler/ListProcessor/ListProcessor.srcs/sources_1/new/ListProc.vhd:80]
WARNING: [Synth 8-6044] Case expression and choice expression width mismatch, Case expression is 4 wide and choice expression is 8 wide [Z:/CS-401-1-CompArch/FinalProject/MP_1_Compiler/ListProcessor/ListProcessor.srcs/sources_1/new/ListProc.vhd:81]
WARNING: [Synth 8-6044] Case expression and choice expression width mismatch, Case expression is 4 wide and choice expression is 8 wide [Z:/CS-401-1-CompArch/FinalProject/MP_1_Compiler/ListProcessor/ListProcessor.srcs/sources_1/new/ListProc.vhd:84]
WARNING: [Synth 8-6044] Case expression and choice expression width mismatch, Case expression is 4 wide and choice expression is 8 wide [Z:/CS-401-1-CompArch/FinalProject/MP_1_Compiler/ListProcessor/ListProcessor.srcs/sources_1/new/ListProc.vhd:83]
WARNING: [Synth 8-153] case item 8'b00010100 will never be executed [Z:/CS-401-1-CompArch/FinalProject/MP_1_Compiler/ListProcessor/ListProcessor.srcs/sources_1/new/ListProc.vhd:75]
WARNING: [Synth 8-153] case item 8'b00010101 will never be executed [Z:/CS-401-1-CompArch/FinalProject/MP_1_Compiler/ListProcessor/ListProcessor.srcs/sources_1/new/ListProc.vhd:75]
WARNING: [Synth 8-153] case item 8'b00010110 will never be executed [Z:/CS-401-1-CompArch/FinalProject/MP_1_Compiler/ListProcessor/ListProcessor.srcs/sources_1/new/ListProc.vhd:75]
WARNING: [Synth 8-153] case item 8'b00010111 will never be executed [Z:/CS-401-1-CompArch/FinalProject/MP_1_Compiler/ListProcessor/ListProcessor.srcs/sources_1/new/ListProc.vhd:75]
WARNING: [Synth 8-153] case item 8'b10010011 will never be executed [Z:/CS-401-1-CompArch/FinalProject/MP_1_Compiler/ListProcessor/ListProcessor.srcs/sources_1/new/ListProc.vhd:75]
WARNING: [Synth 8-153] case item 8'b10010010 will never be executed [Z:/CS-401-1-CompArch/FinalProject/MP_1_Compiler/ListProcessor/ListProcessor.srcs/sources_1/new/ListProc.vhd:75]
	Parameter N bound to: 128 - type: integer 
INFO: [Synth 8-3491] module 'bit128_reg' declared at 'Z:/CS-401-1-CompArch/FinalProject/MP_1_Compiler/ListProcessor/ListProcessor.srcs/sources_1/new/128bit_reg.vhd:4' bound to instance 'results' of component 'bit128_reg' [Z:/CS-401-1-CompArch/FinalProject/MP_1_Compiler/ListProcessor/ListProcessor.srcs/sources_1/new/ListProc.vhd:89]
INFO: [Synth 8-638] synthesizing module 'bit128_reg' [Z:/CS-401-1-CompArch/FinalProject/MP_1_Compiler/ListProcessor/ListProcessor.srcs/sources_1/new/128bit_reg.vhd:14]
	Parameter N bound to: 128 - type: integer 
INFO: [Synth 8-256] done synthesizing module 'bit128_reg' (1#1) [Z:/CS-401-1-CompArch/FinalProject/MP_1_Compiler/ListProcessor/ListProcessor.srcs/sources_1/new/128bit_reg.vhd:14]
	Parameter N bound to: 128 - type: integer 
INFO: [Synth 8-3491] module 'bit128_reg' declared at 'Z:/CS-401-1-CompArch/FinalProject/MP_1_Compiler/ListProcessor/ListProcessor.srcs/sources_1/new/128bit_reg.vhd:4' bound to instance 'regA' of component 'bit128_reg' [Z:/CS-401-1-CompArch/FinalProject/MP_1_Compiler/ListProcessor/ListProcessor.srcs/sources_1/new/ListProc.vhd:98]
	Parameter N bound to: 128 - type: integer 
INFO: [Synth 8-3491] module 'bit128_reg' declared at 'Z:/CS-401-1-CompArch/FinalProject/MP_1_Compiler/ListProcessor/ListProcessor.srcs/sources_1/new/128bit_reg.vhd:4' bound to instance 'regB' of component 'bit128_reg' [Z:/CS-401-1-CompArch/FinalProject/MP_1_Compiler/ListProcessor/ListProcessor.srcs/sources_1/new/ListProc.vhd:107]
INFO: [Synth 8-3491] module 'alu_block' declared at 'Z:/CS-401-1-CompArch/FinalProject/MP_1_Compiler/ListProcessor/ListProcessor.srcs/sources_1/new/alu_block.vhd:6' bound to instance 'alus' of component 'alu_block' [Z:/CS-401-1-CompArch/FinalProject/MP_1_Compiler/ListProcessor/ListProcessor.srcs/sources_1/new/ListProc.vhd:116]
INFO: [Synth 8-638] synthesizing module 'alu_block' [Z:/CS-401-1-CompArch/FinalProject/MP_1_Compiler/ListProcessor/ListProcessor.srcs/sources_1/new/alu_block.vhd:15]
ERROR: [Synth 8-97] array index 127 out of range [Z:/CS-401-1-CompArch/FinalProject/MP_1_Compiler/ListProcessor/ListProcessor.srcs/sources_1/new/alu_block.vhd:38]
ERROR: [Synth 8-285] failed synthesizing module 'alu_block' [Z:/CS-401-1-CompArch/FinalProject/MP_1_Compiler/ListProcessor/ListProcessor.srcs/sources_1/new/alu_block.vhd:15]
ERROR: [Synth 8-285] failed synthesizing module 'ListProc' [Z:/CS-401-1-CompArch/FinalProject/MP_1_Compiler/ListProcessor/ListProcessor.srcs/sources_1/new/ListProc.vhd:22]
---------------------------------------------------------------------------------
Finished RTL Elaboration : Time (s): cpu = 00:00:03 ; elapsed = 00:00:03 . Memory (MB): peak = 1021.520 ; gain = 0.000
---------------------------------------------------------------------------------
RTL Elaboration failed
8 Infos, 14 Warnings, 0 Critical Warnings and 4 Errors encountered.
synth_design failed
ERROR: [Vivado_Tcl 4-5] Elaboration failed - please see the console for details
synth_design -rtl -name rtl_1
Command: synth_design -rtl -name rtl_1
Starting synth_design
Using part: xc7a100tcsg324-1
Top: ListProc
---------------------------------------------------------------------------------
Starting RTL Elaboration : Time (s): cpu = 00:00:02 ; elapsed = 00:00:02 . Memory (MB): peak = 1021.520 ; gain = 0.000
---------------------------------------------------------------------------------
INFO: [Synth 8-638] synthesizing module 'ListProc' [Z:/CS-401-1-CompArch/FinalProject/MP_1_Compiler/ListProcessor/ListProcessor.srcs/sources_1/new/ListProc.vhd:22]
WARNING: [Synth 8-614] signal 'regArgs' is read in the process but is not in the sensitivity list [Z:/CS-401-1-CompArch/FinalProject/MP_1_Compiler/ListProcessor/ListProcessor.srcs/sources_1/new/ListProc.vhd:67]
WARNING: [Synth 8-6044] Case expression and choice expression width mismatch, Case expression is 4 wide and choice expression is 8 wide [Z:/CS-401-1-CompArch/FinalProject/MP_1_Compiler/ListProcessor/ListProcessor.srcs/sources_1/new/ListProc.vhd:76]
WARNING: [Synth 8-6044] Case expression and choice expression width mismatch, Case expression is 4 wide and choice expression is 8 wide [Z:/CS-401-1-CompArch/FinalProject/MP_1_Compiler/ListProcessor/ListProcessor.srcs/sources_1/new/ListProc.vhd:78]
WARNING: [Synth 8-6044] Case expression and choice expression width mismatch, Case expression is 4 wide and choice expression is 8 wide [Z:/CS-401-1-CompArch/FinalProject/MP_1_Compiler/ListProcessor/ListProcessor.srcs/sources_1/new/ListProc.vhd:79]
WARNING: [Synth 8-6044] Case expression and choice expression width mismatch, Case expression is 4 wide and choice expression is 8 wide [Z:/CS-401-1-CompArch/FinalProject/MP_1_Compiler/ListProcessor/ListProcessor.srcs/sources_1/new/ListProc.vhd:80]
WARNING: [Synth 8-6044] Case expression and choice expression width mismatch, Case expression is 4 wide and choice expression is 8 wide [Z:/CS-401-1-CompArch/FinalProject/MP_1_Compiler/ListProcessor/ListProcessor.srcs/sources_1/new/ListProc.vhd:81]
WARNING: [Synth 8-6044] Case expression and choice expression width mismatch, Case expression is 4 wide and choice expression is 8 wide [Z:/CS-401-1-CompArch/FinalProject/MP_1_Compiler/ListProcessor/ListProcessor.srcs/sources_1/new/ListProc.vhd:84]
WARNING: [Synth 8-6044] Case expression and choice expression width mismatch, Case expression is 4 wide and choice expression is 8 wide [Z:/CS-401-1-CompArch/FinalProject/MP_1_Compiler/ListProcessor/ListProcessor.srcs/sources_1/new/ListProc.vhd:83]
WARNING: [Synth 8-153] case item 8'b00010100 will never be executed [Z:/CS-401-1-CompArch/FinalProject/MP_1_Compiler/ListProcessor/ListProcessor.srcs/sources_1/new/ListProc.vhd:75]
WARNING: [Synth 8-153] case item 8'b00010101 will never be executed [Z:/CS-401-1-CompArch/FinalProject/MP_1_Compiler/ListProcessor/ListProcessor.srcs/sources_1/new/ListProc.vhd:75]
WARNING: [Synth 8-153] case item 8'b00010110 will never be executed [Z:/CS-401-1-CompArch/FinalProject/MP_1_Compiler/ListProcessor/ListProcessor.srcs/sources_1/new/ListProc.vhd:75]
WARNING: [Synth 8-153] case item 8'b00010111 will never be executed [Z:/CS-401-1-CompArch/FinalProject/MP_1_Compiler/ListProcessor/ListProcessor.srcs/sources_1/new/ListProc.vhd:75]
WARNING: [Synth 8-153] case item 8'b10010011 will never be executed [Z:/CS-401-1-CompArch/FinalProject/MP_1_Compiler/ListProcessor/ListProcessor.srcs/sources_1/new/ListProc.vhd:75]
WARNING: [Synth 8-153] case item 8'b10010010 will never be executed [Z:/CS-401-1-CompArch/FinalProject/MP_1_Compiler/ListProcessor/ListProcessor.srcs/sources_1/new/ListProc.vhd:75]
	Parameter N bound to: 128 - type: integer 
INFO: [Synth 8-3491] module 'bit128_reg' declared at 'Z:/CS-401-1-CompArch/FinalProject/MP_1_Compiler/ListProcessor/ListProcessor.srcs/sources_1/new/128bit_reg.vhd:4' bound to instance 'results' of component 'bit128_reg' [Z:/CS-401-1-CompArch/FinalProject/MP_1_Compiler/ListProcessor/ListProcessor.srcs/sources_1/new/ListProc.vhd:89]
INFO: [Synth 8-638] synthesizing module 'bit128_reg' [Z:/CS-401-1-CompArch/FinalProject/MP_1_Compiler/ListProcessor/ListProcessor.srcs/sources_1/new/128bit_reg.vhd:14]
	Parameter N bound to: 128 - type: integer 
INFO: [Synth 8-256] done synthesizing module 'bit128_reg' (1#1) [Z:/CS-401-1-CompArch/FinalProject/MP_1_Compiler/ListProcessor/ListProcessor.srcs/sources_1/new/128bit_reg.vhd:14]
	Parameter N bound to: 128 - type: integer 
INFO: [Synth 8-3491] module 'bit128_reg' declared at 'Z:/CS-401-1-CompArch/FinalProject/MP_1_Compiler/ListProcessor/ListProcessor.srcs/sources_1/new/128bit_reg.vhd:4' bound to instance 'regA' of component 'bit128_reg' [Z:/CS-401-1-CompArch/FinalProject/MP_1_Compiler/ListProcessor/ListProcessor.srcs/sources_1/new/ListProc.vhd:98]
	Parameter N bound to: 128 - type: integer 
INFO: [Synth 8-3491] module 'bit128_reg' declared at 'Z:/CS-401-1-CompArch/FinalProject/MP_1_Compiler/ListProcessor/ListProcessor.srcs/sources_1/new/128bit_reg.vhd:4' bound to instance 'regB' of component 'bit128_reg' [Z:/CS-401-1-CompArch/FinalProject/MP_1_Compiler/ListProcessor/ListProcessor.srcs/sources_1/new/ListProc.vhd:107]
INFO: [Synth 8-3491] module 'alu_block' declared at 'Z:/CS-401-1-CompArch/FinalProject/MP_1_Compiler/ListProcessor/ListProcessor.srcs/sources_1/new/alu_block.vhd:6' bound to instance 'alus' of component 'alu_block' [Z:/CS-401-1-CompArch/FinalProject/MP_1_Compiler/ListProcessor/ListProcessor.srcs/sources_1/new/ListProc.vhd:116]
INFO: [Synth 8-638] synthesizing module 'alu_block' [Z:/CS-401-1-CompArch/FinalProject/MP_1_Compiler/ListProcessor/ListProcessor.srcs/sources_1/new/alu_block.vhd:15]
	Parameter N bound to: 32 - type: integer 
INFO: [Synth 8-3491] module 'alu' declared at 'Z:/CS-401-1-CompArch/FinalProject/MP_1_Compiler/ListProcessor/ListProcessor.srcs/sources_1/new/alu.vhd:27' bound to instance 'alu0' of component 'alu' [Z:/CS-401-1-CompArch/FinalProject/MP_1_Compiler/ListProcessor/ListProcessor.srcs/sources_1/new/alu_block.vhd:48]
INFO: [Synth 8-638] synthesizing module 'alu' [Z:/CS-401-1-CompArch/FinalProject/MP_1_Compiler/ListProcessor/ListProcessor.srcs/sources_1/new/alu.vhd:36]
	Parameter N bound to: 32 - type: integer 
WARNING: [Synth 8-614] signal 'A' is read in the process but is not in the sensitivity list [Z:/CS-401-1-CompArch/FinalProject/MP_1_Compiler/ListProcessor/ListProcessor.srcs/sources_1/new/alu.vhd:38]
WARNING: [Synth 8-614] signal 'B' is read in the process but is not in the sensitivity list [Z:/CS-401-1-CompArch/FinalProject/MP_1_Compiler/ListProcessor/ListProcessor.srcs/sources_1/new/alu.vhd:38]
INFO: [Synth 8-256] done synthesizing module 'alu' (2#1) [Z:/CS-401-1-CompArch/FinalProject/MP_1_Compiler/ListProcessor/ListProcessor.srcs/sources_1/new/alu.vhd:36]
	Parameter N bound to: 32 - type: integer 
INFO: [Synth 8-3491] module 'alu' declared at 'Z:/CS-401-1-CompArch/FinalProject/MP_1_Compiler/ListProcessor/ListProcessor.srcs/sources_1/new/alu.vhd:27' bound to instance 'alu1' of component 'alu' [Z:/CS-401-1-CompArch/FinalProject/MP_1_Compiler/ListProcessor/ListProcessor.srcs/sources_1/new/alu_block.vhd:56]
	Parameter N bound to: 32 - type: integer 
INFO: [Synth 8-3491] module 'alu' declared at 'Z:/CS-401-1-CompArch/FinalProject/MP_1_Compiler/ListProcessor/ListProcessor.srcs/sources_1/new/alu.vhd:27' bound to instance 'alu2' of component 'alu' [Z:/CS-401-1-CompArch/FinalProject/MP_1_Compiler/ListProcessor/ListProcessor.srcs/sources_1/new/alu_block.vhd:64]
	Parameter N bound to: 32 - type: integer 
INFO: [Synth 8-3491] module 'alu' declared at 'Z:/CS-401-1-CompArch/FinalProject/MP_1_Compiler/ListProcessor/ListProcessor.srcs/sources_1/new/alu.vhd:27' bound to instance 'alu3' of component 'alu' [Z:/CS-401-1-CompArch/FinalProject/MP_1_Compiler/ListProcessor/ListProcessor.srcs/sources_1/new/alu_block.vhd:72]
INFO: [Synth 8-256] done synthesizing module 'alu_block' (3#1) [Z:/CS-401-1-CompArch/FinalProject/MP_1_Compiler/ListProcessor/ListProcessor.srcs/sources_1/new/alu_block.vhd:15]
ERROR: [Synth 8-549] port width mismatch for port 'opA': port width = 128, actual width = 5 [Z:/CS-401-1-CompArch/FinalProject/MP_1_Compiler/ListProcessor/ListProcessor.srcs/sources_1/new/ListProc.vhd:116]
ERROR: [Synth 8-549] port width mismatch for port 'opB': port width = 128, actual width = 5 [Z:/CS-401-1-CompArch/FinalProject/MP_1_Compiler/ListProcessor/ListProcessor.srcs/sources_1/new/ListProc.vhd:116]
ERROR: [Synth 8-285] failed synthesizing module 'ListProc' [Z:/CS-401-1-CompArch/FinalProject/MP_1_Compiler/ListProcessor/ListProcessor.srcs/sources_1/new/ListProc.vhd:22]
---------------------------------------------------------------------------------
Finished RTL Elaboration : Time (s): cpu = 00:00:02 ; elapsed = 00:00:03 . Memory (MB): peak = 1024.098 ; gain = 2.578
---------------------------------------------------------------------------------
RTL Elaboration failed
15 Infos, 16 Warnings, 0 Critical Warnings and 4 Errors encountered.
synth_design failed
ERROR: [Vivado_Tcl 4-5] Elaboration failed - please see the console for details
synth_design -rtl -name rtl_1
Command: synth_design -rtl -name rtl_1
Starting synth_design
Using part: xc7a100tcsg324-1
Top: ListProc
---------------------------------------------------------------------------------
Starting RTL Elaboration : Time (s): cpu = 00:00:03 ; elapsed = 00:00:02 . Memory (MB): peak = 1024.098 ; gain = 0.000
---------------------------------------------------------------------------------
INFO: [Synth 8-638] synthesizing module 'ListProc' [Z:/CS-401-1-CompArch/FinalProject/MP_1_Compiler/ListProcessor/ListProcessor.srcs/sources_1/new/ListProc.vhd:22]
WARNING: [Synth 8-614] signal 'regArgs' is read in the process but is not in the sensitivity list [Z:/CS-401-1-CompArch/FinalProject/MP_1_Compiler/ListProcessor/ListProcessor.srcs/sources_1/new/ListProc.vhd:67]
WARNING: [Synth 8-6044] Case expression and choice expression width mismatch, Case expression is 4 wide and choice expression is 8 wide [Z:/CS-401-1-CompArch/FinalProject/MP_1_Compiler/ListProcessor/ListProcessor.srcs/sources_1/new/ListProc.vhd:76]
WARNING: [Synth 8-6044] Case expression and choice expression width mismatch, Case expression is 4 wide and choice expression is 8 wide [Z:/CS-401-1-CompArch/FinalProject/MP_1_Compiler/ListProcessor/ListProcessor.srcs/sources_1/new/ListProc.vhd:78]
WARNING: [Synth 8-6044] Case expression and choice expression width mismatch, Case expression is 4 wide and choice expression is 8 wide [Z:/CS-401-1-CompArch/FinalProject/MP_1_Compiler/ListProcessor/ListProcessor.srcs/sources_1/new/ListProc.vhd:79]
WARNING: [Synth 8-6044] Case expression and choice expression width mismatch, Case expression is 4 wide and choice expression is 8 wide [Z:/CS-401-1-CompArch/FinalProject/MP_1_Compiler/ListProcessor/ListProcessor.srcs/sources_1/new/ListProc.vhd:80]
WARNING: [Synth 8-6044] Case expression and choice expression width mismatch, Case expression is 4 wide and choice expression is 8 wide [Z:/CS-401-1-CompArch/FinalProject/MP_1_Compiler/ListProcessor/ListProcessor.srcs/sources_1/new/ListProc.vhd:81]
WARNING: [Synth 8-6044] Case expression and choice expression width mismatch, Case expression is 4 wide and choice expression is 8 wide [Z:/CS-401-1-CompArch/FinalProject/MP_1_Compiler/ListProcessor/ListProcessor.srcs/sources_1/new/ListProc.vhd:84]
WARNING: [Synth 8-6044] Case expression and choice expression width mismatch, Case expression is 4 wide and choice expression is 8 wide [Z:/CS-401-1-CompArch/FinalProject/MP_1_Compiler/ListProcessor/ListProcessor.srcs/sources_1/new/ListProc.vhd:83]
WARNING: [Synth 8-153] case item 8'b00010100 will never be executed [Z:/CS-401-1-CompArch/FinalProject/MP_1_Compiler/ListProcessor/ListProcessor.srcs/sources_1/new/ListProc.vhd:75]
WARNING: [Synth 8-153] case item 8'b00010101 will never be executed [Z:/CS-401-1-CompArch/FinalProject/MP_1_Compiler/ListProcessor/ListProcessor.srcs/sources_1/new/ListProc.vhd:75]
WARNING: [Synth 8-153] case item 8'b00010110 will never be executed [Z:/CS-401-1-CompArch/FinalProject/MP_1_Compiler/ListProcessor/ListProcessor.srcs/sources_1/new/ListProc.vhd:75]
WARNING: [Synth 8-153] case item 8'b00010111 will never be executed [Z:/CS-401-1-CompArch/FinalProject/MP_1_Compiler/ListProcessor/ListProcessor.srcs/sources_1/new/ListProc.vhd:75]
WARNING: [Synth 8-153] case item 8'b10010011 will never be executed [Z:/CS-401-1-CompArch/FinalProject/MP_1_Compiler/ListProcessor/ListProcessor.srcs/sources_1/new/ListProc.vhd:75]
WARNING: [Synth 8-153] case item 8'b10010010 will never be executed [Z:/CS-401-1-CompArch/FinalProject/MP_1_Compiler/ListProcessor/ListProcessor.srcs/sources_1/new/ListProc.vhd:75]
	Parameter N bound to: 128 - type: integer 
INFO: [Synth 8-3491] module 'bit128_reg' declared at 'Z:/CS-401-1-CompArch/FinalProject/MP_1_Compiler/ListProcessor/ListProcessor.srcs/sources_1/new/128bit_reg.vhd:4' bound to instance 'results' of component 'bit128_reg' [Z:/CS-401-1-CompArch/FinalProject/MP_1_Compiler/ListProcessor/ListProcessor.srcs/sources_1/new/ListProc.vhd:89]
INFO: [Synth 8-638] synthesizing module 'bit128_reg' [Z:/CS-401-1-CompArch/FinalProject/MP_1_Compiler/ListProcessor/ListProcessor.srcs/sources_1/new/128bit_reg.vhd:14]
	Parameter N bound to: 128 - type: integer 
INFO: [Synth 8-256] done synthesizing module 'bit128_reg' (1#1) [Z:/CS-401-1-CompArch/FinalProject/MP_1_Compiler/ListProcessor/ListProcessor.srcs/sources_1/new/128bit_reg.vhd:14]
	Parameter N bound to: 128 - type: integer 
INFO: [Synth 8-3491] module 'bit128_reg' declared at 'Z:/CS-401-1-CompArch/FinalProject/MP_1_Compiler/ListProcessor/ListProcessor.srcs/sources_1/new/128bit_reg.vhd:4' bound to instance 'regA' of component 'bit128_reg' [Z:/CS-401-1-CompArch/FinalProject/MP_1_Compiler/ListProcessor/ListProcessor.srcs/sources_1/new/ListProc.vhd:98]
	Parameter N bound to: 128 - type: integer 
INFO: [Synth 8-3491] module 'bit128_reg' declared at 'Z:/CS-401-1-CompArch/FinalProject/MP_1_Compiler/ListProcessor/ListProcessor.srcs/sources_1/new/128bit_reg.vhd:4' bound to instance 'regB' of component 'bit128_reg' [Z:/CS-401-1-CompArch/FinalProject/MP_1_Compiler/ListProcessor/ListProcessor.srcs/sources_1/new/ListProc.vhd:107]
INFO: [Synth 8-3491] module 'alu_block' declared at 'Z:/CS-401-1-CompArch/FinalProject/MP_1_Compiler/ListProcessor/ListProcessor.srcs/sources_1/new/alu_block.vhd:6' bound to instance 'alus' of component 'alu_block' [Z:/CS-401-1-CompArch/FinalProject/MP_1_Compiler/ListProcessor/ListProcessor.srcs/sources_1/new/ListProc.vhd:116]
INFO: [Synth 8-638] synthesizing module 'alu_block' [Z:/CS-401-1-CompArch/FinalProject/MP_1_Compiler/ListProcessor/ListProcessor.srcs/sources_1/new/alu_block.vhd:15]
	Parameter N bound to: 32 - type: integer 
INFO: [Synth 8-3491] module 'alu' declared at 'Z:/CS-401-1-CompArch/FinalProject/MP_1_Compiler/ListProcessor/ListProcessor.srcs/sources_1/new/alu.vhd:27' bound to instance 'alu0' of component 'alu' [Z:/CS-401-1-CompArch/FinalProject/MP_1_Compiler/ListProcessor/ListProcessor.srcs/sources_1/new/alu_block.vhd:48]
INFO: [Synth 8-638] synthesizing module 'alu' [Z:/CS-401-1-CompArch/FinalProject/MP_1_Compiler/ListProcessor/ListProcessor.srcs/sources_1/new/alu.vhd:36]
	Parameter N bound to: 32 - type: integer 
WARNING: [Synth 8-614] signal 'A' is read in the process but is not in the sensitivity list [Z:/CS-401-1-CompArch/FinalProject/MP_1_Compiler/ListProcessor/ListProcessor.srcs/sources_1/new/alu.vhd:38]
WARNING: [Synth 8-614] signal 'B' is read in the process but is not in the sensitivity list [Z:/CS-401-1-CompArch/FinalProject/MP_1_Compiler/ListProcessor/ListProcessor.srcs/sources_1/new/alu.vhd:38]
INFO: [Synth 8-256] done synthesizing module 'alu' (2#1) [Z:/CS-401-1-CompArch/FinalProject/MP_1_Compiler/ListProcessor/ListProcessor.srcs/sources_1/new/alu.vhd:36]
	Parameter N bound to: 32 - type: integer 
INFO: [Synth 8-3491] module 'alu' declared at 'Z:/CS-401-1-CompArch/FinalProject/MP_1_Compiler/ListProcessor/ListProcessor.srcs/sources_1/new/alu.vhd:27' bound to instance 'alu1' of component 'alu' [Z:/CS-401-1-CompArch/FinalProject/MP_1_Compiler/ListProcessor/ListProcessor.srcs/sources_1/new/alu_block.vhd:56]
	Parameter N bound to: 32 - type: integer 
INFO: [Synth 8-3491] module 'alu' declared at 'Z:/CS-401-1-CompArch/FinalProject/MP_1_Compiler/ListProcessor/ListProcessor.srcs/sources_1/new/alu.vhd:27' bound to instance 'alu2' of component 'alu' [Z:/CS-401-1-CompArch/FinalProject/MP_1_Compiler/ListProcessor/ListProcessor.srcs/sources_1/new/alu_block.vhd:64]
	Parameter N bound to: 32 - type: integer 
INFO: [Synth 8-3491] module 'alu' declared at 'Z:/CS-401-1-CompArch/FinalProject/MP_1_Compiler/ListProcessor/ListProcessor.srcs/sources_1/new/alu.vhd:27' bound to instance 'alu3' of component 'alu' [Z:/CS-401-1-CompArch/FinalProject/MP_1_Compiler/ListProcessor/ListProcessor.srcs/sources_1/new/alu_block.vhd:72]
INFO: [Synth 8-256] done synthesizing module 'alu_block' (3#1) [Z:/CS-401-1-CompArch/FinalProject/MP_1_Compiler/ListProcessor/ListProcessor.srcs/sources_1/new/alu_block.vhd:15]
WARNING: [Synth 8-3848] Net ready in module/entity ListProc does not have driver. [Z:/CS-401-1-CompArch/FinalProject/MP_1_Compiler/ListProcessor/ListProcessor.srcs/sources_1/new/ListProc.vhd:18]
WARNING: [Synth 8-3848] Net ld in module/entity ListProc does not have driver. [Z:/CS-401-1-CompArch/FinalProject/MP_1_Compiler/ListProcessor/ListProcessor.srcs/sources_1/new/ListProc.vhd:58]
INFO: [Synth 8-256] done synthesizing module 'ListProc' (4#1) [Z:/CS-401-1-CompArch/FinalProject/MP_1_Compiler/ListProcessor/ListProcessor.srcs/sources_1/new/ListProc.vhd:22]
WARNING: [Synth 8-3331] design ListProc has unconnected port ready
WARNING: [Synth 8-3331] design ListProc has unconnected port opA[4]
WARNING: [Synth 8-3331] design ListProc has unconnected port opA[3]
WARNING: [Synth 8-3331] design ListProc has unconnected port opA[2]
WARNING: [Synth 8-3331] design ListProc has unconnected port opA[1]
WARNING: [Synth 8-3331] design ListProc has unconnected port opB[4]
WARNING: [Synth 8-3331] design ListProc has unconnected port opB[3]
WARNING: [Synth 8-3331] design ListProc has unconnected port opB[2]
WARNING: [Synth 8-3331] design ListProc has unconnected port opB[1]
---------------------------------------------------------------------------------
Finished RTL Elaboration : Time (s): cpu = 00:00:03 ; elapsed = 00:00:03 . Memory (MB): peak = 1025.746 ; gain = 1.648
---------------------------------------------------------------------------------

Report Check Netlist: 
+------+------------------+-------+---------+-------+------------------+
|      |Item              |Errors |Warnings |Status |Description       |
+------+------------------+-------+---------+-------+------------------+
|1     |multi_driven_nets |      0|        0|Passed |Multi driven nets |
+------+------------------+-------+---------+-------+------------------+
WARNING: [Synth 8-3295] tying undriven pin results:load to constant 0 [Z:/CS-401-1-CompArch/FinalProject/MP_1_Compiler/ListProcessor/ListProcessor.srcs/sources_1/new/ListProc.vhd:89]
WARNING: [Synth 8-3295] tying undriven pin regA:load to constant 0 [Z:/CS-401-1-CompArch/FinalProject/MP_1_Compiler/ListProcessor/ListProcessor.srcs/sources_1/new/ListProc.vhd:98]
WARNING: [Synth 8-3295] tying undriven pin regB:load to constant 0 [Z:/CS-401-1-CompArch/FinalProject/MP_1_Compiler/ListProcessor/ListProcessor.srcs/sources_1/new/ListProc.vhd:107]
---------------------------------------------------------------------------------
Start Handling Custom Attributes
---------------------------------------------------------------------------------
---------------------------------------------------------------------------------
Finished Handling Custom Attributes : Time (s): cpu = 00:00:03 ; elapsed = 00:00:03 . Memory (MB): peak = 1025.746 ; gain = 1.648
---------------------------------------------------------------------------------
---------------------------------------------------------------------------------
Finished RTL Optimization Phase 1 : Time (s): cpu = 00:00:03 ; elapsed = 00:00:03 . Memory (MB): peak = 1025.746 ; gain = 1.648
---------------------------------------------------------------------------------
INFO: [Device 21-403] Loading part xc7a100tcsg324-1
INFO: [Project 1-570] Preparing netlist for logic optimization

Processing XDC Constraints
Initializing timing engine
Completed Processing XDC Constraints

INFO: [Opt 31-138] Pushed 0 inverter(s) to 0 load pin(s).
INFO: [Project 1-111] Unisim Transformation Summary:
No Unisim elements were transformed.

RTL Elaboration Complete:  : Time (s): cpu = 00:00:19 ; elapsed = 00:00:16 . Memory (MB): peak = 1366.523 ; gain = 342.426
20 Infos, 30 Warnings, 0 Critical Warnings and 0 Errors encountered.
synth_design completed successfully
synth_design: Time (s): cpu = 00:00:19 ; elapsed = 00:00:16 . Memory (MB): peak = 1366.523 ; gain = 342.426
exit
INFO: [Common 17-206] Exiting Vivado at Wed Apr 24 12:28:41 2019...
