INFO: [VRFC 10-163] Analyzing VHDL file "C:/Users/kjones/Desktop/mips_fpga_nexsys4_ddr/mips.srcs/sources_1/imports/new/mips.vhd" into library xil_defaultlib
INFO: [VRFC 10-307] analyzing entity mips
INFO: [VRFC 10-163] Analyzing VHDL file "C:/Users/kjones/Desktop/mips_fpga_nexsys4_ddr/mips.srcs/sources_1/imports/new/mips_mem_instructions.vhd" into library xil_defaultlib
INFO: [VRFC 10-307] analyzing entity imem
INFO: [VRFC 10-163] Analyzing VHDL file "C:/Users/kjones/Desktop/mips_fpga_nexsys4_ddr/mips.srcs/sources_1/imports/new/mips_shift_left_by_2.vhd" into library xil_defaultlib
INFO: [VRFC 10-307] analyzing entity sl2
INFO: [VRFC 10-163] Analyzing VHDL file "C:/Users/kjones/Desktop/mips_fpga_nexsys4_ddr/mips.srcs/sources_1/imports/new/mips_datapath.vhd" into library xil_defaultlib
INFO: [VRFC 10-307] analyzing entity datapath
INFO: [VRFC 10-163] Analyzing VHDL file "C:/Users/kjones/Desktop/mips_fpga_nexsys4_ddr/mips.srcs/sources_1/imports/new/mips_top.vhd" into library xil_defaultlib
INFO: [VRFC 10-307] analyzing entity mips_top
INFO: [VRFC 10-163] Analyzing VHDL file "C:/Users/kjones/Desktop/mips_fpga_nexsys4_ddr/mips.srcs/sources_1/imports/new/mips_alu.vhd" into library xil_defaultlib
INFO: [VRFC 10-307] analyzing entity alu
INFO: [VRFC 10-163] Analyzing VHDL file "C:/Users/kjones/Desktop/mips_fpga_nexsys4_ddr/mips.srcs/sources_1/imports/new/mips_adder.vhd" into library xil_defaultlib
INFO: [VRFC 10-307] analyzing entity adder
INFO: [VRFC 10-163] Analyzing VHDL file "C:/Users/kjones/Desktop/mips_fpga_nexsys4_ddr/mips.srcs/sources_1/imports/new/mips_mem_data.vhd" into library xil_defaultlib
INFO: [VRFC 10-307] analyzing entity dmem
INFO: [VRFC 10-163] Analyzing VHDL file "C:/Users/kjones/Desktop/mips_fpga_nexsys4_ddr/mips.srcs/sources_1/imports/new/mips_decoder_alu.vhd" into library xil_defaultlib
INFO: [VRFC 10-307] analyzing entity aludec
INFO: [VRFC 10-163] Analyzing VHDL file "C:/Users/kjones/Desktop/mips_fpga_nexsys4_ddr/mips.srcs/sources_1/imports/new/mips_decoder_main.vhd" into library xil_defaultlib
INFO: [VRFC 10-307] analyzing entity maindec
INFO: [VRFC 10-163] Analyzing VHDL file "C:/Users/kjones/Desktop/mips_fpga_nexsys4_ddr/mips.srcs/sources_1/imports/new/computer_top.vhd" into library xil_defaultlib
INFO: [VRFC 10-307] analyzing entity computer_top
INFO: [VRFC 10-163] Analyzing VHDL file "C:/Users/kjones/Desktop/mips_fpga_nexsys4_ddr/mips.srcs/sources_1/imports/new/mips_controller.vhd" into library xil_defaultlib
INFO: [VRFC 10-307] analyzing entity controller
INFO: [VRFC 10-163] Analyzing VHDL file "C:/Users/kjones/Desktop/mips_fpga_nexsys4_ddr/mips.srcs/sources_1/imports/new/mips_register_file.vhd" into library xil_defaultlib
INFO: [VRFC 10-307] analyzing entity regfile
INFO: [VRFC 10-163] Analyzing VHDL file "C:/Users/kjones/Desktop/mips_fpga_nexsys4_ddr/mips.srcs/sources_1/imports/new/mips_sign_extender.vhd" into library xil_defaultlib
INFO: [VRFC 10-307] analyzing entity signext
INFO: [VRFC 10-163] Analyzing VHDL file "C:/Users/kjones/Desktop/mips_fpga_nexsys4_ddr/mips.srcs/sources_1/imports/new/display_hex.vhd" into library xil_defaultlib
INFO: [VRFC 10-307] analyzing entity display_hex
INFO: [VRFC 10-163] Analyzing VHDL file "C:/Users/kjones/Desktop/mips_fpga_nexsys4_ddr/mips.srcs/sources_1/imports/new/mips_flip_flop_register.vhd" into library xil_defaultlib
INFO: [VRFC 10-307] analyzing entity flopr
INFO: [VRFC 10-163] Analyzing VHDL file "C:/Users/kjones/Desktop/mips_fpga_nexsys4_ddr/mips.srcs/sources_1/imports/new/mips_multiplexer_2_input.vhd" into library xil_defaultlib
INFO: [VRFC 10-307] analyzing entity mux2
INFO: [VRFC 10-163] Analyzing VHDL file "C:/Users/kjones/Desktop/mips_fpga_nexsys4_ddr/mips.srcs/sim_1/imports/Desktop/mips_testbench.vhd" into library xil_defaultlib
INFO: [VRFC 10-307] analyzing entity mips_testbench
