
*** Running vivado
    with args -log computer_top.vds -m64 -product Vivado -mode batch -messageDb vivado.pb -notrace -source computer_top.tcl


****** Vivado v2018.2.1 (64-bit)
  **** SW Build 2288692 on Thu Jul 26 18:24:02 MDT 2018
  **** IP Build 2289599 on Thu Jul 26 21:09:20 MDT 2018
    ** Copyright 1986-2018 Xilinx, Inc. All Rights Reserved.

source computer_top.tcl -notrace
Command: synth_design -top computer_top -part xc7a100tcsg324-1
Starting synth_design
Attempting to get a license for feature 'Synthesis' and/or device 'xc7a100t'
INFO: [Common 17-349] Got license for feature 'Synthesis' and/or device 'xc7a100t'
INFO: Launching helper process for spawning children vivado processes
INFO: Helper process launched with PID 3336 
---------------------------------------------------------------------------------
Starting RTL Elaboration : Time (s): cpu = 00:00:02 ; elapsed = 00:00:02 . Memory (MB): peak = 386.156 ; gain = 99.289
---------------------------------------------------------------------------------
INFO: [Synth 8-638] synthesizing module 'computer_top' [Z:/rrutherford20/CS-401-1-CompArch/CompArchFinal/Working_MP3/mips.srcs/sources_1/imports/new/computer_top.vhd:26]
INFO: [Synth 8-3491] module 'mips_top' declared at 'Z:/rrutherford20/CS-401-1-CompArch/CompArchFinal/Working_MP3/mips.srcs/sources_1/imports/new/mips_top.vhd:17' bound to instance 'mips1' of component 'mips_top' [Z:/rrutherford20/CS-401-1-CompArch/CompArchFinal/Working_MP3/mips.srcs/sources_1/imports/new/computer_top.vhd:80]
INFO: [Synth 8-638] synthesizing module 'mips_top' [Z:/rrutherford20/CS-401-1-CompArch/CompArchFinal/Working_MP3/mips.srcs/sources_1/imports/new/mips_top.vhd:30]
	Parameter width bound to: 32 - type: integer 
INFO: [Synth 8-3491] module 'mips' declared at 'Z:/rrutherford20/CS-401-1-CompArch/CompArchFinal/Working_MP3/mips.srcs/sources_1/imports/new/mips.vhd:14' bound to instance 'mips1' of component 'mips' [Z:/rrutherford20/CS-401-1-CompArch/CompArchFinal/Working_MP3/mips.srcs/sources_1/imports/new/mips_top.vhd:89]
INFO: [Synth 8-638] synthesizing module 'mips' [Z:/rrutherford20/CS-401-1-CompArch/CompArchFinal/Working_MP3/mips.srcs/sources_1/imports/new/mips.vhd:29]
	Parameter width bound to: 32 - type: integer 
INFO: [Synth 8-3491] module 'controller' declared at 'Z:/rrutherford20/CS-401-1-CompArch/CompArchFinal/Working_MP3/mips.srcs/sources_1/imports/new/mips_controller.vhd:5' bound to instance 'cont' of component 'controller' [Z:/rrutherford20/CS-401-1-CompArch/CompArchFinal/Working_MP3/mips.srcs/sources_1/imports/new/mips.vhd:62]
INFO: [Synth 8-638] synthesizing module 'controller' [Z:/rrutherford20/CS-401-1-CompArch/CompArchFinal/Working_MP3/mips.srcs/sources_1/imports/new/mips_controller.vhd:17]
INFO: [Synth 8-3491] module 'maindec' declared at 'Z:/rrutherford20/CS-401-1-CompArch/CompArchFinal/Working_MP3/mips.srcs/sources_1/imports/new/mips_decoder_main.vhd:5' bound to instance 'md' of component 'maindec' [Z:/rrutherford20/CS-401-1-CompArch/CompArchFinal/Working_MP3/mips.srcs/sources_1/imports/new/mips_controller.vhd:35]
INFO: [Synth 8-638] synthesizing module 'maindec' [Z:/rrutherford20/CS-401-1-CompArch/CompArchFinal/Working_MP3/mips.srcs/sources_1/imports/new/mips_decoder_main.vhd:15]
INFO: [Synth 8-256] done synthesizing module 'maindec' (1#1) [Z:/rrutherford20/CS-401-1-CompArch/CompArchFinal/Working_MP3/mips.srcs/sources_1/imports/new/mips_decoder_main.vhd:15]
INFO: [Synth 8-3491] module 'aludec' declared at 'Z:/rrutherford20/CS-401-1-CompArch/CompArchFinal/Working_MP3/mips.srcs/sources_1/imports/new/mips_decoder_alu.vhd:4' bound to instance 'ad' of component 'aludec' [Z:/rrutherford20/CS-401-1-CompArch/CompArchFinal/Working_MP3/mips.srcs/sources_1/imports/new/mips_controller.vhd:37]
INFO: [Synth 8-638] synthesizing module 'aludec' [Z:/rrutherford20/CS-401-1-CompArch/CompArchFinal/Working_MP3/mips.srcs/sources_1/imports/new/mips_decoder_alu.vhd:10]
INFO: [Synth 8-256] done synthesizing module 'aludec' (2#1) [Z:/rrutherford20/CS-401-1-CompArch/CompArchFinal/Working_MP3/mips.srcs/sources_1/imports/new/mips_decoder_alu.vhd:10]
WARNING: [Synth 8-3848] Net regdst in module/entity controller does not have driver. [Z:/rrutherford20/CS-401-1-CompArch/CompArchFinal/Working_MP3/mips.srcs/sources_1/imports/new/mips_controller.vhd:12]
INFO: [Synth 8-256] done synthesizing module 'controller' (3#1) [Z:/rrutherford20/CS-401-1-CompArch/CompArchFinal/Working_MP3/mips.srcs/sources_1/imports/new/mips_controller.vhd:17]
	Parameter width bound to: 32 - type: integer 
INFO: [Synth 8-3491] module 'datapath' declared at 'Z:/rrutherford20/CS-401-1-CompArch/CompArchFinal/Working_MP3/mips.srcs/sources_1/imports/new/mips_datapath.vhd:6' bound to instance 'dp' of component 'datapath' [Z:/rrutherford20/CS-401-1-CompArch/CompArchFinal/Working_MP3/mips.srcs/sources_1/imports/new/mips.vhd:68]
INFO: [Synth 8-638] synthesizing module 'datapath' [Z:/rrutherford20/CS-401-1-CompArch/CompArchFinal/Working_MP3/mips.srcs/sources_1/imports/new/mips_datapath.vhd:21]
	Parameter width bound to: 32 - type: integer 
	Parameter width bound to: 32 - type: integer 
INFO: [Synth 8-3491] module 'flopr' declared at 'Z:/rrutherford20/CS-401-1-CompArch/CompArchFinal/Working_MP3/mips.srcs/sources_1/imports/new/mips_flip_flop_register.vhd:5' bound to instance 'pcreg' of component 'flopr' [Z:/rrutherford20/CS-401-1-CompArch/CompArchFinal/Working_MP3/mips.srcs/sources_1/imports/new/mips_datapath.vhd:102]
INFO: [Synth 8-638] synthesizing module 'flopr' [Z:/rrutherford20/CS-401-1-CompArch/CompArchFinal/Working_MP3/mips.srcs/sources_1/imports/new/mips_flip_flop_register.vhd:12]
	Parameter width bound to: 32 - type: integer 
INFO: [Synth 8-256] done synthesizing module 'flopr' (4#1) [Z:/rrutherford20/CS-401-1-CompArch/CompArchFinal/Working_MP3/mips.srcs/sources_1/imports/new/mips_flip_flop_register.vhd:12]
	Parameter width bound to: 32 - type: integer 
INFO: [Synth 8-3491] module 'adder' declared at 'Z:/rrutherford20/CS-401-1-CompArch/CompArchFinal/Working_MP3/mips.srcs/sources_1/imports/new/mips_adder.vhd:7' bound to instance 'pcadd1' of component 'adder' [Z:/rrutherford20/CS-401-1-CompArch/CompArchFinal/Working_MP3/mips.srcs/sources_1/imports/new/mips_datapath.vhd:103]
INFO: [Synth 8-638] synthesizing module 'adder' [Z:/rrutherford20/CS-401-1-CompArch/CompArchFinal/Working_MP3/mips.srcs/sources_1/imports/new/mips_adder.vhd:13]
	Parameter width bound to: 32 - type: integer 
INFO: [Synth 8-256] done synthesizing module 'adder' (5#1) [Z:/rrutherford20/CS-401-1-CompArch/CompArchFinal/Working_MP3/mips.srcs/sources_1/imports/new/mips_adder.vhd:13]
	Parameter width bound to: 32 - type: integer 
INFO: [Synth 8-3491] module 'adder' declared at 'Z:/rrutherford20/CS-401-1-CompArch/CompArchFinal/Working_MP3/mips.srcs/sources_1/imports/new/mips_adder.vhd:7' bound to instance 'pcadd2' of component 'adder' [Z:/rrutherford20/CS-401-1-CompArch/CompArchFinal/Working_MP3/mips.srcs/sources_1/imports/new/mips_datapath.vhd:104]
	Parameter width bound to: 32 - type: integer 
INFO: [Synth 8-3491] module 'mux2' declared at 'Z:/rrutherford20/CS-401-1-CompArch/CompArchFinal/Working_MP3/mips.srcs/sources_1/imports/new/mips_multiplexer_2_input.vhd:4' bound to instance 'pcbrmux' of component 'mux2' [Z:/rrutherford20/CS-401-1-CompArch/CompArchFinal/Working_MP3/mips.srcs/sources_1/imports/new/mips_datapath.vhd:105]
INFO: [Synth 8-638] synthesizing module 'mux2' [Z:/rrutherford20/CS-401-1-CompArch/CompArchFinal/Working_MP3/mips.srcs/sources_1/imports/new/mips_multiplexer_2_input.vhd:11]
	Parameter width bound to: 32 - type: integer 
INFO: [Synth 8-256] done synthesizing module 'mux2' (6#1) [Z:/rrutherford20/CS-401-1-CompArch/CompArchFinal/Working_MP3/mips.srcs/sources_1/imports/new/mips_multiplexer_2_input.vhd:11]
	Parameter N bound to: 1 - type: integer 
INFO: [Synth 8-3491] module 'bit_reg' declared at 'Z:/rrutherford20/CS-401-1-CompArch/CompArchFinal/Working_MP3/mips.srcs/sources_1/new/generic_register.vhd:25' bound to instance 'zreg' of component 'bit_reg' [Z:/rrutherford20/CS-401-1-CompArch/CompArchFinal/Working_MP3/mips.srcs/sources_1/imports/new/mips_datapath.vhd:106]
INFO: [Synth 8-638] synthesizing module 'bit_reg' [Z:/rrutherford20/CS-401-1-CompArch/CompArchFinal/Working_MP3/mips.srcs/sources_1/new/generic_register.vhd:35]
	Parameter N bound to: 1 - type: integer 
INFO: [Synth 8-256] done synthesizing module 'bit_reg' (7#1) [Z:/rrutherford20/CS-401-1-CompArch/CompArchFinal/Working_MP3/mips.srcs/sources_1/new/generic_register.vhd:35]
	Parameter width bound to: 32 - type: integer 
INFO: [Synth 8-3491] module 'regfile' declared at 'Z:/rrutherford20/CS-401-1-CompArch/CompArchFinal/Working_MP3/mips.srcs/sources_1/new/mips_register_file.vhd:11' bound to instance 'rf' of component 'regfile' [Z:/rrutherford20/CS-401-1-CompArch/CompArchFinal/Working_MP3/mips.srcs/sources_1/imports/new/mips_datapath.vhd:109]
INFO: [Synth 8-638] synthesizing module 'regfile' [Z:/rrutherford20/CS-401-1-CompArch/CompArchFinal/Working_MP3/mips.srcs/sources_1/new/mips_register_file.vhd:21]
	Parameter width bound to: 32 - type: integer 
INFO: [Synth 8-256] done synthesizing module 'regfile' (8#1) [Z:/rrutherford20/CS-401-1-CompArch/CompArchFinal/Working_MP3/mips.srcs/sources_1/new/mips_register_file.vhd:21]
	Parameter width bound to: 32 - type: integer 
INFO: [Synth 8-3491] module 'mux2' declared at 'Z:/rrutherford20/CS-401-1-CompArch/CompArchFinal/Working_MP3/mips.srcs/sources_1/imports/new/mips_multiplexer_2_input.vhd:4' bound to instance 'resmux' of component 'mux2' [Z:/rrutherford20/CS-401-1-CompArch/CompArchFinal/Working_MP3/mips.srcs/sources_1/imports/new/mips_datapath.vhd:116]
	Parameter width bound to: 32 - type: integer 
INFO: [Synth 8-3491] module 'signext' declared at 'Z:/rrutherford20/CS-401-1-CompArch/CompArchFinal/Working_MP3/mips.srcs/sources_1/imports/new/mips_sign_extender.vhd:5' bound to instance 'se' of component 'signext' [Z:/rrutherford20/CS-401-1-CompArch/CompArchFinal/Working_MP3/mips.srcs/sources_1/imports/new/mips_datapath.vhd:120]
INFO: [Synth 8-638] synthesizing module 'signext' [Z:/rrutherford20/CS-401-1-CompArch/CompArchFinal/Working_MP3/mips.srcs/sources_1/imports/new/mips_sign_extender.vhd:11]
	Parameter width bound to: 32 - type: integer 
INFO: [Synth 8-256] done synthesizing module 'signext' (9#1) [Z:/rrutherford20/CS-401-1-CompArch/CompArchFinal/Working_MP3/mips.srcs/sources_1/imports/new/mips_sign_extender.vhd:11]
	Parameter width bound to: 32 - type: integer 
INFO: [Synth 8-3491] module 'mux2' declared at 'Z:/rrutherford20/CS-401-1-CompArch/CompArchFinal/Working_MP3/mips.srcs/sources_1/imports/new/mips_multiplexer_2_input.vhd:4' bound to instance 'srcbmux' of component 'mux2' [Z:/rrutherford20/CS-401-1-CompArch/CompArchFinal/Working_MP3/mips.srcs/sources_1/imports/new/mips_datapath.vhd:123]
	Parameter width bound to: 32 - type: integer 
INFO: [Synth 8-3491] module 'mux2' declared at 'Z:/rrutherford20/CS-401-1-CompArch/CompArchFinal/Working_MP3/mips.srcs/sources_1/imports/new/mips_multiplexer_2_input.vhd:4' bound to instance 'mov_mux' of component 'mux2' [Z:/rrutherford20/CS-401-1-CompArch/CompArchFinal/Working_MP3/mips.srcs/sources_1/imports/new/mips_datapath.vhd:126]
	Parameter width bound to: 32 - type: integer 
INFO: [Synth 8-3491] module 'mips_alu' declared at 'Z:/rrutherford20/CS-401-1-CompArch/CompArchFinal/Working_MP3/mips.srcs/sources_1/imports/new/mips_alu.vhd:8' bound to instance 'mainalu' of component 'mips_alu' [Z:/rrutherford20/CS-401-1-CompArch/CompArchFinal/Working_MP3/mips.srcs/sources_1/imports/new/mips_datapath.vhd:129]
INFO: [Synth 8-638] synthesizing module 'mips_alu' [Z:/rrutherford20/CS-401-1-CompArch/CompArchFinal/Working_MP3/mips.srcs/sources_1/imports/new/mips_alu.vhd:16]
	Parameter width bound to: 32 - type: integer 
INFO: [Synth 8-256] done synthesizing module 'mips_alu' (10#1) [Z:/rrutherford20/CS-401-1-CompArch/CompArchFinal/Working_MP3/mips.srcs/sources_1/imports/new/mips_alu.vhd:16]
INFO: [Synth 8-256] done synthesizing module 'datapath' (11#1) [Z:/rrutherford20/CS-401-1-CompArch/CompArchFinal/Working_MP3/mips.srcs/sources_1/imports/new/mips_datapath.vhd:21]
INFO: [Synth 8-256] done synthesizing module 'mips' (12#1) [Z:/rrutherford20/CS-401-1-CompArch/CompArchFinal/Working_MP3/mips.srcs/sources_1/imports/new/mips.vhd:29]
	Parameter width bound to: 32 - type: integer 
INFO: [Synth 8-3491] module 'imem' declared at 'Z:/rrutherford20/CS-401-1-CompArch/CompArchFinal/Working_MP3/mips.srcs/sources_1/imports/new/mips_mem_instructions.vhd:10' bound to instance 'imem1' of component 'imem' [Z:/rrutherford20/CS-401-1-CompArch/CompArchFinal/Working_MP3/mips.srcs/sources_1/imports/new/mips_top.vhd:92]
INFO: [Synth 8-638] synthesizing module 'imem' [Z:/rrutherford20/CS-401-1-CompArch/CompArchFinal/Working_MP3/mips.srcs/sources_1/imports/new/mips_mem_instructions.vhd:16]
	Parameter width bound to: 32 - type: integer 
INFO: [Synth 8-256] done synthesizing module 'imem' (13#1) [Z:/rrutherford20/CS-401-1-CompArch/CompArchFinal/Working_MP3/mips.srcs/sources_1/imports/new/mips_mem_instructions.vhd:16]
INFO: [Synth 8-3491] module 'dmem' declared at 'Z:/rrutherford20/CS-401-1-CompArch/CompArchFinal/Working_MP3/mips.srcs/sources_1/imports/new/mips_mem_data.vhd:11' bound to instance 'dmem1' of component 'dmem' [Z:/rrutherford20/CS-401-1-CompArch/CompArchFinal/Working_MP3/mips.srcs/sources_1/imports/new/mips_top.vhd:93]
INFO: [Synth 8-638] synthesizing module 'dmem' [Z:/rrutherford20/CS-401-1-CompArch/CompArchFinal/Working_MP3/mips.srcs/sources_1/imports/new/mips_mem_data.vhd:22]
INFO: [Synth 8-3491] module 'dual_port_ram' declared at 'Z:/rrutherford20/CS-401-1-CompArch/CompArchFinal/Working_MP3/mips.runs/synth_1/.Xil/Vivado-10416-LAB-SCI-214-16/realtime/dual_port_ram_stub.vhdl:5' bound to instance 'MULTI_PORT_REG' of component 'dual_port_ram' [Z:/rrutherford20/CS-401-1-CompArch/CompArchFinal/Working_MP3/mips.srcs/sources_1/imports/new/mips_mem_data.vhd:43]
INFO: [Synth 8-638] synthesizing module 'dual_port_ram' [Z:/rrutherford20/CS-401-1-CompArch/CompArchFinal/Working_MP3/mips.runs/synth_1/.Xil/Vivado-10416-LAB-SCI-214-16/realtime/dual_port_ram_stub.vhdl:23]
INFO: [Synth 8-256] done synthesizing module 'dmem' (14#1) [Z:/rrutherford20/CS-401-1-CompArch/CompArchFinal/Working_MP3/mips.srcs/sources_1/imports/new/mips_mem_data.vhd:22]
INFO: [Synth 8-3491] module 'ListProc' declared at 'Z:/rrutherford20/CS-401-1-CompArch/CompArchFinal/Working_MP3/mips.srcs/sources_1/new/ListProc.vhd:10' bound to instance 'listProcessor' of component 'listProc' [Z:/rrutherford20/CS-401-1-CompArch/CompArchFinal/Working_MP3/mips.srcs/sources_1/imports/new/mips_top.vhd:97]
INFO: [Synth 8-638] synthesizing module 'ListProc' [Z:/rrutherford20/CS-401-1-CompArch/CompArchFinal/Working_MP3/mips.srcs/sources_1/new/ListProc.vhd:23]
INFO: [Synth 8-226] default block is never used [Z:/rrutherford20/CS-401-1-CompArch/CompArchFinal/Working_MP3/mips.srcs/sources_1/new/ListProc.vhd:65]
	Parameter width bound to: 128 - type: integer 
	Parameter regCount bound to: 32 - type: integer 
INFO: [Synth 8-3491] module 'listRegFile' declared at 'Z:/rrutherford20/CS-401-1-CompArch/CompArchFinal/Working_MP3/mips.srcs/sources_1/new/list_register_file.vhd:11' bound to instance 'listRegs' of component 'listRegFile' [Z:/rrutherford20/CS-401-1-CompArch/CompArchFinal/Working_MP3/mips.srcs/sources_1/new/ListProc.vhd:113]
INFO: [Synth 8-638] synthesizing module 'listRegFile' [Z:/rrutherford20/CS-401-1-CompArch/CompArchFinal/Working_MP3/mips.srcs/sources_1/new/list_register_file.vhd:25]
	Parameter width bound to: 128 - type: integer 
	Parameter regCount bound to: 32 - type: integer 
INFO: [Synth 8-256] done synthesizing module 'listRegFile' (15#1) [Z:/rrutherford20/CS-401-1-CompArch/CompArchFinal/Working_MP3/mips.srcs/sources_1/new/list_register_file.vhd:25]
INFO: [Synth 8-3491] module 'alu_block' declared at 'Z:/rrutherford20/CS-401-1-CompArch/CompArchFinal/Working_MP3/mips.srcs/sources_1/new/alu_block.vhd:6' bound to instance 'alus' of component 'alu_block' [Z:/rrutherford20/CS-401-1-CompArch/CompArchFinal/Working_MP3/mips.srcs/sources_1/new/ListProc.vhd:129]
INFO: [Synth 8-638] synthesizing module 'alu_block' [Z:/rrutherford20/CS-401-1-CompArch/CompArchFinal/Working_MP3/mips.srcs/sources_1/new/alu_block.vhd:15]
	Parameter N bound to: 32 - type: integer 
INFO: [Synth 8-3491] module 'list_alu' declared at 'Z:/rrutherford20/CS-401-1-CompArch/CompArchFinal/Working_MP3/mips.srcs/sources_1/new/listAlu.vhd:27' bound to instance 'alu0' of component 'list_alu' [Z:/rrutherford20/CS-401-1-CompArch/CompArchFinal/Working_MP3/mips.srcs/sources_1/new/alu_block.vhd:48]
INFO: [Synth 8-638] synthesizing module 'list_alu' [Z:/rrutherford20/CS-401-1-CompArch/CompArchFinal/Working_MP3/mips.srcs/sources_1/new/listAlu.vhd:36]
	Parameter N bound to: 32 - type: integer 
INFO: [Synth 8-256] done synthesizing module 'list_alu' (16#1) [Z:/rrutherford20/CS-401-1-CompArch/CompArchFinal/Working_MP3/mips.srcs/sources_1/new/listAlu.vhd:36]
	Parameter N bound to: 32 - type: integer 
INFO: [Synth 8-3491] module 'list_alu' declared at 'Z:/rrutherford20/CS-401-1-CompArch/CompArchFinal/Working_MP3/mips.srcs/sources_1/new/listAlu.vhd:27' bound to instance 'alu1' of component 'list_alu' [Z:/rrutherford20/CS-401-1-CompArch/CompArchFinal/Working_MP3/mips.srcs/sources_1/new/alu_block.vhd:56]
	Parameter N bound to: 32 - type: integer 
INFO: [Synth 8-3491] module 'list_alu' declared at 'Z:/rrutherford20/CS-401-1-CompArch/CompArchFinal/Working_MP3/mips.srcs/sources_1/new/listAlu.vhd:27' bound to instance 'alu2' of component 'list_alu' [Z:/rrutherford20/CS-401-1-CompArch/CompArchFinal/Working_MP3/mips.srcs/sources_1/new/alu_block.vhd:64]
	Parameter N bound to: 32 - type: integer 
INFO: [Synth 8-3491] module 'list_alu' declared at 'Z:/rrutherford20/CS-401-1-CompArch/CompArchFinal/Working_MP3/mips.srcs/sources_1/new/listAlu.vhd:27' bound to instance 'alu3' of component 'list_alu' [Z:/rrutherford20/CS-401-1-CompArch/CompArchFinal/Working_MP3/mips.srcs/sources_1/new/alu_block.vhd:72]
INFO: [Synth 8-256] done synthesizing module 'alu_block' (17#1) [Z:/rrutherford20/CS-401-1-CompArch/CompArchFinal/Working_MP3/mips.srcs/sources_1/new/alu_block.vhd:15]
INFO: [Synth 8-256] done synthesizing module 'ListProc' (18#1) [Z:/rrutherford20/CS-401-1-CompArch/CompArchFinal/Working_MP3/mips.srcs/sources_1/new/ListProc.vhd:23]
INFO: [Synth 8-256] done synthesizing module 'mips_top' (19#1) [Z:/rrutherford20/CS-401-1-CompArch/CompArchFinal/Working_MP3/mips.srcs/sources_1/imports/new/mips_top.vhd:30]
INFO: [Synth 8-3491] module 'display_hex' declared at 'Z:/rrutherford20/CS-401-1-CompArch/CompArchFinal/Working_MP3/mips.srcs/sources_1/imports/new/display_hex.vhd:5' bound to instance 'display' of component 'display_hex' [Z:/rrutherford20/CS-401-1-CompArch/CompArchFinal/Working_MP3/mips.srcs/sources_1/imports/new/computer_top.vhd:82]
INFO: [Synth 8-638] synthesizing module 'display_hex' [Z:/rrutherford20/CS-401-1-CompArch/CompArchFinal/Working_MP3/mips.srcs/sources_1/imports/new/display_hex.vhd:17]
WARNING: [Synth 8-614] signal 'x' is read in the process but is not in the sensitivity list [Z:/rrutherford20/CS-401-1-CompArch/CompArchFinal/Working_MP3/mips.srcs/sources_1/imports/new/display_hex.vhd:35]
INFO: [Synth 8-256] done synthesizing module 'display_hex' (20#1) [Z:/rrutherford20/CS-401-1-CompArch/CompArchFinal/Working_MP3/mips.srcs/sources_1/imports/new/display_hex.vhd:17]
INFO: [Synth 8-3491] module 'vga_top' declared at 'Z:/rrutherford20/CS-401-1-CompArch/CompArchFinal/Working_MP3/mips.srcs/sources_1/imports/CS-401-1-CompArch/vga_top.vhd:5' bound to instance 'vga' of component 'vga_top' [Z:/rrutherford20/CS-401-1-CompArch/CompArchFinal/Working_MP3/mips.srcs/sources_1/imports/new/computer_top.vhd:85]
INFO: [Synth 8-638] synthesizing module 'vga_top' [Z:/rrutherford20/CS-401-1-CompArch/CompArchFinal/Working_MP3/mips.srcs/sources_1/imports/CS-401-1-CompArch/vga_top.vhd:15]
INFO: [Synth 8-638] synthesizing module 'vga_sync' [Z:/rrutherford20/CS-401-1-CompArch/CompArchFinal/Working_MP3/mips.srcs/sources_1/imports/CS-401-1-CompArch/vga_sync.vhd:16]
INFO: [Synth 8-256] done synthesizing module 'vga_sync' (21#1) [Z:/rrutherford20/CS-401-1-CompArch/CompArchFinal/Working_MP3/mips.srcs/sources_1/imports/CS-401-1-CompArch/vga_sync.vhd:16]
WARNING: [Synth 8-614] signal 'box_xl' is read in the process but is not in the sensitivity list [Z:/rrutherford20/CS-401-1-CompArch/CompArchFinal/Working_MP3/mips.srcs/sources_1/imports/CS-401-1-CompArch/vga_top.vhd:82]
WARNING: [Synth 8-614] signal 'box_xr' is read in the process but is not in the sensitivity list [Z:/rrutherford20/CS-401-1-CompArch/CompArchFinal/Working_MP3/mips.srcs/sources_1/imports/CS-401-1-CompArch/vga_top.vhd:82]
WARNING: [Synth 8-614] signal 'box_yt' is read in the process but is not in the sensitivity list [Z:/rrutherford20/CS-401-1-CompArch/CompArchFinal/Working_MP3/mips.srcs/sources_1/imports/CS-401-1-CompArch/vga_top.vhd:82]
WARNING: [Synth 8-614] signal 'box_yb' is read in the process but is not in the sensitivity list [Z:/rrutherford20/CS-401-1-CompArch/CompArchFinal/Working_MP3/mips.srcs/sources_1/imports/CS-401-1-CompArch/vga_top.vhd:82]
INFO: [Synth 8-4471] merging register 'green_reg_reg[3:0]' into 'red_reg_reg[3:0]' [Z:/rrutherford20/CS-401-1-CompArch/CompArchFinal/Working_MP3/mips.srcs/sources_1/imports/CS-401-1-CompArch/vga_top.vhd:104]
WARNING: [Synth 8-6014] Unused sequential element green_reg_reg was removed.  [Z:/rrutherford20/CS-401-1-CompArch/CompArchFinal/Working_MP3/mips.srcs/sources_1/imports/CS-401-1-CompArch/vga_top.vhd:104]
INFO: [Synth 8-256] done synthesizing module 'vga_top' (22#1) [Z:/rrutherford20/CS-401-1-CompArch/CompArchFinal/Working_MP3/mips.srcs/sources_1/imports/CS-401-1-CompArch/vga_top.vhd:15]
INFO: [Synth 8-256] done synthesizing module 'computer_top' (23#1) [Z:/rrutherford20/CS-401-1-CompArch/CompArchFinal/Working_MP3/mips.srcs/sources_1/imports/new/computer_top.vhd:26]
WARNING: [Synth 8-3331] design ListProc has unconnected port reset
WARNING: [Synth 8-3331] design datapath has unconnected port instr[31]
WARNING: [Synth 8-3331] design datapath has unconnected port instr[30]
WARNING: [Synth 8-3331] design datapath has unconnected port instr[29]
WARNING: [Synth 8-3331] design datapath has unconnected port instr[28]
WARNING: [Synth 8-3331] design datapath has unconnected port instr[27]
WARNING: [Synth 8-3331] design datapath has unconnected port instr[26]
WARNING: [Synth 8-3331] design datapath has unconnected port instr[25]
WARNING: [Synth 8-3331] design datapath has unconnected port instr[24]
WARNING: [Synth 8-3331] design aludec has unconnected port funct[5]
WARNING: [Synth 8-3331] design aludec has unconnected port funct[4]
WARNING: [Synth 8-3331] design aludec has unconnected port funct[3]
WARNING: [Synth 8-3331] design aludec has unconnected port funct[2]
WARNING: [Synth 8-3331] design aludec has unconnected port funct[1]
WARNING: [Synth 8-3331] design aludec has unconnected port funct[0]
WARNING: [Synth 8-3331] design aludec has unconnected port aluop[1]
WARNING: [Synth 8-3331] design aludec has unconnected port aluop[0]
WARNING: [Synth 8-3331] design controller has unconnected port regdst
---------------------------------------------------------------------------------
Finished RTL Elaboration : Time (s): cpu = 00:00:03 ; elapsed = 00:00:05 . Memory (MB): peak = 442.340 ; gain = 155.473
---------------------------------------------------------------------------------

Report Check Netlist: 
+------+------------------+-------+---------+-------+------------------+
|      |Item              |Errors |Warnings |Status |Description       |
+------+------------------+-------+---------+-------+------------------+
|1     |multi_driven_nets |      0|        0|Passed |Multi driven nets |
+------+------------------+-------+---------+-------+------------------+
---------------------------------------------------------------------------------
Start Handling Custom Attributes
---------------------------------------------------------------------------------
---------------------------------------------------------------------------------
Finished Handling Custom Attributes : Time (s): cpu = 00:00:04 ; elapsed = 00:00:05 . Memory (MB): peak = 442.340 ; gain = 155.473
---------------------------------------------------------------------------------
---------------------------------------------------------------------------------
Finished RTL Optimization Phase 1 : Time (s): cpu = 00:00:04 ; elapsed = 00:00:05 . Memory (MB): peak = 442.340 ; gain = 155.473
---------------------------------------------------------------------------------
INFO: [Device 21-403] Loading part xc7a100tcsg324-1
INFO: [Project 1-570] Preparing netlist for logic optimization

Processing XDC Constraints
Initializing timing engine
Parsing XDC File [z:/rrutherford20/CS-401-1-CompArch/CompArchFinal/Working_MP3/mips.srcs/sources_1/ip/dual_port_ram/dual_port_ram/dual_port_ram_in_context.xdc] for cell 'mips1/dmem1/MULTI_PORT_REG'
Finished Parsing XDC File [z:/rrutherford20/CS-401-1-CompArch/CompArchFinal/Working_MP3/mips.srcs/sources_1/ip/dual_port_ram/dual_port_ram/dual_port_ram_in_context.xdc] for cell 'mips1/dmem1/MULTI_PORT_REG'
Parsing XDC File [Z:/rrutherford20/CS-401-1-CompArch/CompArchFinal/Working_MP3/mips.srcs/constrs_1/imports/Desktop/Nexys4DDR_Master.xdc]
Finished Parsing XDC File [Z:/rrutherford20/CS-401-1-CompArch/CompArchFinal/Working_MP3/mips.srcs/constrs_1/imports/Desktop/Nexys4DDR_Master.xdc]
INFO: [Project 1-236] Implementation specific constraints were found while reading constraint file [Z:/rrutherford20/CS-401-1-CompArch/CompArchFinal/Working_MP3/mips.srcs/constrs_1/imports/Desktop/Nexys4DDR_Master.xdc]. These constraints will be ignored for synthesis but will be used in implementation. Impacted constraints are listed in the file [.Xil/computer_top_propImpl.xdc].
Resolution: To avoid this warning, move constraints listed in [.Xil/computer_top_propImpl.xdc] to another XDC file and exclude this new file from synthesis with the used_in_synthesis property (File Properties dialog in GUI) and re-run elaboration/synthesis.
Completed Processing XDC Constraints

INFO: [Project 1-111] Unisim Transformation Summary:
No Unisim elements were transformed.

Constraint Validation Runtime : Time (s): cpu = 00:00:00 ; elapsed = 00:00:00.007 . Memory (MB): peak = 790.578 ; gain = 0.000
---------------------------------------------------------------------------------
Finished Constraint Validation : Time (s): cpu = 00:00:12 ; elapsed = 00:00:20 . Memory (MB): peak = 790.578 ; gain = 503.711
---------------------------------------------------------------------------------
---------------------------------------------------------------------------------
Start Loading Part and Timing Information
---------------------------------------------------------------------------------
Loading part: xc7a100tcsg324-1
---------------------------------------------------------------------------------
Finished Loading Part and Timing Information : Time (s): cpu = 00:00:12 ; elapsed = 00:00:20 . Memory (MB): peak = 790.578 ; gain = 503.711
---------------------------------------------------------------------------------
---------------------------------------------------------------------------------
Start Applying 'set_property' XDC Constraints
---------------------------------------------------------------------------------
Applied set_property DONT_TOUCH = true for mips1/dmem1/MULTI_PORT_REG. (constraint file  auto generated constraint, line ).
---------------------------------------------------------------------------------
Finished applying 'set_property' XDC Constraints : Time (s): cpu = 00:00:12 ; elapsed = 00:00:20 . Memory (MB): peak = 790.578 ; gain = 503.711
---------------------------------------------------------------------------------
INFO: [Synth 8-5546] ROM "mem" won't be mapped to RAM because it is too sparse
INFO: [Synth 8-5818] HDL ADVISOR - The operator resource <adder> is shared. To prevent sharing consider applying a KEEP on the output of the operator [Z:/rrutherford20/CS-401-1-CompArch/CompArchFinal/Working_MP3/mips.srcs/sources_1/new/listAlu.vhd:40]
INFO: [Synth 8-5546] ROM "regWrite" won't be mapped to RAM because it is too sparse
INFO: [Synth 8-5546] ROM "internalmemWrite" won't be mapped to RAM because it is too sparse
INFO: [Synth 8-5546] ROM "v_end" won't be mapped to RAM because it is too sparse
INFO: [Synth 8-5546] ROM "h_end" won't be mapped to RAM because it is too sparse
---------------------------------------------------------------------------------
Finished RTL Optimization Phase 2 : Time (s): cpu = 00:00:13 ; elapsed = 00:00:22 . Memory (MB): peak = 790.578 ; gain = 503.711
---------------------------------------------------------------------------------

Report RTL Partitions: 
+-+--------------+------------+----------+
| |RTL Partition |Replication |Instances |
+-+--------------+------------+----------+
+-+--------------+------------+----------+
---------------------------------------------------------------------------------
Start RTL Component Statistics 
---------------------------------------------------------------------------------
Detailed RTL Component Info : 
+---Adders : 
	   2 Input     32 Bit       Adders := 7     
	   3 Input     32 Bit       Adders := 5     
	   2 Input     10 Bit       Adders := 2     
	   2 Input      2 Bit       Adders := 1     
+---XORs : 
	   2 Input     32 Bit         XORs := 4     
+---Registers : 
	               32 Bit    Registers := 5     
	               10 Bit    Registers := 2     
	                4 Bit    Registers := 1     
	                2 Bit    Registers := 1     
	                1 Bit    Registers := 5     
+---Muxes : 
	   2 Input    128 Bit        Muxes := 3     
	   2 Input     32 Bit        Muxes := 14    
	   4 Input     32 Bit        Muxes := 1     
	  65 Input     32 Bit        Muxes := 1     
	   8 Input     32 Bit        Muxes := 4     
	   3 Input     32 Bit        Muxes := 2     
	   2 Input     10 Bit        Muxes := 2     
	  12 Input      9 Bit        Muxes := 1     
	   2 Input      4 Bit        Muxes := 1     
	   2 Input      2 Bit        Muxes := 2     
	   2 Input      1 Bit        Muxes := 4     
---------------------------------------------------------------------------------
Finished RTL Component Statistics 
---------------------------------------------------------------------------------
---------------------------------------------------------------------------------
Start RTL Hierarchical Component Statistics 
---------------------------------------------------------------------------------
Hierarchical RTL Component report 
Module maindec 
Detailed RTL Component Info : 
+---Muxes : 
	  12 Input      9 Bit        Muxes := 1     
Module flopr 
Detailed RTL Component Info : 
+---Registers : 
	               32 Bit    Registers := 1     
Module adder 
Detailed RTL Component Info : 
+---Adders : 
	   2 Input     32 Bit       Adders := 1     
Module mux2 
Detailed RTL Component Info : 
+---Muxes : 
	   2 Input     32 Bit        Muxes := 1     
Module bit_reg 
Detailed RTL Component Info : 
+---Registers : 
	                1 Bit    Registers := 1     
Module regfile 
Detailed RTL Component Info : 
+---Muxes : 
	   2 Input     32 Bit        Muxes := 2     
Module signext 
Detailed RTL Component Info : 
+---Muxes : 
	   2 Input     32 Bit        Muxes := 1     
Module mips_alu 
Detailed RTL Component Info : 
+---Adders : 
	   3 Input     32 Bit       Adders := 1     
+---Muxes : 
	   2 Input     32 Bit        Muxes := 1     
	   4 Input     32 Bit        Muxes := 1     
Module imem 
Detailed RTL Component Info : 
+---Muxes : 
	  65 Input     32 Bit        Muxes := 1     
Module listRegFile 
Detailed RTL Component Info : 
+---Muxes : 
	   2 Input    128 Bit        Muxes := 2     
Module list_alu 
Detailed RTL Component Info : 
+---Adders : 
	   3 Input     32 Bit       Adders := 1     
+---XORs : 
	   2 Input     32 Bit         XORs := 1     
+---Muxes : 
	   2 Input     32 Bit        Muxes := 1     
	   8 Input     32 Bit        Muxes := 1     
Module ListProc 
Detailed RTL Component Info : 
+---Muxes : 
	   2 Input    128 Bit        Muxes := 1     
	   2 Input      1 Bit        Muxes := 2     
Module display_hex 
Detailed RTL Component Info : 
+---Muxes : 
	   2 Input      4 Bit        Muxes := 1     
Module vga_sync 
Detailed RTL Component Info : 
+---Adders : 
	   2 Input     10 Bit       Adders := 2     
	   2 Input      2 Bit       Adders := 1     
+---Registers : 
	               10 Bit    Registers := 2     
	                2 Bit    Registers := 1     
	                1 Bit    Registers := 2     
+---Muxes : 
	   2 Input     10 Bit        Muxes := 2     
	   2 Input      1 Bit        Muxes := 2     
Module vga_top 
Detailed RTL Component Info : 
+---Adders : 
	   2 Input     32 Bit       Adders := 5     
+---Registers : 
	               32 Bit    Registers := 4     
	                4 Bit    Registers := 1     
	                1 Bit    Registers := 2     
+---Muxes : 
	   2 Input     32 Bit        Muxes := 2     
	   3 Input     32 Bit        Muxes := 2     
	   2 Input      2 Bit        Muxes := 2     
---------------------------------------------------------------------------------
Finished RTL Hierarchical Component Statistics
---------------------------------------------------------------------------------
---------------------------------------------------------------------------------
Start Part Resource Summary
---------------------------------------------------------------------------------
Part Resources:
DSPs: 240 (col length:80)
BRAMs: 270 (col length: RAMB18 80 RAMB36 40)
---------------------------------------------------------------------------------
Finished Part Resource Summary
---------------------------------------------------------------------------------
---------------------------------------------------------------------------------
Start Cross Boundary and Area Optimization
---------------------------------------------------------------------------------
Warning: Parallel synthesis criteria is not met 
INFO: [Synth 8-5546] ROM "internalmemWrite" won't be mapped to RAM because it is too sparse
INFO: [Synth 8-5546] ROM "regWrite" won't be mapped to RAM because it is too sparse
INFO: [Synth 8-5546] ROM "vga_sync_unit/h_end" won't be mapped to RAM because it is too sparse
INFO: [Synth 8-5546] ROM "vga_sync_unit/v_end" won't be mapped to RAM because it is too sparse
WARNING: [Synth 8-3331] design ListProc has unconnected port reset
INFO: [Synth 8-3333] propagating constant 1 across sequential element (\vga/dir_y_reg[0] )
INFO: [Synth 8-3886] merging instance 'vga/dir_y_reg[1]' (FDSE) to 'vga/dir_y_reg[2]'
INFO: [Synth 8-3886] merging instance 'vga/dir_y_reg[2]' (FDSE) to 'vga/dir_y_reg[3]'
INFO: [Synth 8-3886] merging instance 'vga/dir_y_reg[3]' (FDSE) to 'vga/dir_y_reg[4]'
INFO: [Synth 8-3886] merging instance 'vga/dir_y_reg[4]' (FDSE) to 'vga/dir_y_reg[5]'
INFO: [Synth 8-3886] merging instance 'vga/dir_y_reg[5]' (FDSE) to 'vga/dir_y_reg[6]'
INFO: [Synth 8-3886] merging instance 'vga/dir_y_reg[6]' (FDSE) to 'vga/dir_y_reg[7]'
INFO: [Synth 8-3886] merging instance 'vga/dir_y_reg[7]' (FDSE) to 'vga/dir_y_reg[8]'
INFO: [Synth 8-3886] merging instance 'vga/dir_y_reg[8]' (FDSE) to 'vga/dir_y_reg[9]'
INFO: [Synth 8-3886] merging instance 'vga/dir_y_reg[9]' (FDSE) to 'vga/dir_y_reg[10]'
INFO: [Synth 8-3886] merging instance 'vga/dir_y_reg[10]' (FDSE) to 'vga/dir_y_reg[11]'
INFO: [Synth 8-3886] merging instance 'vga/dir_y_reg[11]' (FDSE) to 'vga/dir_y_reg[12]'
INFO: [Synth 8-3886] merging instance 'vga/dir_y_reg[12]' (FDSE) to 'vga/dir_y_reg[13]'
INFO: [Synth 8-3886] merging instance 'vga/dir_y_reg[13]' (FDSE) to 'vga/dir_y_reg[14]'
INFO: [Synth 8-3886] merging instance 'vga/dir_y_reg[14]' (FDSE) to 'vga/dir_y_reg[15]'
INFO: [Synth 8-3886] merging instance 'vga/dir_y_reg[15]' (FDSE) to 'vga/dir_y_reg[16]'
INFO: [Synth 8-3886] merging instance 'vga/dir_y_reg[16]' (FDSE) to 'vga/dir_y_reg[17]'
INFO: [Synth 8-3886] merging instance 'vga/dir_y_reg[17]' (FDSE) to 'vga/dir_y_reg[18]'
INFO: [Synth 8-3886] merging instance 'vga/dir_y_reg[18]' (FDSE) to 'vga/dir_y_reg[19]'
INFO: [Synth 8-3886] merging instance 'vga/dir_y_reg[19]' (FDSE) to 'vga/dir_y_reg[20]'
INFO: [Synth 8-3886] merging instance 'vga/dir_y_reg[20]' (FDSE) to 'vga/dir_y_reg[21]'
INFO: [Synth 8-3886] merging instance 'vga/dir_y_reg[21]' (FDSE) to 'vga/dir_y_reg[22]'
INFO: [Synth 8-3886] merging instance 'vga/dir_y_reg[22]' (FDSE) to 'vga/dir_y_reg[23]'
INFO: [Synth 8-3886] merging instance 'vga/dir_y_reg[23]' (FDSE) to 'vga/dir_y_reg[24]'
INFO: [Synth 8-3886] merging instance 'vga/dir_y_reg[24]' (FDSE) to 'vga/dir_y_reg[25]'
INFO: [Synth 8-3886] merging instance 'vga/dir_y_reg[25]' (FDSE) to 'vga/dir_y_reg[26]'
INFO: [Synth 8-3886] merging instance 'vga/dir_y_reg[26]' (FDSE) to 'vga/dir_y_reg[27]'
INFO: [Synth 8-3886] merging instance 'vga/dir_y_reg[27]' (FDSE) to 'vga/dir_y_reg[28]'
INFO: [Synth 8-3886] merging instance 'vga/dir_y_reg[28]' (FDSE) to 'vga/dir_y_reg[29]'
INFO: [Synth 8-3886] merging instance 'vga/dir_y_reg[29]' (FDSE) to 'vga/dir_y_reg[30]'
INFO: [Synth 8-3886] merging instance 'vga/dir_y_reg[30]' (FDSE) to 'vga/dir_y_reg[31]'
INFO: [Synth 8-3333] propagating constant 1 across sequential element (\vga/dir_x_reg[0] )
INFO: [Synth 8-3886] merging instance 'vga/dir_x_reg[1]' (FDSE) to 'vga/dir_x_reg[31]'
INFO: [Synth 8-3886] merging instance 'vga/dir_x_reg[2]' (FDSE) to 'vga/dir_x_reg[31]'
INFO: [Synth 8-3886] merging instance 'vga/dir_x_reg[3]' (FDSE) to 'vga/dir_x_reg[31]'
INFO: [Synth 8-3886] merging instance 'vga/dir_x_reg[4]' (FDSE) to 'vga/dir_x_reg[31]'
INFO: [Synth 8-3886] merging instance 'vga/dir_x_reg[5]' (FDSE) to 'vga/dir_x_reg[31]'
INFO: [Synth 8-3886] merging instance 'vga/dir_x_reg[6]' (FDSE) to 'vga/dir_x_reg[31]'
INFO: [Synth 8-3886] merging instance 'vga/dir_x_reg[7]' (FDSE) to 'vga/dir_x_reg[31]'
INFO: [Synth 8-3886] merging instance 'vga/dir_x_reg[8]' (FDSE) to 'vga/dir_x_reg[31]'
INFO: [Synth 8-3886] merging instance 'vga/dir_x_reg[9]' (FDSE) to 'vga/dir_x_reg[31]'
INFO: [Synth 8-3886] merging instance 'vga/dir_x_reg[10]' (FDSE) to 'vga/dir_x_reg[31]'
INFO: [Synth 8-3886] merging instance 'vga/dir_x_reg[11]' (FDSE) to 'vga/dir_x_reg[31]'
INFO: [Synth 8-3886] merging instance 'vga/dir_x_reg[12]' (FDSE) to 'vga/dir_x_reg[31]'
INFO: [Synth 8-3886] merging instance 'vga/dir_x_reg[13]' (FDSE) to 'vga/dir_x_reg[31]'
INFO: [Synth 8-3886] merging instance 'vga/dir_x_reg[14]' (FDSE) to 'vga/dir_x_reg[31]'
INFO: [Synth 8-3886] merging instance 'vga/dir_x_reg[15]' (FDSE) to 'vga/dir_x_reg[31]'
INFO: [Synth 8-3886] merging instance 'vga/dir_x_reg[16]' (FDSE) to 'vga/dir_x_reg[31]'
INFO: [Synth 8-3886] merging instance 'vga/dir_x_reg[17]' (FDSE) to 'vga/dir_x_reg[31]'
INFO: [Synth 8-3886] merging instance 'vga/dir_x_reg[18]' (FDSE) to 'vga/dir_x_reg[31]'
INFO: [Synth 8-3886] merging instance 'vga/dir_x_reg[19]' (FDSE) to 'vga/dir_x_reg[31]'
INFO: [Synth 8-3886] merging instance 'vga/dir_x_reg[20]' (FDSE) to 'vga/dir_x_reg[31]'
INFO: [Synth 8-3886] merging instance 'vga/dir_x_reg[21]' (FDSE) to 'vga/dir_x_reg[31]'
INFO: [Synth 8-3886] merging instance 'vga/dir_x_reg[22]' (FDSE) to 'vga/dir_x_reg[31]'
INFO: [Synth 8-3886] merging instance 'vga/dir_x_reg[23]' (FDSE) to 'vga/dir_x_reg[31]'
INFO: [Synth 8-3886] merging instance 'vga/dir_x_reg[24]' (FDSE) to 'vga/dir_x_reg[31]'
INFO: [Synth 8-3886] merging instance 'vga/dir_x_reg[25]' (FDSE) to 'vga/dir_x_reg[31]'
INFO: [Synth 8-3886] merging instance 'vga/dir_x_reg[26]' (FDSE) to 'vga/dir_x_reg[31]'
INFO: [Synth 8-3886] merging instance 'vga/dir_x_reg[27]' (FDSE) to 'vga/dir_x_reg[31]'
INFO: [Synth 8-3886] merging instance 'vga/dir_x_reg[28]' (FDSE) to 'vga/dir_x_reg[31]'
INFO: [Synth 8-3886] merging instance 'vga/dir_x_reg[29]' (FDSE) to 'vga/dir_x_reg[31]'
INFO: [Synth 8-3886] merging instance 'vga/dir_x_reg[30]' (FDSE) to 'vga/dir_x_reg[31]'
INFO: [Synth 8-3886] merging instance 'vga/red_reg_reg[0]' (FDR) to 'vga/red_reg_reg[3]'
INFO: [Synth 8-3886] merging instance 'vga/red_reg_reg[1]' (FDR) to 'vga/red_reg_reg[3]'
INFO: [Synth 8-3886] merging instance 'vga/red_reg_reg[2]' (FDR) to 'vga/red_reg_reg[3]'
WARNING: [Synth 8-3332] Sequential element (vga/dir_x_reg[0]) is unused and will be removed from module computer_top.
WARNING: [Synth 8-3332] Sequential element (vga/dir_y_reg[0]) is unused and will be removed from module computer_top.
---------------------------------------------------------------------------------
Finished Cross Boundary and Area Optimization : Time (s): cpu = 00:00:16 ; elapsed = 00:00:27 . Memory (MB): peak = 790.578 ; gain = 503.711
---------------------------------------------------------------------------------
---------------------------------------------------------------------------------
Start ROM, RAM, DSP and Shift Register Reporting
---------------------------------------------------------------------------------

Distributed RAM: Preliminary Mapping  Report (see note below)
+-------------+--------------------------------------+-----------+----------------------+------------------+
|Module Name  | RTL Object                           | Inference | Size (Depth x Width) | Primitives       | 
+-------------+--------------------------------------+-----------+----------------------+------------------+
|computer_top | mips1/mips1/dp/rf/mem_reg            | Implied   | 32 x 32              | RAM32X1D x 32    | 
|computer_top | mips1/listProcessor/listRegs/mem_reg | Implied   | 32 x 128             | RAM32X1D x 128   | 
+-------------+--------------------------------------+-----------+----------------------+------------------+

Note: The table above is a preliminary report that shows the Distributed RAMs at the current stage of the synthesis flow. Some Distributed RAMs may be reimplemented as non Distributed RAM primitives later in the synthesis flow. Multiple instantiated RAMs are reported only once.
---------------------------------------------------------------------------------
Finished ROM, RAM, DSP and Shift Register Reporting
---------------------------------------------------------------------------------

Report RTL Partitions: 
+-+--------------+------------+----------+
| |RTL Partition |Replication |Instances |
+-+--------------+------------+----------+
+-+--------------+------------+----------+
---------------------------------------------------------------------------------
Start Applying XDC Timing Constraints
---------------------------------------------------------------------------------
---------------------------------------------------------------------------------
Finished Applying XDC Timing Constraints : Time (s): cpu = 00:00:24 ; elapsed = 00:00:37 . Memory (MB): peak = 790.578 ; gain = 503.711
---------------------------------------------------------------------------------
---------------------------------------------------------------------------------
Start Timing Optimization
---------------------------------------------------------------------------------
---------------------------------------------------------------------------------
Finished Timing Optimization : Time (s): cpu = 00:00:24 ; elapsed = 00:00:37 . Memory (MB): peak = 790.578 ; gain = 503.711
---------------------------------------------------------------------------------
---------------------------------------------------------------------------------
Start ROM, RAM, DSP and Shift Register Reporting
---------------------------------------------------------------------------------

Distributed RAM: Final Mapping  Report
+-------------+--------------------------------------+-----------+----------------------+------------------+
|Module Name  | RTL Object                           | Inference | Size (Depth x Width) | Primitives       | 
+-------------+--------------------------------------+-----------+----------------------+------------------+
|computer_top | mips1/mips1/dp/rf/mem_reg            | Implied   | 32 x 32              | RAM32X1D x 32    | 
|computer_top | mips1/listProcessor/listRegs/mem_reg | Implied   | 32 x 128             | RAM32X1D x 128   | 
+-------------+--------------------------------------+-----------+----------------------+------------------+

---------------------------------------------------------------------------------
Finished ROM, RAM, DSP and Shift Register Reporting
---------------------------------------------------------------------------------

Report RTL Partitions: 
+-+--------------+------------+----------+
| |RTL Partition |Replication |Instances |
+-+--------------+------------+----------+
+-+--------------+------------+----------+
---------------------------------------------------------------------------------
Start Technology Mapping
---------------------------------------------------------------------------------
---------------------------------------------------------------------------------
Finished Technology Mapping : Time (s): cpu = 00:00:24 ; elapsed = 00:00:37 . Memory (MB): peak = 797.988 ; gain = 511.121
---------------------------------------------------------------------------------

Report RTL Partitions: 
+-+--------------+------------+----------+
| |RTL Partition |Replication |Instances |
+-+--------------+------------+----------+
+-+--------------+------------+----------+
---------------------------------------------------------------------------------
Start IO Insertion
---------------------------------------------------------------------------------
---------------------------------------------------------------------------------
Start Flattening Before IO Insertion
---------------------------------------------------------------------------------
---------------------------------------------------------------------------------
Finished Flattening Before IO Insertion
---------------------------------------------------------------------------------
---------------------------------------------------------------------------------
Start Final Netlist Cleanup
---------------------------------------------------------------------------------
---------------------------------------------------------------------------------
Finished Final Netlist Cleanup
---------------------------------------------------------------------------------
---------------------------------------------------------------------------------
Finished IO Insertion : Time (s): cpu = 00:00:26 ; elapsed = 00:00:38 . Memory (MB): peak = 797.988 ; gain = 511.121
---------------------------------------------------------------------------------

Report Check Netlist: 
+------+------------------+-------+---------+-------+------------------+
|      |Item              |Errors |Warnings |Status |Description       |
+------+------------------+-------+---------+-------+------------------+
|1     |multi_driven_nets |      0|        0|Passed |Multi driven nets |
+------+------------------+-------+---------+-------+------------------+
---------------------------------------------------------------------------------
Start Renaming Generated Instances
---------------------------------------------------------------------------------
---------------------------------------------------------------------------------
Finished Renaming Generated Instances : Time (s): cpu = 00:00:26 ; elapsed = 00:00:38 . Memory (MB): peak = 797.988 ; gain = 511.121
---------------------------------------------------------------------------------

Report RTL Partitions: 
+-+--------------+------------+----------+
| |RTL Partition |Replication |Instances |
+-+--------------+------------+----------+
+-+--------------+------------+----------+
---------------------------------------------------------------------------------
Start Rebuilding User Hierarchy
---------------------------------------------------------------------------------
---------------------------------------------------------------------------------
Finished Rebuilding User Hierarchy : Time (s): cpu = 00:00:26 ; elapsed = 00:00:38 . Memory (MB): peak = 797.988 ; gain = 511.121
---------------------------------------------------------------------------------
---------------------------------------------------------------------------------
Start Renaming Generated Ports
---------------------------------------------------------------------------------
---------------------------------------------------------------------------------
Finished Renaming Generated Ports : Time (s): cpu = 00:00:26 ; elapsed = 00:00:39 . Memory (MB): peak = 797.988 ; gain = 511.121
---------------------------------------------------------------------------------
---------------------------------------------------------------------------------
Start Handling Custom Attributes
---------------------------------------------------------------------------------
---------------------------------------------------------------------------------
Finished Handling Custom Attributes : Time (s): cpu = 00:00:26 ; elapsed = 00:00:39 . Memory (MB): peak = 797.988 ; gain = 511.121
---------------------------------------------------------------------------------
---------------------------------------------------------------------------------
Start Renaming Generated Nets
---------------------------------------------------------------------------------
---------------------------------------------------------------------------------
Finished Renaming Generated Nets : Time (s): cpu = 00:00:26 ; elapsed = 00:00:39 . Memory (MB): peak = 797.988 ; gain = 511.121
---------------------------------------------------------------------------------
---------------------------------------------------------------------------------
Start Writing Synthesis Report
---------------------------------------------------------------------------------

Report BlackBoxes: 
+------+--------------+----------+
|      |BlackBox name |Instances |
+------+--------------+----------+
|1     |dual_port_ram |         1|
+------+--------------+----------+

Report Cell Usage: 
+------+---------------------+------+
|      |Cell                 |Count |
+------+---------------------+------+
|1     |dual_port_ram_bbox_0 |     1|
|2     |BUFG                 |     4|
|3     |CARRY4               |   147|
|4     |LUT1                 |    33|
|5     |LUT2                 |   540|
|6     |LUT3                 |   151|
|7     |LUT4                 |   210|
|8     |LUT5                 |    19|
|9     |LUT6                 |   110|
|10    |RAM32X1D             |   160|
|11    |FDCE                 |    32|
|12    |FDRE                 |   107|
|13    |FDSE                 |    14|
|14    |IBUF                 |     2|
|15    |OBUF                 |    34|
+------+---------------------+------+

Report Instance Areas: 
+------+------------------+------------+------+
|      |Instance          |Module      |Cells |
+------+------------------+------------+------+
|1     |top               |            |  1723|
|2     |  display         |display_hex |    35|
|3     |  mips1           |mips_top    |  1059|
|4     |    dmem1         |dmem        |   288|
|5     |    listProcessor |ListProc    |   412|
|6     |      alus        |alu_block   |    32|
|7     |        alu0      |list_alu    |     8|
|8     |        alu1      |list_alu_1  |     8|
|9     |        alu2      |list_alu_2  |     8|
|10    |        alu3      |list_alu_3  |     8|
|11    |      listRegs    |listRegFile |   380|
|12    |    mips1         |mips        |   359|
|13    |      dp          |datapath    |   359|
|14    |        mainalu   |mips_alu    |    17|
|15    |        pcadd1    |adder       |     2|
|16    |        pcadd2    |adder_0     |     2|
|17    |        pcreg     |flopr       |   273|
|18    |        rf        |regfile     |    64|
|19    |        zreg      |bit_reg     |     1|
|20    |  vga             |vga_top     |   589|
|21    |    vga_sync_unit |vga_sync    |   103|
+------+------------------+------------+------+
---------------------------------------------------------------------------------
Finished Writing Synthesis Report : Time (s): cpu = 00:00:26 ; elapsed = 00:00:39 . Memory (MB): peak = 797.988 ; gain = 511.121
---------------------------------------------------------------------------------
Synthesis finished with 0 errors, 0 critical warnings and 3 warnings.
Synthesis Optimization Runtime : Time (s): cpu = 00:00:16 ; elapsed = 00:00:28 . Memory (MB): peak = 797.988 ; gain = 162.883
Synthesis Optimization Complete : Time (s): cpu = 00:00:26 ; elapsed = 00:00:39 . Memory (MB): peak = 797.988 ; gain = 511.121
INFO: [Project 1-571] Translating synthesized netlist
INFO: [Netlist 29-17] Analyzing 309 Unisim elements for replacement
INFO: [Netlist 29-28] Unisim Transformation completed in 1 CPU seconds
INFO: [Project 1-570] Preparing netlist for logic optimization
INFO: [Opt 31-138] Pushed 0 inverter(s) to 0 load pin(s).
INFO: [Project 1-111] Unisim Transformation Summary:
  A total of 160 instances were transformed.
  RAM32X1D => RAM32X1D (RAMD32, RAMD32): 160 instances

INFO: [Common 17-83] Releasing license: Synthesis
165 Infos, 28 Warnings, 0 Critical Warnings and 0 Errors encountered.
synth_design completed successfully
synth_design: Time (s): cpu = 00:00:29 ; elapsed = 00:00:43 . Memory (MB): peak = 804.234 ; gain = 528.836
WARNING: [Constraints 18-5210] No constraint will be written out.
INFO: [Common 17-1381] The checkpoint 'Z:/rrutherford20/CS-401-1-CompArch/CompArchFinal/Working_MP3/mips.runs/synth_1/computer_top.dcp' has been generated.
INFO: [runtcl-4] Executing : report_utilization -file computer_top_utilization_synth.rpt -pb computer_top_utilization_synth.pb
report_utilization: Time (s): cpu = 00:00:00 ; elapsed = 00:00:00.055 . Memory (MB): peak = 804.234 ; gain = 0.000
INFO: [Common 17-206] Exiting Vivado at Fri May 10 10:05:33 2019...
