Copyright 1986-2018 Xilinx, Inc. All Rights Reserved.
--------------------------------------------------------------------------------------
| Tool Version : Vivado v.2018.2.1 (win64) Build 2288692 Thu Jul 26 18:24:02 MDT 2018
| Date         : Wed May  8 12:04:48 2019
| Host         : LAB-SCI-214-18 running 64-bit major release  (build 9200)
| Command      : report_control_sets -verbose -file top_control_sets_placed.rpt
| Design       : top
| Device       : xc7a100t
--------------------------------------------------------------------------------------

Control Set Information

Table of Contents
-----------------
1. Summary
2. Histogram
3. Flip-Flop Distribution
4. Detailed Control Set Information

1. Summary
----------

+----------------------------------------------------------+-------+
|                          Status                          | Count |
+----------------------------------------------------------+-------+
| Number of unique control sets                            |    10 |
| Unused register locations in slices containing registers |    48 |
+----------------------------------------------------------+-------+


2. Histogram
------------

+--------+--------------+
| Fanout | Control Sets |
+--------+--------------+
|      2 |            5 |
|      8 |            1 |
|     10 |            2 |
|    16+ |            2 |
+--------+--------------+


3. Flip-Flop Distribution
-------------------------

+--------------+-----------------------+------------------------+-----------------+--------------+
| Clock Enable | Synchronous Set/Reset | Asynchronous Set/Reset | Total Registers | Total Slices |
+--------------+-----------------------+------------------------+-----------------+--------------+
| No           | No                    | No                     |              46 |            9 |
| No           | No                    | Yes                    |               0 |            0 |
| No           | Yes                   | No                     |               0 |            0 |
| Yes          | No                    | No                     |               8 |            4 |
| Yes          | No                    | Yes                    |               0 |            0 |
| Yes          | Yes                   | No                     |              18 |            2 |
+--------------+-----------------------+------------------------+-----------------+--------------+


4. Detailed Control Set Information
-----------------------------------

+--------------------------------+------------------------------------+--------------------------------+------------------+----------------+
|          Clock Signal          |            Enable Signal           |        Set/Reset Signal        | Slice Load Count | Bel Load Count |
+--------------------------------+------------------------------------+--------------------------------+------------------+----------------+
|  CLK50MHZ                      | keyboard/debouncer/o0_i_1_n_0      |                                |                1 |              2 |
|  CLK50MHZ                      | keyboard/debouncer/Iv1_i_1_n_0     |                                |                1 |              2 |
|  CLK50MHZ                      | keyboard/debouncer/o1_i_1_n_0      |                                |                1 |              2 |
|  CLK50MHZ                      | keyboard/debouncer/clear           |                                |                1 |              2 |
|  CLK100MHZ_IBUF_BUFG           |                                    |                                |                1 |              2 |
| ~keyboard/debouncer/cnt_reg[3] | keyboard/leqOp__0                  | keyboard/cnt                   |                1 |              8 |
|  CLK50MHZ                      |                                    |                                |                2 |             10 |
|  CLK50MHZ                      | keyboard/debouncer/cnt1[4]_i_1_n_0 | keyboard/debouncer/Iv1_i_1_n_0 |                1 |             10 |
|  keyboard/flag                 |                                    |                                |                3 |             16 |
| ~keyboard/debouncer/cnt_reg[3] |                                    |                                |                3 |             18 |
+--------------------------------+------------------------------------+--------------------------------+------------------+----------------+


