Copyright 1986-2018 Xilinx, Inc. All Rights Reserved.
--------------------------------------------------------------------------------------------------------------------------------------------------------------------------
| Tool Version : Vivado v.2018.2.1 (win64) Build 2288692 Thu Jul 26 18:24:02 MDT 2018
| Date         : Thu May  9 12:49:45 2019
| Host         : LAB-SCI-214-17 running 64-bit major release  (build 9200)
| Command      : report_methodology -file computer_top_methodology_drc_routed.rpt -pb computer_top_methodology_drc_routed.pb -rpx computer_top_methodology_drc_routed.rpx
| Design       : computer_top
| Device       : xc7a100tcsg324-1
| Speed File   : -1
| Design State : Routed
--------------------------------------------------------------------------------------------------------------------------------------------------------------------------

Report Methodology

Table of Contents
-----------------
1. REPORT SUMMARY
2. REPORT DETAILS

1. REPORT SUMMARY
-----------------
            Netlist: netlist
          Floorplan: design_1
      Design limits: <entire design considered>
             Max violations: <unlimited>
             Violations found: 365
+-----------+----------+-----------------------------+------------+
| Rule      | Severity | Description                 | Violations |
+-----------+----------+-----------------------------+------------+
| TIMING-17 | Warning  | Non-clocked sequential cell | 365        |
+-----------+----------+-----------------------------+------------+

2. REPORT DETAILS
-----------------
TIMING-17#1 Warning
Non-clocked sequential cell  
The clock pin display/clkdiv_reg[0]/C is not reached by a timing clock
Related violations: <none>

TIMING-17#2 Warning
Non-clocked sequential cell  
The clock pin display/clkdiv_reg[10]/C is not reached by a timing clock
Related violations: <none>

TIMING-17#3 Warning
Non-clocked sequential cell  
The clock pin display/clkdiv_reg[11]/C is not reached by a timing clock
Related violations: <none>

TIMING-17#4 Warning
Non-clocked sequential cell  
The clock pin display/clkdiv_reg[12]/C is not reached by a timing clock
Related violations: <none>

TIMING-17#5 Warning
Non-clocked sequential cell  
The clock pin display/clkdiv_reg[13]/C is not reached by a timing clock
Related violations: <none>

TIMING-17#6 Warning
Non-clocked sequential cell  
The clock pin display/clkdiv_reg[14]/C is not reached by a timing clock
Related violations: <none>

TIMING-17#7 Warning
Non-clocked sequential cell  
The clock pin display/clkdiv_reg[15]/C is not reached by a timing clock
Related violations: <none>

TIMING-17#8 Warning
Non-clocked sequential cell  
The clock pin display/clkdiv_reg[16]/C is not reached by a timing clock
Related violations: <none>

TIMING-17#9 Warning
Non-clocked sequential cell  
The clock pin display/clkdiv_reg[17]/C is not reached by a timing clock
Related violations: <none>

TIMING-17#10 Warning
Non-clocked sequential cell  
The clock pin display/clkdiv_reg[18]/C is not reached by a timing clock
Related violations: <none>

TIMING-17#11 Warning
Non-clocked sequential cell  
The clock pin display/clkdiv_reg[19]/C is not reached by a timing clock
Related violations: <none>

TIMING-17#12 Warning
Non-clocked sequential cell  
The clock pin display/clkdiv_reg[1]/C is not reached by a timing clock
Related violations: <none>

TIMING-17#13 Warning
Non-clocked sequential cell  
The clock pin display/clkdiv_reg[20]/C is not reached by a timing clock
Related violations: <none>

TIMING-17#14 Warning
Non-clocked sequential cell  
The clock pin display/clkdiv_reg[21]/C is not reached by a timing clock
Related violations: <none>

TIMING-17#15 Warning
Non-clocked sequential cell  
The clock pin display/clkdiv_reg[22]/C is not reached by a timing clock
Related violations: <none>

TIMING-17#16 Warning
Non-clocked sequential cell  
The clock pin display/clkdiv_reg[23]/C is not reached by a timing clock
Related violations: <none>

TIMING-17#17 Warning
Non-clocked sequential cell  
The clock pin display/clkdiv_reg[24]/C is not reached by a timing clock
Related violations: <none>

TIMING-17#18 Warning
Non-clocked sequential cell  
The clock pin display/clkdiv_reg[25]/C is not reached by a timing clock
Related violations: <none>

TIMING-17#19 Warning
Non-clocked sequential cell  
The clock pin display/clkdiv_reg[26]/C is not reached by a timing clock
Related violations: <none>

TIMING-17#20 Warning
Non-clocked sequential cell  
The clock pin display/clkdiv_reg[27]/C is not reached by a timing clock
Related violations: <none>

TIMING-17#21 Warning
Non-clocked sequential cell  
The clock pin display/clkdiv_reg[2]/C is not reached by a timing clock
Related violations: <none>

TIMING-17#22 Warning
Non-clocked sequential cell  
The clock pin display/clkdiv_reg[3]/C is not reached by a timing clock
Related violations: <none>

TIMING-17#23 Warning
Non-clocked sequential cell  
The clock pin display/clkdiv_reg[4]/C is not reached by a timing clock
Related violations: <none>

TIMING-17#24 Warning
Non-clocked sequential cell  
The clock pin display/clkdiv_reg[5]/C is not reached by a timing clock
Related violations: <none>

TIMING-17#25 Warning
Non-clocked sequential cell  
The clock pin display/clkdiv_reg[6]/C is not reached by a timing clock
Related violations: <none>

TIMING-17#26 Warning
Non-clocked sequential cell  
The clock pin display/clkdiv_reg[7]/C is not reached by a timing clock
Related violations: <none>

TIMING-17#27 Warning
Non-clocked sequential cell  
The clock pin display/clkdiv_reg[8]/C is not reached by a timing clock
Related violations: <none>

TIMING-17#28 Warning
Non-clocked sequential cell  
The clock pin display/clkdiv_reg[9]/C is not reached by a timing clock
Related violations: <none>

TIMING-17#29 Warning
Non-clocked sequential cell  
The clock pin mips1/dmem1/MULTI_PORT_REG/U0/inst_blk_mem_gen/gnbram.gnativebmg.native_blk_mem_gen/valid.cstr/ramloop[0].ram.r/prim_init.ram/DEVICE_7SERIES.NO_BMM_INFO.TRUE_DP.SIMPLE_PRIM36.ram/CLKARDCLK is not reached by a timing clock
Related violations: <none>

TIMING-17#30 Warning
Non-clocked sequential cell  
The clock pin mips1/dmem1/MULTI_PORT_REG/U0/inst_blk_mem_gen/gnbram.gnativebmg.native_blk_mem_gen/valid.cstr/ramloop[0].ram.r/prim_init.ram/DEVICE_7SERIES.NO_BMM_INFO.TRUE_DP.SIMPLE_PRIM36.ram/CLKBWRCLK is not reached by a timing clock
Related violations: <none>

TIMING-17#31 Warning
Non-clocked sequential cell  
The clock pin mips1/dmem1/MULTI_PORT_REG/U0/inst_blk_mem_gen/gnbram.gnativebmg.native_blk_mem_gen/valid.cstr/ramloop[1].ram.r/prim_init.ram/DEVICE_7SERIES.NO_BMM_INFO.TRUE_DP.SIMPLE_PRIM36.ram/CLKARDCLK is not reached by a timing clock
Related violations: <none>

TIMING-17#32 Warning
Non-clocked sequential cell  
The clock pin mips1/dmem1/MULTI_PORT_REG/U0/inst_blk_mem_gen/gnbram.gnativebmg.native_blk_mem_gen/valid.cstr/ramloop[1].ram.r/prim_init.ram/DEVICE_7SERIES.NO_BMM_INFO.TRUE_DP.SIMPLE_PRIM36.ram/CLKBWRCLK is not reached by a timing clock
Related violations: <none>

TIMING-17#33 Warning
Non-clocked sequential cell  
The clock pin mips1/dmem1/MULTI_PORT_REG/U0/inst_blk_mem_gen/gnbram.gnativebmg.native_blk_mem_gen/valid.cstr/ramloop[2].ram.r/prim_init.ram/DEVICE_7SERIES.NO_BMM_INFO.TRUE_DP.SIMPLE_PRIM36.ram/CLKARDCLK is not reached by a timing clock
Related violations: <none>

TIMING-17#34 Warning
Non-clocked sequential cell  
The clock pin mips1/dmem1/MULTI_PORT_REG/U0/inst_blk_mem_gen/gnbram.gnativebmg.native_blk_mem_gen/valid.cstr/ramloop[2].ram.r/prim_init.ram/DEVICE_7SERIES.NO_BMM_INFO.TRUE_DP.SIMPLE_PRIM36.ram/CLKBWRCLK is not reached by a timing clock
Related violations: <none>

TIMING-17#35 Warning
Non-clocked sequential cell  
The clock pin mips1/dmem1/MULTI_PORT_REG/U0/inst_blk_mem_gen/gnbram.gnativebmg.native_blk_mem_gen/valid.cstr/ramloop[3].ram.r/prim_init.ram/DEVICE_7SERIES.NO_BMM_INFO.TRUE_DP.SIMPLE_PRIM36.ram/CLKARDCLK is not reached by a timing clock
Related violations: <none>

TIMING-17#36 Warning
Non-clocked sequential cell  
The clock pin mips1/dmem1/MULTI_PORT_REG/U0/inst_blk_mem_gen/gnbram.gnativebmg.native_blk_mem_gen/valid.cstr/ramloop[3].ram.r/prim_init.ram/DEVICE_7SERIES.NO_BMM_INFO.TRUE_DP.SIMPLE_PRIM36.ram/CLKBWRCLK is not reached by a timing clock
Related violations: <none>

TIMING-17#37 Warning
Non-clocked sequential cell  
The clock pin mips1/listProcessor/listRegs/mem_reg_0_31_0_0/DP/CLK is not reached by a timing clock
Related violations: <none>

TIMING-17#38 Warning
Non-clocked sequential cell  
The clock pin mips1/listProcessor/listRegs/mem_reg_0_31_0_0/SP/CLK is not reached by a timing clock
Related violations: <none>

TIMING-17#39 Warning
Non-clocked sequential cell  
The clock pin mips1/listProcessor/listRegs/mem_reg_0_31_100_100/DP/CLK is not reached by a timing clock
Related violations: <none>

TIMING-17#40 Warning
Non-clocked sequential cell  
The clock pin mips1/listProcessor/listRegs/mem_reg_0_31_100_100/SP/CLK is not reached by a timing clock
Related violations: <none>

TIMING-17#41 Warning
Non-clocked sequential cell  
The clock pin mips1/listProcessor/listRegs/mem_reg_0_31_101_101/DP/CLK is not reached by a timing clock
Related violations: <none>

TIMING-17#42 Warning
Non-clocked sequential cell  
The clock pin mips1/listProcessor/listRegs/mem_reg_0_31_101_101/SP/CLK is not reached by a timing clock
Related violations: <none>

TIMING-17#43 Warning
Non-clocked sequential cell  
The clock pin mips1/listProcessor/listRegs/mem_reg_0_31_102_102/DP/CLK is not reached by a timing clock
Related violations: <none>

TIMING-17#44 Warning
Non-clocked sequential cell  
The clock pin mips1/listProcessor/listRegs/mem_reg_0_31_102_102/SP/CLK is not reached by a timing clock
Related violations: <none>

TIMING-17#45 Warning
Non-clocked sequential cell  
The clock pin mips1/listProcessor/listRegs/mem_reg_0_31_103_103/DP/CLK is not reached by a timing clock
Related violations: <none>

TIMING-17#46 Warning
Non-clocked sequential cell  
The clock pin mips1/listProcessor/listRegs/mem_reg_0_31_103_103/SP/CLK is not reached by a timing clock
Related violations: <none>

TIMING-17#47 Warning
Non-clocked sequential cell  
The clock pin mips1/listProcessor/listRegs/mem_reg_0_31_104_104/DP/CLK is not reached by a timing clock
Related violations: <none>

TIMING-17#48 Warning
Non-clocked sequential cell  
The clock pin mips1/listProcessor/listRegs/mem_reg_0_31_104_104/SP/CLK is not reached by a timing clock
Related violations: <none>

TIMING-17#49 Warning
Non-clocked sequential cell  
The clock pin mips1/listProcessor/listRegs/mem_reg_0_31_105_105/DP/CLK is not reached by a timing clock
Related violations: <none>

TIMING-17#50 Warning
Non-clocked sequential cell  
The clock pin mips1/listProcessor/listRegs/mem_reg_0_31_105_105/SP/CLK is not reached by a timing clock
Related violations: <none>

TIMING-17#51 Warning
Non-clocked sequential cell  
The clock pin mips1/listProcessor/listRegs/mem_reg_0_31_106_106/DP/CLK is not reached by a timing clock
Related violations: <none>

TIMING-17#52 Warning
Non-clocked sequential cell  
The clock pin mips1/listProcessor/listRegs/mem_reg_0_31_106_106/SP/CLK is not reached by a timing clock
Related violations: <none>

TIMING-17#53 Warning
Non-clocked sequential cell  
The clock pin mips1/listProcessor/listRegs/mem_reg_0_31_107_107/DP/CLK is not reached by a timing clock
Related violations: <none>

TIMING-17#54 Warning
Non-clocked sequential cell  
The clock pin mips1/listProcessor/listRegs/mem_reg_0_31_107_107/SP/CLK is not reached by a timing clock
Related violations: <none>

TIMING-17#55 Warning
Non-clocked sequential cell  
The clock pin mips1/listProcessor/listRegs/mem_reg_0_31_108_108/DP/CLK is not reached by a timing clock
Related violations: <none>

TIMING-17#56 Warning
Non-clocked sequential cell  
The clock pin mips1/listProcessor/listRegs/mem_reg_0_31_108_108/SP/CLK is not reached by a timing clock
Related violations: <none>

TIMING-17#57 Warning
Non-clocked sequential cell  
The clock pin mips1/listProcessor/listRegs/mem_reg_0_31_109_109/DP/CLK is not reached by a timing clock
Related violations: <none>

TIMING-17#58 Warning
Non-clocked sequential cell  
The clock pin mips1/listProcessor/listRegs/mem_reg_0_31_109_109/SP/CLK is not reached by a timing clock
Related violations: <none>

TIMING-17#59 Warning
Non-clocked sequential cell  
The clock pin mips1/listProcessor/listRegs/mem_reg_0_31_10_10/DP/CLK is not reached by a timing clock
Related violations: <none>

TIMING-17#60 Warning
Non-clocked sequential cell  
The clock pin mips1/listProcessor/listRegs/mem_reg_0_31_10_10/SP/CLK is not reached by a timing clock
Related violations: <none>

TIMING-17#61 Warning
Non-clocked sequential cell  
The clock pin mips1/listProcessor/listRegs/mem_reg_0_31_110_110/DP/CLK is not reached by a timing clock
Related violations: <none>

TIMING-17#62 Warning
Non-clocked sequential cell  
The clock pin mips1/listProcessor/listRegs/mem_reg_0_31_110_110/SP/CLK is not reached by a timing clock
Related violations: <none>

TIMING-17#63 Warning
Non-clocked sequential cell  
The clock pin mips1/listProcessor/listRegs/mem_reg_0_31_111_111/DP/CLK is not reached by a timing clock
Related violations: <none>

TIMING-17#64 Warning
Non-clocked sequential cell  
The clock pin mips1/listProcessor/listRegs/mem_reg_0_31_111_111/SP/CLK is not reached by a timing clock
Related violations: <none>

TIMING-17#65 Warning
Non-clocked sequential cell  
The clock pin mips1/listProcessor/listRegs/mem_reg_0_31_112_112/DP/CLK is not reached by a timing clock
Related violations: <none>

TIMING-17#66 Warning
Non-clocked sequential cell  
The clock pin mips1/listProcessor/listRegs/mem_reg_0_31_112_112/SP/CLK is not reached by a timing clock
Related violations: <none>

TIMING-17#67 Warning
Non-clocked sequential cell  
The clock pin mips1/listProcessor/listRegs/mem_reg_0_31_113_113/DP/CLK is not reached by a timing clock
Related violations: <none>

TIMING-17#68 Warning
Non-clocked sequential cell  
The clock pin mips1/listProcessor/listRegs/mem_reg_0_31_113_113/SP/CLK is not reached by a timing clock
Related violations: <none>

TIMING-17#69 Warning
Non-clocked sequential cell  
The clock pin mips1/listProcessor/listRegs/mem_reg_0_31_114_114/DP/CLK is not reached by a timing clock
Related violations: <none>

TIMING-17#70 Warning
Non-clocked sequential cell  
The clock pin mips1/listProcessor/listRegs/mem_reg_0_31_114_114/SP/CLK is not reached by a timing clock
Related violations: <none>

TIMING-17#71 Warning
Non-clocked sequential cell  
The clock pin mips1/listProcessor/listRegs/mem_reg_0_31_115_115/DP/CLK is not reached by a timing clock
Related violations: <none>

TIMING-17#72 Warning
Non-clocked sequential cell  
The clock pin mips1/listProcessor/listRegs/mem_reg_0_31_115_115/SP/CLK is not reached by a timing clock
Related violations: <none>

TIMING-17#73 Warning
Non-clocked sequential cell  
The clock pin mips1/listProcessor/listRegs/mem_reg_0_31_116_116/DP/CLK is not reached by a timing clock
Related violations: <none>

TIMING-17#74 Warning
Non-clocked sequential cell  
The clock pin mips1/listProcessor/listRegs/mem_reg_0_31_116_116/SP/CLK is not reached by a timing clock
Related violations: <none>

TIMING-17#75 Warning
Non-clocked sequential cell  
The clock pin mips1/listProcessor/listRegs/mem_reg_0_31_117_117/DP/CLK is not reached by a timing clock
Related violations: <none>

TIMING-17#76 Warning
Non-clocked sequential cell  
The clock pin mips1/listProcessor/listRegs/mem_reg_0_31_117_117/SP/CLK is not reached by a timing clock
Related violations: <none>

TIMING-17#77 Warning
Non-clocked sequential cell  
The clock pin mips1/listProcessor/listRegs/mem_reg_0_31_118_118/DP/CLK is not reached by a timing clock
Related violations: <none>

TIMING-17#78 Warning
Non-clocked sequential cell  
The clock pin mips1/listProcessor/listRegs/mem_reg_0_31_118_118/SP/CLK is not reached by a timing clock
Related violations: <none>

TIMING-17#79 Warning
Non-clocked sequential cell  
The clock pin mips1/listProcessor/listRegs/mem_reg_0_31_119_119/DP/CLK is not reached by a timing clock
Related violations: <none>

TIMING-17#80 Warning
Non-clocked sequential cell  
The clock pin mips1/listProcessor/listRegs/mem_reg_0_31_119_119/SP/CLK is not reached by a timing clock
Related violations: <none>

TIMING-17#81 Warning
Non-clocked sequential cell  
The clock pin mips1/listProcessor/listRegs/mem_reg_0_31_11_11/DP/CLK is not reached by a timing clock
Related violations: <none>

TIMING-17#82 Warning
Non-clocked sequential cell  
The clock pin mips1/listProcessor/listRegs/mem_reg_0_31_11_11/SP/CLK is not reached by a timing clock
Related violations: <none>

TIMING-17#83 Warning
Non-clocked sequential cell  
The clock pin mips1/listProcessor/listRegs/mem_reg_0_31_120_120/DP/CLK is not reached by a timing clock
Related violations: <none>

TIMING-17#84 Warning
Non-clocked sequential cell  
The clock pin mips1/listProcessor/listRegs/mem_reg_0_31_120_120/SP/CLK is not reached by a timing clock
Related violations: <none>

TIMING-17#85 Warning
Non-clocked sequential cell  
The clock pin mips1/listProcessor/listRegs/mem_reg_0_31_121_121/DP/CLK is not reached by a timing clock
Related violations: <none>

TIMING-17#86 Warning
Non-clocked sequential cell  
The clock pin mips1/listProcessor/listRegs/mem_reg_0_31_121_121/SP/CLK is not reached by a timing clock
Related violations: <none>

TIMING-17#87 Warning
Non-clocked sequential cell  
The clock pin mips1/listProcessor/listRegs/mem_reg_0_31_122_122/DP/CLK is not reached by a timing clock
Related violations: <none>

TIMING-17#88 Warning
Non-clocked sequential cell  
The clock pin mips1/listProcessor/listRegs/mem_reg_0_31_122_122/SP/CLK is not reached by a timing clock
Related violations: <none>

TIMING-17#89 Warning
Non-clocked sequential cell  
The clock pin mips1/listProcessor/listRegs/mem_reg_0_31_123_123/DP/CLK is not reached by a timing clock
Related violations: <none>

TIMING-17#90 Warning
Non-clocked sequential cell  
The clock pin mips1/listProcessor/listRegs/mem_reg_0_31_123_123/SP/CLK is not reached by a timing clock
Related violations: <none>

TIMING-17#91 Warning
Non-clocked sequential cell  
The clock pin mips1/listProcessor/listRegs/mem_reg_0_31_124_124/DP/CLK is not reached by a timing clock
Related violations: <none>

TIMING-17#92 Warning
Non-clocked sequential cell  
The clock pin mips1/listProcessor/listRegs/mem_reg_0_31_124_124/SP/CLK is not reached by a timing clock
Related violations: <none>

TIMING-17#93 Warning
Non-clocked sequential cell  
The clock pin mips1/listProcessor/listRegs/mem_reg_0_31_125_125/DP/CLK is not reached by a timing clock
Related violations: <none>

TIMING-17#94 Warning
Non-clocked sequential cell  
The clock pin mips1/listProcessor/listRegs/mem_reg_0_31_125_125/SP/CLK is not reached by a timing clock
Related violations: <none>

TIMING-17#95 Warning
Non-clocked sequential cell  
The clock pin mips1/listProcessor/listRegs/mem_reg_0_31_126_126/DP/CLK is not reached by a timing clock
Related violations: <none>

TIMING-17#96 Warning
Non-clocked sequential cell  
The clock pin mips1/listProcessor/listRegs/mem_reg_0_31_126_126/SP/CLK is not reached by a timing clock
Related violations: <none>

TIMING-17#97 Warning
Non-clocked sequential cell  
The clock pin mips1/listProcessor/listRegs/mem_reg_0_31_127_127/DP/CLK is not reached by a timing clock
Related violations: <none>

TIMING-17#98 Warning
Non-clocked sequential cell  
The clock pin mips1/listProcessor/listRegs/mem_reg_0_31_127_127/SP/CLK is not reached by a timing clock
Related violations: <none>

TIMING-17#99 Warning
Non-clocked sequential cell  
The clock pin mips1/listProcessor/listRegs/mem_reg_0_31_12_12/DP/CLK is not reached by a timing clock
Related violations: <none>

TIMING-17#100 Warning
Non-clocked sequential cell  
The clock pin mips1/listProcessor/listRegs/mem_reg_0_31_12_12/SP/CLK is not reached by a timing clock
Related violations: <none>

TIMING-17#101 Warning
Non-clocked sequential cell  
The clock pin mips1/listProcessor/listRegs/mem_reg_0_31_13_13/DP/CLK is not reached by a timing clock
Related violations: <none>

TIMING-17#102 Warning
Non-clocked sequential cell  
The clock pin mips1/listProcessor/listRegs/mem_reg_0_31_13_13/SP/CLK is not reached by a timing clock
Related violations: <none>

TIMING-17#103 Warning
Non-clocked sequential cell  
The clock pin mips1/listProcessor/listRegs/mem_reg_0_31_14_14/DP/CLK is not reached by a timing clock
Related violations: <none>

TIMING-17#104 Warning
Non-clocked sequential cell  
The clock pin mips1/listProcessor/listRegs/mem_reg_0_31_14_14/SP/CLK is not reached by a timing clock
Related violations: <none>

TIMING-17#105 Warning
Non-clocked sequential cell  
The clock pin mips1/listProcessor/listRegs/mem_reg_0_31_15_15/DP/CLK is not reached by a timing clock
Related violations: <none>

TIMING-17#106 Warning
Non-clocked sequential cell  
The clock pin mips1/listProcessor/listRegs/mem_reg_0_31_15_15/SP/CLK is not reached by a timing clock
Related violations: <none>

TIMING-17#107 Warning
Non-clocked sequential cell  
The clock pin mips1/listProcessor/listRegs/mem_reg_0_31_16_16/DP/CLK is not reached by a timing clock
Related violations: <none>

TIMING-17#108 Warning
Non-clocked sequential cell  
The clock pin mips1/listProcessor/listRegs/mem_reg_0_31_16_16/SP/CLK is not reached by a timing clock
Related violations: <none>

TIMING-17#109 Warning
Non-clocked sequential cell  
The clock pin mips1/listProcessor/listRegs/mem_reg_0_31_17_17/DP/CLK is not reached by a timing clock
Related violations: <none>

TIMING-17#110 Warning
Non-clocked sequential cell  
The clock pin mips1/listProcessor/listRegs/mem_reg_0_31_17_17/SP/CLK is not reached by a timing clock
Related violations: <none>

TIMING-17#111 Warning
Non-clocked sequential cell  
The clock pin mips1/listProcessor/listRegs/mem_reg_0_31_18_18/DP/CLK is not reached by a timing clock
Related violations: <none>

TIMING-17#112 Warning
Non-clocked sequential cell  
The clock pin mips1/listProcessor/listRegs/mem_reg_0_31_18_18/SP/CLK is not reached by a timing clock
Related violations: <none>

TIMING-17#113 Warning
Non-clocked sequential cell  
The clock pin mips1/listProcessor/listRegs/mem_reg_0_31_19_19/DP/CLK is not reached by a timing clock
Related violations: <none>

TIMING-17#114 Warning
Non-clocked sequential cell  
The clock pin mips1/listProcessor/listRegs/mem_reg_0_31_19_19/SP/CLK is not reached by a timing clock
Related violations: <none>

TIMING-17#115 Warning
Non-clocked sequential cell  
The clock pin mips1/listProcessor/listRegs/mem_reg_0_31_1_1/DP/CLK is not reached by a timing clock
Related violations: <none>

TIMING-17#116 Warning
Non-clocked sequential cell  
The clock pin mips1/listProcessor/listRegs/mem_reg_0_31_1_1/SP/CLK is not reached by a timing clock
Related violations: <none>

TIMING-17#117 Warning
Non-clocked sequential cell  
The clock pin mips1/listProcessor/listRegs/mem_reg_0_31_20_20/DP/CLK is not reached by a timing clock
Related violations: <none>

TIMING-17#118 Warning
Non-clocked sequential cell  
The clock pin mips1/listProcessor/listRegs/mem_reg_0_31_20_20/SP/CLK is not reached by a timing clock
Related violations: <none>

TIMING-17#119 Warning
Non-clocked sequential cell  
The clock pin mips1/listProcessor/listRegs/mem_reg_0_31_21_21/DP/CLK is not reached by a timing clock
Related violations: <none>

TIMING-17#120 Warning
Non-clocked sequential cell  
The clock pin mips1/listProcessor/listRegs/mem_reg_0_31_21_21/SP/CLK is not reached by a timing clock
Related violations: <none>

TIMING-17#121 Warning
Non-clocked sequential cell  
The clock pin mips1/listProcessor/listRegs/mem_reg_0_31_22_22/DP/CLK is not reached by a timing clock
Related violations: <none>

TIMING-17#122 Warning
Non-clocked sequential cell  
The clock pin mips1/listProcessor/listRegs/mem_reg_0_31_22_22/SP/CLK is not reached by a timing clock
Related violations: <none>

TIMING-17#123 Warning
Non-clocked sequential cell  
The clock pin mips1/listProcessor/listRegs/mem_reg_0_31_23_23/DP/CLK is not reached by a timing clock
Related violations: <none>

TIMING-17#124 Warning
Non-clocked sequential cell  
The clock pin mips1/listProcessor/listRegs/mem_reg_0_31_23_23/SP/CLK is not reached by a timing clock
Related violations: <none>

TIMING-17#125 Warning
Non-clocked sequential cell  
The clock pin mips1/listProcessor/listRegs/mem_reg_0_31_24_24/DP/CLK is not reached by a timing clock
Related violations: <none>

TIMING-17#126 Warning
Non-clocked sequential cell  
The clock pin mips1/listProcessor/listRegs/mem_reg_0_31_24_24/SP/CLK is not reached by a timing clock
Related violations: <none>

TIMING-17#127 Warning
Non-clocked sequential cell  
The clock pin mips1/listProcessor/listRegs/mem_reg_0_31_25_25/DP/CLK is not reached by a timing clock
Related violations: <none>

TIMING-17#128 Warning
Non-clocked sequential cell  
The clock pin mips1/listProcessor/listRegs/mem_reg_0_31_25_25/SP/CLK is not reached by a timing clock
Related violations: <none>

TIMING-17#129 Warning
Non-clocked sequential cell  
The clock pin mips1/listProcessor/listRegs/mem_reg_0_31_26_26/DP/CLK is not reached by a timing clock
Related violations: <none>

TIMING-17#130 Warning
Non-clocked sequential cell  
The clock pin mips1/listProcessor/listRegs/mem_reg_0_31_26_26/SP/CLK is not reached by a timing clock
Related violations: <none>

TIMING-17#131 Warning
Non-clocked sequential cell  
The clock pin mips1/listProcessor/listRegs/mem_reg_0_31_27_27/DP/CLK is not reached by a timing clock
Related violations: <none>

TIMING-17#132 Warning
Non-clocked sequential cell  
The clock pin mips1/listProcessor/listRegs/mem_reg_0_31_27_27/SP/CLK is not reached by a timing clock
Related violations: <none>

TIMING-17#133 Warning
Non-clocked sequential cell  
The clock pin mips1/listProcessor/listRegs/mem_reg_0_31_28_28/DP/CLK is not reached by a timing clock
Related violations: <none>

TIMING-17#134 Warning
Non-clocked sequential cell  
The clock pin mips1/listProcessor/listRegs/mem_reg_0_31_28_28/SP/CLK is not reached by a timing clock
Related violations: <none>

TIMING-17#135 Warning
Non-clocked sequential cell  
The clock pin mips1/listProcessor/listRegs/mem_reg_0_31_29_29/DP/CLK is not reached by a timing clock
Related violations: <none>

TIMING-17#136 Warning
Non-clocked sequential cell  
The clock pin mips1/listProcessor/listRegs/mem_reg_0_31_29_29/SP/CLK is not reached by a timing clock
Related violations: <none>

TIMING-17#137 Warning
Non-clocked sequential cell  
The clock pin mips1/listProcessor/listRegs/mem_reg_0_31_2_2/DP/CLK is not reached by a timing clock
Related violations: <none>

TIMING-17#138 Warning
Non-clocked sequential cell  
The clock pin mips1/listProcessor/listRegs/mem_reg_0_31_2_2/SP/CLK is not reached by a timing clock
Related violations: <none>

TIMING-17#139 Warning
Non-clocked sequential cell  
The clock pin mips1/listProcessor/listRegs/mem_reg_0_31_30_30/DP/CLK is not reached by a timing clock
Related violations: <none>

TIMING-17#140 Warning
Non-clocked sequential cell  
The clock pin mips1/listProcessor/listRegs/mem_reg_0_31_30_30/SP/CLK is not reached by a timing clock
Related violations: <none>

TIMING-17#141 Warning
Non-clocked sequential cell  
The clock pin mips1/listProcessor/listRegs/mem_reg_0_31_31_31/DP/CLK is not reached by a timing clock
Related violations: <none>

TIMING-17#142 Warning
Non-clocked sequential cell  
The clock pin mips1/listProcessor/listRegs/mem_reg_0_31_31_31/SP/CLK is not reached by a timing clock
Related violations: <none>

TIMING-17#143 Warning
Non-clocked sequential cell  
The clock pin mips1/listProcessor/listRegs/mem_reg_0_31_32_32/DP/CLK is not reached by a timing clock
Related violations: <none>

TIMING-17#144 Warning
Non-clocked sequential cell  
The clock pin mips1/listProcessor/listRegs/mem_reg_0_31_32_32/SP/CLK is not reached by a timing clock
Related violations: <none>

TIMING-17#145 Warning
Non-clocked sequential cell  
The clock pin mips1/listProcessor/listRegs/mem_reg_0_31_33_33/DP/CLK is not reached by a timing clock
Related violations: <none>

TIMING-17#146 Warning
Non-clocked sequential cell  
The clock pin mips1/listProcessor/listRegs/mem_reg_0_31_33_33/SP/CLK is not reached by a timing clock
Related violations: <none>

TIMING-17#147 Warning
Non-clocked sequential cell  
The clock pin mips1/listProcessor/listRegs/mem_reg_0_31_34_34/DP/CLK is not reached by a timing clock
Related violations: <none>

TIMING-17#148 Warning
Non-clocked sequential cell  
The clock pin mips1/listProcessor/listRegs/mem_reg_0_31_34_34/SP/CLK is not reached by a timing clock
Related violations: <none>

TIMING-17#149 Warning
Non-clocked sequential cell  
The clock pin mips1/listProcessor/listRegs/mem_reg_0_31_35_35/DP/CLK is not reached by a timing clock
Related violations: <none>

TIMING-17#150 Warning
Non-clocked sequential cell  
The clock pin mips1/listProcessor/listRegs/mem_reg_0_31_35_35/SP/CLK is not reached by a timing clock
Related violations: <none>

TIMING-17#151 Warning
Non-clocked sequential cell  
The clock pin mips1/listProcessor/listRegs/mem_reg_0_31_36_36/DP/CLK is not reached by a timing clock
Related violations: <none>

TIMING-17#152 Warning
Non-clocked sequential cell  
The clock pin mips1/listProcessor/listRegs/mem_reg_0_31_36_36/SP/CLK is not reached by a timing clock
Related violations: <none>

TIMING-17#153 Warning
Non-clocked sequential cell  
The clock pin mips1/listProcessor/listRegs/mem_reg_0_31_37_37/DP/CLK is not reached by a timing clock
Related violations: <none>

TIMING-17#154 Warning
Non-clocked sequential cell  
The clock pin mips1/listProcessor/listRegs/mem_reg_0_31_37_37/SP/CLK is not reached by a timing clock
Related violations: <none>

TIMING-17#155 Warning
Non-clocked sequential cell  
The clock pin mips1/listProcessor/listRegs/mem_reg_0_31_38_38/DP/CLK is not reached by a timing clock
Related violations: <none>

TIMING-17#156 Warning
Non-clocked sequential cell  
The clock pin mips1/listProcessor/listRegs/mem_reg_0_31_38_38/SP/CLK is not reached by a timing clock
Related violations: <none>

TIMING-17#157 Warning
Non-clocked sequential cell  
The clock pin mips1/listProcessor/listRegs/mem_reg_0_31_39_39/DP/CLK is not reached by a timing clock
Related violations: <none>

TIMING-17#158 Warning
Non-clocked sequential cell  
The clock pin mips1/listProcessor/listRegs/mem_reg_0_31_39_39/SP/CLK is not reached by a timing clock
Related violations: <none>

TIMING-17#159 Warning
Non-clocked sequential cell  
The clock pin mips1/listProcessor/listRegs/mem_reg_0_31_3_3/DP/CLK is not reached by a timing clock
Related violations: <none>

TIMING-17#160 Warning
Non-clocked sequential cell  
The clock pin mips1/listProcessor/listRegs/mem_reg_0_31_3_3/SP/CLK is not reached by a timing clock
Related violations: <none>

TIMING-17#161 Warning
Non-clocked sequential cell  
The clock pin mips1/listProcessor/listRegs/mem_reg_0_31_40_40/DP/CLK is not reached by a timing clock
Related violations: <none>

TIMING-17#162 Warning
Non-clocked sequential cell  
The clock pin mips1/listProcessor/listRegs/mem_reg_0_31_40_40/SP/CLK is not reached by a timing clock
Related violations: <none>

TIMING-17#163 Warning
Non-clocked sequential cell  
The clock pin mips1/listProcessor/listRegs/mem_reg_0_31_41_41/DP/CLK is not reached by a timing clock
Related violations: <none>

TIMING-17#164 Warning
Non-clocked sequential cell  
The clock pin mips1/listProcessor/listRegs/mem_reg_0_31_41_41/SP/CLK is not reached by a timing clock
Related violations: <none>

TIMING-17#165 Warning
Non-clocked sequential cell  
The clock pin mips1/listProcessor/listRegs/mem_reg_0_31_42_42/DP/CLK is not reached by a timing clock
Related violations: <none>

TIMING-17#166 Warning
Non-clocked sequential cell  
The clock pin mips1/listProcessor/listRegs/mem_reg_0_31_42_42/SP/CLK is not reached by a timing clock
Related violations: <none>

TIMING-17#167 Warning
Non-clocked sequential cell  
The clock pin mips1/listProcessor/listRegs/mem_reg_0_31_43_43/DP/CLK is not reached by a timing clock
Related violations: <none>

TIMING-17#168 Warning
Non-clocked sequential cell  
The clock pin mips1/listProcessor/listRegs/mem_reg_0_31_43_43/SP/CLK is not reached by a timing clock
Related violations: <none>

TIMING-17#169 Warning
Non-clocked sequential cell  
The clock pin mips1/listProcessor/listRegs/mem_reg_0_31_44_44/DP/CLK is not reached by a timing clock
Related violations: <none>

TIMING-17#170 Warning
Non-clocked sequential cell  
The clock pin mips1/listProcessor/listRegs/mem_reg_0_31_44_44/SP/CLK is not reached by a timing clock
Related violations: <none>

TIMING-17#171 Warning
Non-clocked sequential cell  
The clock pin mips1/listProcessor/listRegs/mem_reg_0_31_45_45/DP/CLK is not reached by a timing clock
Related violations: <none>

TIMING-17#172 Warning
Non-clocked sequential cell  
The clock pin mips1/listProcessor/listRegs/mem_reg_0_31_45_45/SP/CLK is not reached by a timing clock
Related violations: <none>

TIMING-17#173 Warning
Non-clocked sequential cell  
The clock pin mips1/listProcessor/listRegs/mem_reg_0_31_46_46/DP/CLK is not reached by a timing clock
Related violations: <none>

TIMING-17#174 Warning
Non-clocked sequential cell  
The clock pin mips1/listProcessor/listRegs/mem_reg_0_31_46_46/SP/CLK is not reached by a timing clock
Related violations: <none>

TIMING-17#175 Warning
Non-clocked sequential cell  
The clock pin mips1/listProcessor/listRegs/mem_reg_0_31_47_47/DP/CLK is not reached by a timing clock
Related violations: <none>

TIMING-17#176 Warning
Non-clocked sequential cell  
The clock pin mips1/listProcessor/listRegs/mem_reg_0_31_47_47/SP/CLK is not reached by a timing clock
Related violations: <none>

TIMING-17#177 Warning
Non-clocked sequential cell  
The clock pin mips1/listProcessor/listRegs/mem_reg_0_31_48_48/DP/CLK is not reached by a timing clock
Related violations: <none>

TIMING-17#178 Warning
Non-clocked sequential cell  
The clock pin mips1/listProcessor/listRegs/mem_reg_0_31_48_48/SP/CLK is not reached by a timing clock
Related violations: <none>

TIMING-17#179 Warning
Non-clocked sequential cell  
The clock pin mips1/listProcessor/listRegs/mem_reg_0_31_49_49/DP/CLK is not reached by a timing clock
Related violations: <none>

TIMING-17#180 Warning
Non-clocked sequential cell  
The clock pin mips1/listProcessor/listRegs/mem_reg_0_31_49_49/SP/CLK is not reached by a timing clock
Related violations: <none>

TIMING-17#181 Warning
Non-clocked sequential cell  
The clock pin mips1/listProcessor/listRegs/mem_reg_0_31_4_4/DP/CLK is not reached by a timing clock
Related violations: <none>

TIMING-17#182 Warning
Non-clocked sequential cell  
The clock pin mips1/listProcessor/listRegs/mem_reg_0_31_4_4/SP/CLK is not reached by a timing clock
Related violations: <none>

TIMING-17#183 Warning
Non-clocked sequential cell  
The clock pin mips1/listProcessor/listRegs/mem_reg_0_31_50_50/DP/CLK is not reached by a timing clock
Related violations: <none>

TIMING-17#184 Warning
Non-clocked sequential cell  
The clock pin mips1/listProcessor/listRegs/mem_reg_0_31_50_50/SP/CLK is not reached by a timing clock
Related violations: <none>

TIMING-17#185 Warning
Non-clocked sequential cell  
The clock pin mips1/listProcessor/listRegs/mem_reg_0_31_51_51/DP/CLK is not reached by a timing clock
Related violations: <none>

TIMING-17#186 Warning
Non-clocked sequential cell  
The clock pin mips1/listProcessor/listRegs/mem_reg_0_31_51_51/SP/CLK is not reached by a timing clock
Related violations: <none>

TIMING-17#187 Warning
Non-clocked sequential cell  
The clock pin mips1/listProcessor/listRegs/mem_reg_0_31_52_52/DP/CLK is not reached by a timing clock
Related violations: <none>

TIMING-17#188 Warning
Non-clocked sequential cell  
The clock pin mips1/listProcessor/listRegs/mem_reg_0_31_52_52/SP/CLK is not reached by a timing clock
Related violations: <none>

TIMING-17#189 Warning
Non-clocked sequential cell  
The clock pin mips1/listProcessor/listRegs/mem_reg_0_31_53_53/DP/CLK is not reached by a timing clock
Related violations: <none>

TIMING-17#190 Warning
Non-clocked sequential cell  
The clock pin mips1/listProcessor/listRegs/mem_reg_0_31_53_53/SP/CLK is not reached by a timing clock
Related violations: <none>

TIMING-17#191 Warning
Non-clocked sequential cell  
The clock pin mips1/listProcessor/listRegs/mem_reg_0_31_54_54/DP/CLK is not reached by a timing clock
Related violations: <none>

TIMING-17#192 Warning
Non-clocked sequential cell  
The clock pin mips1/listProcessor/listRegs/mem_reg_0_31_54_54/SP/CLK is not reached by a timing clock
Related violations: <none>

TIMING-17#193 Warning
Non-clocked sequential cell  
The clock pin mips1/listProcessor/listRegs/mem_reg_0_31_55_55/DP/CLK is not reached by a timing clock
Related violations: <none>

TIMING-17#194 Warning
Non-clocked sequential cell  
The clock pin mips1/listProcessor/listRegs/mem_reg_0_31_55_55/SP/CLK is not reached by a timing clock
Related violations: <none>

TIMING-17#195 Warning
Non-clocked sequential cell  
The clock pin mips1/listProcessor/listRegs/mem_reg_0_31_56_56/DP/CLK is not reached by a timing clock
Related violations: <none>

TIMING-17#196 Warning
Non-clocked sequential cell  
The clock pin mips1/listProcessor/listRegs/mem_reg_0_31_56_56/SP/CLK is not reached by a timing clock
Related violations: <none>

TIMING-17#197 Warning
Non-clocked sequential cell  
The clock pin mips1/listProcessor/listRegs/mem_reg_0_31_57_57/DP/CLK is not reached by a timing clock
Related violations: <none>

TIMING-17#198 Warning
Non-clocked sequential cell  
The clock pin mips1/listProcessor/listRegs/mem_reg_0_31_57_57/SP/CLK is not reached by a timing clock
Related violations: <none>

TIMING-17#199 Warning
Non-clocked sequential cell  
The clock pin mips1/listProcessor/listRegs/mem_reg_0_31_58_58/DP/CLK is not reached by a timing clock
Related violations: <none>

TIMING-17#200 Warning
Non-clocked sequential cell  
The clock pin mips1/listProcessor/listRegs/mem_reg_0_31_58_58/SP/CLK is not reached by a timing clock
Related violations: <none>

TIMING-17#201 Warning
Non-clocked sequential cell  
The clock pin mips1/listProcessor/listRegs/mem_reg_0_31_59_59/DP/CLK is not reached by a timing clock
Related violations: <none>

TIMING-17#202 Warning
Non-clocked sequential cell  
The clock pin mips1/listProcessor/listRegs/mem_reg_0_31_59_59/SP/CLK is not reached by a timing clock
Related violations: <none>

TIMING-17#203 Warning
Non-clocked sequential cell  
The clock pin mips1/listProcessor/listRegs/mem_reg_0_31_5_5/DP/CLK is not reached by a timing clock
Related violations: <none>

TIMING-17#204 Warning
Non-clocked sequential cell  
The clock pin mips1/listProcessor/listRegs/mem_reg_0_31_5_5/SP/CLK is not reached by a timing clock
Related violations: <none>

TIMING-17#205 Warning
Non-clocked sequential cell  
The clock pin mips1/listProcessor/listRegs/mem_reg_0_31_60_60/DP/CLK is not reached by a timing clock
Related violations: <none>

TIMING-17#206 Warning
Non-clocked sequential cell  
The clock pin mips1/listProcessor/listRegs/mem_reg_0_31_60_60/SP/CLK is not reached by a timing clock
Related violations: <none>

TIMING-17#207 Warning
Non-clocked sequential cell  
The clock pin mips1/listProcessor/listRegs/mem_reg_0_31_61_61/DP/CLK is not reached by a timing clock
Related violations: <none>

TIMING-17#208 Warning
Non-clocked sequential cell  
The clock pin mips1/listProcessor/listRegs/mem_reg_0_31_61_61/SP/CLK is not reached by a timing clock
Related violations: <none>

TIMING-17#209 Warning
Non-clocked sequential cell  
The clock pin mips1/listProcessor/listRegs/mem_reg_0_31_62_62/DP/CLK is not reached by a timing clock
Related violations: <none>

TIMING-17#210 Warning
Non-clocked sequential cell  
The clock pin mips1/listProcessor/listRegs/mem_reg_0_31_62_62/SP/CLK is not reached by a timing clock
Related violations: <none>

TIMING-17#211 Warning
Non-clocked sequential cell  
The clock pin mips1/listProcessor/listRegs/mem_reg_0_31_63_63/DP/CLK is not reached by a timing clock
Related violations: <none>

TIMING-17#212 Warning
Non-clocked sequential cell  
The clock pin mips1/listProcessor/listRegs/mem_reg_0_31_63_63/SP/CLK is not reached by a timing clock
Related violations: <none>

TIMING-17#213 Warning
Non-clocked sequential cell  
The clock pin mips1/listProcessor/listRegs/mem_reg_0_31_64_64/DP/CLK is not reached by a timing clock
Related violations: <none>

TIMING-17#214 Warning
Non-clocked sequential cell  
The clock pin mips1/listProcessor/listRegs/mem_reg_0_31_64_64/SP/CLK is not reached by a timing clock
Related violations: <none>

TIMING-17#215 Warning
Non-clocked sequential cell  
The clock pin mips1/listProcessor/listRegs/mem_reg_0_31_65_65/DP/CLK is not reached by a timing clock
Related violations: <none>

TIMING-17#216 Warning
Non-clocked sequential cell  
The clock pin mips1/listProcessor/listRegs/mem_reg_0_31_65_65/SP/CLK is not reached by a timing clock
Related violations: <none>

TIMING-17#217 Warning
Non-clocked sequential cell  
The clock pin mips1/listProcessor/listRegs/mem_reg_0_31_66_66/DP/CLK is not reached by a timing clock
Related violations: <none>

TIMING-17#218 Warning
Non-clocked sequential cell  
The clock pin mips1/listProcessor/listRegs/mem_reg_0_31_66_66/SP/CLK is not reached by a timing clock
Related violations: <none>

TIMING-17#219 Warning
Non-clocked sequential cell  
The clock pin mips1/listProcessor/listRegs/mem_reg_0_31_67_67/DP/CLK is not reached by a timing clock
Related violations: <none>

TIMING-17#220 Warning
Non-clocked sequential cell  
The clock pin mips1/listProcessor/listRegs/mem_reg_0_31_67_67/SP/CLK is not reached by a timing clock
Related violations: <none>

TIMING-17#221 Warning
Non-clocked sequential cell  
The clock pin mips1/listProcessor/listRegs/mem_reg_0_31_68_68/DP/CLK is not reached by a timing clock
Related violations: <none>

TIMING-17#222 Warning
Non-clocked sequential cell  
The clock pin mips1/listProcessor/listRegs/mem_reg_0_31_68_68/SP/CLK is not reached by a timing clock
Related violations: <none>

TIMING-17#223 Warning
Non-clocked sequential cell  
The clock pin mips1/listProcessor/listRegs/mem_reg_0_31_69_69/DP/CLK is not reached by a timing clock
Related violations: <none>

TIMING-17#224 Warning
Non-clocked sequential cell  
The clock pin mips1/listProcessor/listRegs/mem_reg_0_31_69_69/SP/CLK is not reached by a timing clock
Related violations: <none>

TIMING-17#225 Warning
Non-clocked sequential cell  
The clock pin mips1/listProcessor/listRegs/mem_reg_0_31_6_6/DP/CLK is not reached by a timing clock
Related violations: <none>

TIMING-17#226 Warning
Non-clocked sequential cell  
The clock pin mips1/listProcessor/listRegs/mem_reg_0_31_6_6/SP/CLK is not reached by a timing clock
Related violations: <none>

TIMING-17#227 Warning
Non-clocked sequential cell  
The clock pin mips1/listProcessor/listRegs/mem_reg_0_31_70_70/DP/CLK is not reached by a timing clock
Related violations: <none>

TIMING-17#228 Warning
Non-clocked sequential cell  
The clock pin mips1/listProcessor/listRegs/mem_reg_0_31_70_70/SP/CLK is not reached by a timing clock
Related violations: <none>

TIMING-17#229 Warning
Non-clocked sequential cell  
The clock pin mips1/listProcessor/listRegs/mem_reg_0_31_71_71/DP/CLK is not reached by a timing clock
Related violations: <none>

TIMING-17#230 Warning
Non-clocked sequential cell  
The clock pin mips1/listProcessor/listRegs/mem_reg_0_31_71_71/SP/CLK is not reached by a timing clock
Related violations: <none>

TIMING-17#231 Warning
Non-clocked sequential cell  
The clock pin mips1/listProcessor/listRegs/mem_reg_0_31_72_72/DP/CLK is not reached by a timing clock
Related violations: <none>

TIMING-17#232 Warning
Non-clocked sequential cell  
The clock pin mips1/listProcessor/listRegs/mem_reg_0_31_72_72/SP/CLK is not reached by a timing clock
Related violations: <none>

TIMING-17#233 Warning
Non-clocked sequential cell  
The clock pin mips1/listProcessor/listRegs/mem_reg_0_31_73_73/DP/CLK is not reached by a timing clock
Related violations: <none>

TIMING-17#234 Warning
Non-clocked sequential cell  
The clock pin mips1/listProcessor/listRegs/mem_reg_0_31_73_73/SP/CLK is not reached by a timing clock
Related violations: <none>

TIMING-17#235 Warning
Non-clocked sequential cell  
The clock pin mips1/listProcessor/listRegs/mem_reg_0_31_74_74/DP/CLK is not reached by a timing clock
Related violations: <none>

TIMING-17#236 Warning
Non-clocked sequential cell  
The clock pin mips1/listProcessor/listRegs/mem_reg_0_31_74_74/SP/CLK is not reached by a timing clock
Related violations: <none>

TIMING-17#237 Warning
Non-clocked sequential cell  
The clock pin mips1/listProcessor/listRegs/mem_reg_0_31_75_75/DP/CLK is not reached by a timing clock
Related violations: <none>

TIMING-17#238 Warning
Non-clocked sequential cell  
The clock pin mips1/listProcessor/listRegs/mem_reg_0_31_75_75/SP/CLK is not reached by a timing clock
Related violations: <none>

TIMING-17#239 Warning
Non-clocked sequential cell  
The clock pin mips1/listProcessor/listRegs/mem_reg_0_31_76_76/DP/CLK is not reached by a timing clock
Related violations: <none>

TIMING-17#240 Warning
Non-clocked sequential cell  
The clock pin mips1/listProcessor/listRegs/mem_reg_0_31_76_76/SP/CLK is not reached by a timing clock
Related violations: <none>

TIMING-17#241 Warning
Non-clocked sequential cell  
The clock pin mips1/listProcessor/listRegs/mem_reg_0_31_77_77/DP/CLK is not reached by a timing clock
Related violations: <none>

TIMING-17#242 Warning
Non-clocked sequential cell  
The clock pin mips1/listProcessor/listRegs/mem_reg_0_31_77_77/SP/CLK is not reached by a timing clock
Related violations: <none>

TIMING-17#243 Warning
Non-clocked sequential cell  
The clock pin mips1/listProcessor/listRegs/mem_reg_0_31_78_78/DP/CLK is not reached by a timing clock
Related violations: <none>

TIMING-17#244 Warning
Non-clocked sequential cell  
The clock pin mips1/listProcessor/listRegs/mem_reg_0_31_78_78/SP/CLK is not reached by a timing clock
Related violations: <none>

TIMING-17#245 Warning
Non-clocked sequential cell  
The clock pin mips1/listProcessor/listRegs/mem_reg_0_31_79_79/DP/CLK is not reached by a timing clock
Related violations: <none>

TIMING-17#246 Warning
Non-clocked sequential cell  
The clock pin mips1/listProcessor/listRegs/mem_reg_0_31_79_79/SP/CLK is not reached by a timing clock
Related violations: <none>

TIMING-17#247 Warning
Non-clocked sequential cell  
The clock pin mips1/listProcessor/listRegs/mem_reg_0_31_7_7/DP/CLK is not reached by a timing clock
Related violations: <none>

TIMING-17#248 Warning
Non-clocked sequential cell  
The clock pin mips1/listProcessor/listRegs/mem_reg_0_31_7_7/SP/CLK is not reached by a timing clock
Related violations: <none>

TIMING-17#249 Warning
Non-clocked sequential cell  
The clock pin mips1/listProcessor/listRegs/mem_reg_0_31_80_80/DP/CLK is not reached by a timing clock
Related violations: <none>

TIMING-17#250 Warning
Non-clocked sequential cell  
The clock pin mips1/listProcessor/listRegs/mem_reg_0_31_80_80/SP/CLK is not reached by a timing clock
Related violations: <none>

TIMING-17#251 Warning
Non-clocked sequential cell  
The clock pin mips1/listProcessor/listRegs/mem_reg_0_31_81_81/DP/CLK is not reached by a timing clock
Related violations: <none>

TIMING-17#252 Warning
Non-clocked sequential cell  
The clock pin mips1/listProcessor/listRegs/mem_reg_0_31_81_81/SP/CLK is not reached by a timing clock
Related violations: <none>

TIMING-17#253 Warning
Non-clocked sequential cell  
The clock pin mips1/listProcessor/listRegs/mem_reg_0_31_82_82/DP/CLK is not reached by a timing clock
Related violations: <none>

TIMING-17#254 Warning
Non-clocked sequential cell  
The clock pin mips1/listProcessor/listRegs/mem_reg_0_31_82_82/SP/CLK is not reached by a timing clock
Related violations: <none>

TIMING-17#255 Warning
Non-clocked sequential cell  
The clock pin mips1/listProcessor/listRegs/mem_reg_0_31_83_83/DP/CLK is not reached by a timing clock
Related violations: <none>

TIMING-17#256 Warning
Non-clocked sequential cell  
The clock pin mips1/listProcessor/listRegs/mem_reg_0_31_83_83/SP/CLK is not reached by a timing clock
Related violations: <none>

TIMING-17#257 Warning
Non-clocked sequential cell  
The clock pin mips1/listProcessor/listRegs/mem_reg_0_31_84_84/DP/CLK is not reached by a timing clock
Related violations: <none>

TIMING-17#258 Warning
Non-clocked sequential cell  
The clock pin mips1/listProcessor/listRegs/mem_reg_0_31_84_84/SP/CLK is not reached by a timing clock
Related violations: <none>

TIMING-17#259 Warning
Non-clocked sequential cell  
The clock pin mips1/listProcessor/listRegs/mem_reg_0_31_85_85/DP/CLK is not reached by a timing clock
Related violations: <none>

TIMING-17#260 Warning
Non-clocked sequential cell  
The clock pin mips1/listProcessor/listRegs/mem_reg_0_31_85_85/SP/CLK is not reached by a timing clock
Related violations: <none>

TIMING-17#261 Warning
Non-clocked sequential cell  
The clock pin mips1/listProcessor/listRegs/mem_reg_0_31_86_86/DP/CLK is not reached by a timing clock
Related violations: <none>

TIMING-17#262 Warning
Non-clocked sequential cell  
The clock pin mips1/listProcessor/listRegs/mem_reg_0_31_86_86/SP/CLK is not reached by a timing clock
Related violations: <none>

TIMING-17#263 Warning
Non-clocked sequential cell  
The clock pin mips1/listProcessor/listRegs/mem_reg_0_31_87_87/DP/CLK is not reached by a timing clock
Related violations: <none>

TIMING-17#264 Warning
Non-clocked sequential cell  
The clock pin mips1/listProcessor/listRegs/mem_reg_0_31_87_87/SP/CLK is not reached by a timing clock
Related violations: <none>

TIMING-17#265 Warning
Non-clocked sequential cell  
The clock pin mips1/listProcessor/listRegs/mem_reg_0_31_88_88/DP/CLK is not reached by a timing clock
Related violations: <none>

TIMING-17#266 Warning
Non-clocked sequential cell  
The clock pin mips1/listProcessor/listRegs/mem_reg_0_31_88_88/SP/CLK is not reached by a timing clock
Related violations: <none>

TIMING-17#267 Warning
Non-clocked sequential cell  
The clock pin mips1/listProcessor/listRegs/mem_reg_0_31_89_89/DP/CLK is not reached by a timing clock
Related violations: <none>

TIMING-17#268 Warning
Non-clocked sequential cell  
The clock pin mips1/listProcessor/listRegs/mem_reg_0_31_89_89/SP/CLK is not reached by a timing clock
Related violations: <none>

TIMING-17#269 Warning
Non-clocked sequential cell  
The clock pin mips1/listProcessor/listRegs/mem_reg_0_31_8_8/DP/CLK is not reached by a timing clock
Related violations: <none>

TIMING-17#270 Warning
Non-clocked sequential cell  
The clock pin mips1/listProcessor/listRegs/mem_reg_0_31_8_8/SP/CLK is not reached by a timing clock
Related violations: <none>

TIMING-17#271 Warning
Non-clocked sequential cell  
The clock pin mips1/listProcessor/listRegs/mem_reg_0_31_90_90/DP/CLK is not reached by a timing clock
Related violations: <none>

TIMING-17#272 Warning
Non-clocked sequential cell  
The clock pin mips1/listProcessor/listRegs/mem_reg_0_31_90_90/SP/CLK is not reached by a timing clock
Related violations: <none>

TIMING-17#273 Warning
Non-clocked sequential cell  
The clock pin mips1/listProcessor/listRegs/mem_reg_0_31_91_91/DP/CLK is not reached by a timing clock
Related violations: <none>

TIMING-17#274 Warning
Non-clocked sequential cell  
The clock pin mips1/listProcessor/listRegs/mem_reg_0_31_91_91/SP/CLK is not reached by a timing clock
Related violations: <none>

TIMING-17#275 Warning
Non-clocked sequential cell  
The clock pin mips1/listProcessor/listRegs/mem_reg_0_31_92_92/DP/CLK is not reached by a timing clock
Related violations: <none>

TIMING-17#276 Warning
Non-clocked sequential cell  
The clock pin mips1/listProcessor/listRegs/mem_reg_0_31_92_92/SP/CLK is not reached by a timing clock
Related violations: <none>

TIMING-17#277 Warning
Non-clocked sequential cell  
The clock pin mips1/listProcessor/listRegs/mem_reg_0_31_93_93/DP/CLK is not reached by a timing clock
Related violations: <none>

TIMING-17#278 Warning
Non-clocked sequential cell  
The clock pin mips1/listProcessor/listRegs/mem_reg_0_31_93_93/SP/CLK is not reached by a timing clock
Related violations: <none>

TIMING-17#279 Warning
Non-clocked sequential cell  
The clock pin mips1/listProcessor/listRegs/mem_reg_0_31_94_94/DP/CLK is not reached by a timing clock
Related violations: <none>

TIMING-17#280 Warning
Non-clocked sequential cell  
The clock pin mips1/listProcessor/listRegs/mem_reg_0_31_94_94/SP/CLK is not reached by a timing clock
Related violations: <none>

TIMING-17#281 Warning
Non-clocked sequential cell  
The clock pin mips1/listProcessor/listRegs/mem_reg_0_31_95_95/DP/CLK is not reached by a timing clock
Related violations: <none>

TIMING-17#282 Warning
Non-clocked sequential cell  
The clock pin mips1/listProcessor/listRegs/mem_reg_0_31_95_95/SP/CLK is not reached by a timing clock
Related violations: <none>

TIMING-17#283 Warning
Non-clocked sequential cell  
The clock pin mips1/listProcessor/listRegs/mem_reg_0_31_96_96/DP/CLK is not reached by a timing clock
Related violations: <none>

TIMING-17#284 Warning
Non-clocked sequential cell  
The clock pin mips1/listProcessor/listRegs/mem_reg_0_31_96_96/SP/CLK is not reached by a timing clock
Related violations: <none>

TIMING-17#285 Warning
Non-clocked sequential cell  
The clock pin mips1/listProcessor/listRegs/mem_reg_0_31_97_97/DP/CLK is not reached by a timing clock
Related violations: <none>

TIMING-17#286 Warning
Non-clocked sequential cell  
The clock pin mips1/listProcessor/listRegs/mem_reg_0_31_97_97/SP/CLK is not reached by a timing clock
Related violations: <none>

TIMING-17#287 Warning
Non-clocked sequential cell  
The clock pin mips1/listProcessor/listRegs/mem_reg_0_31_98_98/DP/CLK is not reached by a timing clock
Related violations: <none>

TIMING-17#288 Warning
Non-clocked sequential cell  
The clock pin mips1/listProcessor/listRegs/mem_reg_0_31_98_98/SP/CLK is not reached by a timing clock
Related violations: <none>

TIMING-17#289 Warning
Non-clocked sequential cell  
The clock pin mips1/listProcessor/listRegs/mem_reg_0_31_99_99/DP/CLK is not reached by a timing clock
Related violations: <none>

TIMING-17#290 Warning
Non-clocked sequential cell  
The clock pin mips1/listProcessor/listRegs/mem_reg_0_31_99_99/SP/CLK is not reached by a timing clock
Related violations: <none>

TIMING-17#291 Warning
Non-clocked sequential cell  
The clock pin mips1/listProcessor/listRegs/mem_reg_0_31_9_9/DP/CLK is not reached by a timing clock
Related violations: <none>

TIMING-17#292 Warning
Non-clocked sequential cell  
The clock pin mips1/listProcessor/listRegs/mem_reg_0_31_9_9/SP/CLK is not reached by a timing clock
Related violations: <none>

TIMING-17#293 Warning
Non-clocked sequential cell  
The clock pin mips1/mips1/dp/pcreg/q_reg[0]/C is not reached by a timing clock
Related violations: <none>

TIMING-17#294 Warning
Non-clocked sequential cell  
The clock pin mips1/mips1/dp/pcreg/q_reg[1]/C is not reached by a timing clock
Related violations: <none>

TIMING-17#295 Warning
Non-clocked sequential cell  
The clock pin mips1/mips1/dp/pcreg/q_reg[2]/C is not reached by a timing clock
Related violations: <none>

TIMING-17#296 Warning
Non-clocked sequential cell  
The clock pin mips1/mips1/dp/pcreg/q_reg[3]/C is not reached by a timing clock
Related violations: <none>

TIMING-17#297 Warning
Non-clocked sequential cell  
The clock pin mips1/mips1/dp/pcreg/q_reg[4]/C is not reached by a timing clock
Related violations: <none>

TIMING-17#298 Warning
Non-clocked sequential cell  
The clock pin mips1/mips1/dp/pcreg/q_reg[5]/C is not reached by a timing clock
Related violations: <none>

TIMING-17#299 Warning
Non-clocked sequential cell  
The clock pin mips1/mips1/dp/pcreg/q_reg[6]/C is not reached by a timing clock
Related violations: <none>

TIMING-17#300 Warning
Non-clocked sequential cell  
The clock pin mips1/mips1/dp/pcreg/q_reg[7]/C is not reached by a timing clock
Related violations: <none>

TIMING-17#301 Warning
Non-clocked sequential cell  
The clock pin mips1/mips1/dp/rf/mem_reg_0_31_0_0/DP/CLK is not reached by a timing clock
Related violations: <none>

TIMING-17#302 Warning
Non-clocked sequential cell  
The clock pin mips1/mips1/dp/rf/mem_reg_0_31_0_0/SP/CLK is not reached by a timing clock
Related violations: <none>

TIMING-17#303 Warning
Non-clocked sequential cell  
The clock pin mips1/mips1/dp/rf/mem_reg_0_31_10_10/DP/CLK is not reached by a timing clock
Related violations: <none>

TIMING-17#304 Warning
Non-clocked sequential cell  
The clock pin mips1/mips1/dp/rf/mem_reg_0_31_10_10/SP/CLK is not reached by a timing clock
Related violations: <none>

TIMING-17#305 Warning
Non-clocked sequential cell  
The clock pin mips1/mips1/dp/rf/mem_reg_0_31_11_11/DP/CLK is not reached by a timing clock
Related violations: <none>

TIMING-17#306 Warning
Non-clocked sequential cell  
The clock pin mips1/mips1/dp/rf/mem_reg_0_31_11_11/SP/CLK is not reached by a timing clock
Related violations: <none>

TIMING-17#307 Warning
Non-clocked sequential cell  
The clock pin mips1/mips1/dp/rf/mem_reg_0_31_12_12/DP/CLK is not reached by a timing clock
Related violations: <none>

TIMING-17#308 Warning
Non-clocked sequential cell  
The clock pin mips1/mips1/dp/rf/mem_reg_0_31_12_12/SP/CLK is not reached by a timing clock
Related violations: <none>

TIMING-17#309 Warning
Non-clocked sequential cell  
The clock pin mips1/mips1/dp/rf/mem_reg_0_31_13_13/DP/CLK is not reached by a timing clock
Related violations: <none>

TIMING-17#310 Warning
Non-clocked sequential cell  
The clock pin mips1/mips1/dp/rf/mem_reg_0_31_13_13/SP/CLK is not reached by a timing clock
Related violations: <none>

TIMING-17#311 Warning
Non-clocked sequential cell  
The clock pin mips1/mips1/dp/rf/mem_reg_0_31_14_14/DP/CLK is not reached by a timing clock
Related violations: <none>

TIMING-17#312 Warning
Non-clocked sequential cell  
The clock pin mips1/mips1/dp/rf/mem_reg_0_31_14_14/SP/CLK is not reached by a timing clock
Related violations: <none>

TIMING-17#313 Warning
Non-clocked sequential cell  
The clock pin mips1/mips1/dp/rf/mem_reg_0_31_15_15/DP/CLK is not reached by a timing clock
Related violations: <none>

TIMING-17#314 Warning
Non-clocked sequential cell  
The clock pin mips1/mips1/dp/rf/mem_reg_0_31_15_15/SP/CLK is not reached by a timing clock
Related violations: <none>

TIMING-17#315 Warning
Non-clocked sequential cell  
The clock pin mips1/mips1/dp/rf/mem_reg_0_31_16_16/DP/CLK is not reached by a timing clock
Related violations: <none>

TIMING-17#316 Warning
Non-clocked sequential cell  
The clock pin mips1/mips1/dp/rf/mem_reg_0_31_16_16/SP/CLK is not reached by a timing clock
Related violations: <none>

TIMING-17#317 Warning
Non-clocked sequential cell  
The clock pin mips1/mips1/dp/rf/mem_reg_0_31_17_17/DP/CLK is not reached by a timing clock
Related violations: <none>

TIMING-17#318 Warning
Non-clocked sequential cell  
The clock pin mips1/mips1/dp/rf/mem_reg_0_31_17_17/SP/CLK is not reached by a timing clock
Related violations: <none>

TIMING-17#319 Warning
Non-clocked sequential cell  
The clock pin mips1/mips1/dp/rf/mem_reg_0_31_18_18/DP/CLK is not reached by a timing clock
Related violations: <none>

TIMING-17#320 Warning
Non-clocked sequential cell  
The clock pin mips1/mips1/dp/rf/mem_reg_0_31_18_18/SP/CLK is not reached by a timing clock
Related violations: <none>

TIMING-17#321 Warning
Non-clocked sequential cell  
The clock pin mips1/mips1/dp/rf/mem_reg_0_31_19_19/DP/CLK is not reached by a timing clock
Related violations: <none>

TIMING-17#322 Warning
Non-clocked sequential cell  
The clock pin mips1/mips1/dp/rf/mem_reg_0_31_19_19/SP/CLK is not reached by a timing clock
Related violations: <none>

TIMING-17#323 Warning
Non-clocked sequential cell  
The clock pin mips1/mips1/dp/rf/mem_reg_0_31_1_1/DP/CLK is not reached by a timing clock
Related violations: <none>

TIMING-17#324 Warning
Non-clocked sequential cell  
The clock pin mips1/mips1/dp/rf/mem_reg_0_31_1_1/SP/CLK is not reached by a timing clock
Related violations: <none>

TIMING-17#325 Warning
Non-clocked sequential cell  
The clock pin mips1/mips1/dp/rf/mem_reg_0_31_20_20/DP/CLK is not reached by a timing clock
Related violations: <none>

TIMING-17#326 Warning
Non-clocked sequential cell  
The clock pin mips1/mips1/dp/rf/mem_reg_0_31_20_20/SP/CLK is not reached by a timing clock
Related violations: <none>

TIMING-17#327 Warning
Non-clocked sequential cell  
The clock pin mips1/mips1/dp/rf/mem_reg_0_31_21_21/DP/CLK is not reached by a timing clock
Related violations: <none>

TIMING-17#328 Warning
Non-clocked sequential cell  
The clock pin mips1/mips1/dp/rf/mem_reg_0_31_21_21/SP/CLK is not reached by a timing clock
Related violations: <none>

TIMING-17#329 Warning
Non-clocked sequential cell  
The clock pin mips1/mips1/dp/rf/mem_reg_0_31_22_22/DP/CLK is not reached by a timing clock
Related violations: <none>

TIMING-17#330 Warning
Non-clocked sequential cell  
The clock pin mips1/mips1/dp/rf/mem_reg_0_31_22_22/SP/CLK is not reached by a timing clock
Related violations: <none>

TIMING-17#331 Warning
Non-clocked sequential cell  
The clock pin mips1/mips1/dp/rf/mem_reg_0_31_23_23/DP/CLK is not reached by a timing clock
Related violations: <none>

TIMING-17#332 Warning
Non-clocked sequential cell  
The clock pin mips1/mips1/dp/rf/mem_reg_0_31_23_23/SP/CLK is not reached by a timing clock
Related violations: <none>

TIMING-17#333 Warning
Non-clocked sequential cell  
The clock pin mips1/mips1/dp/rf/mem_reg_0_31_24_24/DP/CLK is not reached by a timing clock
Related violations: <none>

TIMING-17#334 Warning
Non-clocked sequential cell  
The clock pin mips1/mips1/dp/rf/mem_reg_0_31_24_24/SP/CLK is not reached by a timing clock
Related violations: <none>

TIMING-17#335 Warning
Non-clocked sequential cell  
The clock pin mips1/mips1/dp/rf/mem_reg_0_31_25_25/DP/CLK is not reached by a timing clock
Related violations: <none>

TIMING-17#336 Warning
Non-clocked sequential cell  
The clock pin mips1/mips1/dp/rf/mem_reg_0_31_25_25/SP/CLK is not reached by a timing clock
Related violations: <none>

TIMING-17#337 Warning
Non-clocked sequential cell  
The clock pin mips1/mips1/dp/rf/mem_reg_0_31_26_26/DP/CLK is not reached by a timing clock
Related violations: <none>

TIMING-17#338 Warning
Non-clocked sequential cell  
The clock pin mips1/mips1/dp/rf/mem_reg_0_31_26_26/SP/CLK is not reached by a timing clock
Related violations: <none>

TIMING-17#339 Warning
Non-clocked sequential cell  
The clock pin mips1/mips1/dp/rf/mem_reg_0_31_27_27/DP/CLK is not reached by a timing clock
Related violations: <none>

TIMING-17#340 Warning
Non-clocked sequential cell  
The clock pin mips1/mips1/dp/rf/mem_reg_0_31_27_27/SP/CLK is not reached by a timing clock
Related violations: <none>

TIMING-17#341 Warning
Non-clocked sequential cell  
The clock pin mips1/mips1/dp/rf/mem_reg_0_31_28_28/DP/CLK is not reached by a timing clock
Related violations: <none>

TIMING-17#342 Warning
Non-clocked sequential cell  
The clock pin mips1/mips1/dp/rf/mem_reg_0_31_28_28/SP/CLK is not reached by a timing clock
Related violations: <none>

TIMING-17#343 Warning
Non-clocked sequential cell  
The clock pin mips1/mips1/dp/rf/mem_reg_0_31_29_29/DP/CLK is not reached by a timing clock
Related violations: <none>

TIMING-17#344 Warning
Non-clocked sequential cell  
The clock pin mips1/mips1/dp/rf/mem_reg_0_31_29_29/SP/CLK is not reached by a timing clock
Related violations: <none>

TIMING-17#345 Warning
Non-clocked sequential cell  
The clock pin mips1/mips1/dp/rf/mem_reg_0_31_2_2/DP/CLK is not reached by a timing clock
Related violations: <none>

TIMING-17#346 Warning
Non-clocked sequential cell  
The clock pin mips1/mips1/dp/rf/mem_reg_0_31_2_2/SP/CLK is not reached by a timing clock
Related violations: <none>

TIMING-17#347 Warning
Non-clocked sequential cell  
The clock pin mips1/mips1/dp/rf/mem_reg_0_31_30_30/DP/CLK is not reached by a timing clock
Related violations: <none>

TIMING-17#348 Warning
Non-clocked sequential cell  
The clock pin mips1/mips1/dp/rf/mem_reg_0_31_30_30/SP/CLK is not reached by a timing clock
Related violations: <none>

TIMING-17#349 Warning
Non-clocked sequential cell  
The clock pin mips1/mips1/dp/rf/mem_reg_0_31_31_31/DP/CLK is not reached by a timing clock
Related violations: <none>

TIMING-17#350 Warning
Non-clocked sequential cell  
The clock pin mips1/mips1/dp/rf/mem_reg_0_31_31_31/SP/CLK is not reached by a timing clock
Related violations: <none>

TIMING-17#351 Warning
Non-clocked sequential cell  
The clock pin mips1/mips1/dp/rf/mem_reg_0_31_3_3/DP/CLK is not reached by a timing clock
Related violations: <none>

TIMING-17#352 Warning
Non-clocked sequential cell  
The clock pin mips1/mips1/dp/rf/mem_reg_0_31_3_3/SP/CLK is not reached by a timing clock
Related violations: <none>

TIMING-17#353 Warning
Non-clocked sequential cell  
The clock pin mips1/mips1/dp/rf/mem_reg_0_31_4_4/DP/CLK is not reached by a timing clock
Related violations: <none>

TIMING-17#354 Warning
Non-clocked sequential cell  
The clock pin mips1/mips1/dp/rf/mem_reg_0_31_4_4/SP/CLK is not reached by a timing clock
Related violations: <none>

TIMING-17#355 Warning
Non-clocked sequential cell  
The clock pin mips1/mips1/dp/rf/mem_reg_0_31_5_5/DP/CLK is not reached by a timing clock
Related violations: <none>

TIMING-17#356 Warning
Non-clocked sequential cell  
The clock pin mips1/mips1/dp/rf/mem_reg_0_31_5_5/SP/CLK is not reached by a timing clock
Related violations: <none>

TIMING-17#357 Warning
Non-clocked sequential cell  
The clock pin mips1/mips1/dp/rf/mem_reg_0_31_6_6/DP/CLK is not reached by a timing clock
Related violations: <none>

TIMING-17#358 Warning
Non-clocked sequential cell  
The clock pin mips1/mips1/dp/rf/mem_reg_0_31_6_6/SP/CLK is not reached by a timing clock
Related violations: <none>

TIMING-17#359 Warning
Non-clocked sequential cell  
The clock pin mips1/mips1/dp/rf/mem_reg_0_31_7_7/DP/CLK is not reached by a timing clock
Related violations: <none>

TIMING-17#360 Warning
Non-clocked sequential cell  
The clock pin mips1/mips1/dp/rf/mem_reg_0_31_7_7/SP/CLK is not reached by a timing clock
Related violations: <none>

TIMING-17#361 Warning
Non-clocked sequential cell  
The clock pin mips1/mips1/dp/rf/mem_reg_0_31_8_8/DP/CLK is not reached by a timing clock
Related violations: <none>

TIMING-17#362 Warning
Non-clocked sequential cell  
The clock pin mips1/mips1/dp/rf/mem_reg_0_31_8_8/SP/CLK is not reached by a timing clock
Related violations: <none>

TIMING-17#363 Warning
Non-clocked sequential cell  
The clock pin mips1/mips1/dp/rf/mem_reg_0_31_9_9/DP/CLK is not reached by a timing clock
Related violations: <none>

TIMING-17#364 Warning
Non-clocked sequential cell  
The clock pin mips1/mips1/dp/rf/mem_reg_0_31_9_9/SP/CLK is not reached by a timing clock
Related violations: <none>

TIMING-17#365 Warning
Non-clocked sequential cell  
The clock pin mips1/mips1/dp/zreg/data_out_reg[0]/C is not reached by a timing clock
Related violations: <none>


