
*** Running vivado
    with args -log computer_top.vdi -applog -m64 -product Vivado -messageDb vivado.pb -mode batch -source computer_top.tcl -notrace


****** Vivado v2018.2.1 (64-bit)
  **** SW Build 2288692 on Thu Jul 26 18:24:02 MDT 2018
  **** IP Build 2289599 on Thu Jul 26 21:09:20 MDT 2018
    ** Copyright 1986-2018 Xilinx, Inc. All Rights Reserved.

source computer_top.tcl -notrace
Command: link_design -top computer_top -part xc7a100tcsg324-1
Design is defaulting to srcset: sources_1
Design is defaulting to constrset: constrs_1
INFO: [Project 1-454] Reading design checkpoint 'c:/Users/rrutherford20/Desktop/FinalProject/MP_1_Compiler/Working_MP3/mips.srcs/sources_1/ip/dual_port_ram/dual_port_ram.dcp' for cell 'mips1/dmem1/MULTI_PORT_REG'
INFO: [Netlist 29-17] Analyzing 89 Unisim elements for replacement
INFO: [Netlist 29-28] Unisim Transformation completed in 1 CPU seconds
INFO: [Project 1-479] Netlist was created with Vivado 2018.2.1
INFO: [Device 21-403] Loading part xc7a100tcsg324-1
INFO: [Project 1-570] Preparing netlist for logic optimization
Parsing XDC File [C:/Users/rrutherford20/Desktop/FinalProject/MP_1_Compiler/Working_MP3/mips.srcs/constrs_1/imports/Desktop/Nexys4DDR_Master.xdc]
Finished Parsing XDC File [C:/Users/rrutherford20/Desktop/FinalProject/MP_1_Compiler/Working_MP3/mips.srcs/constrs_1/imports/Desktop/Nexys4DDR_Master.xdc]
INFO: [Opt 31-138] Pushed 0 inverter(s) to 0 load pin(s).
INFO: [Project 1-111] Unisim Transformation Summary:
  A total of 32 instances were transformed.
  RAM32X1D => RAM32X1D (RAMD32, RAMD32): 32 instances

8 Infos, 0 Warnings, 0 Critical Warnings and 0 Errors encountered.
link_design completed successfully
link_design: Time (s): cpu = 00:00:07 ; elapsed = 00:00:09 . Memory (MB): peak = 616.867 ; gain = 339.891
Command: opt_design
Attempting to get a license for feature 'Implementation' and/or device 'xc7a100t'
INFO: [Common 17-349] Got license for feature 'Implementation' and/or device 'xc7a100t'
Running DRC as a precondition to command opt_design

Starting DRC Task
INFO: [DRC 23-27] Running DRC with 2 threads
ERROR: [DRC MDRV-1] Multiple Driver Nets: Net mips1/mips1/dp/pcreg/data_into_b[0] has multiple drivers: mips1/mips1/dp/pcreg/MULTI_PORT_REG_i_165/O, and mips1/listProcessor/results/data_out_reg[0]/Q.
ERROR: [DRC MDRV-1] Multiple Driver Nets: Net mips1/mips1/dp/pcreg/data_into_b[100] has multiple drivers: mips1/mips1/dp/pcreg/MULTI_PORT_REG_i_65/O, and mips1/listProcessor/results/data_out_reg[100]/Q.
ERROR: [DRC MDRV-1] Multiple Driver Nets: Net mips1/mips1/dp/pcreg/data_into_b[101] has multiple drivers: mips1/mips1/dp/pcreg/MULTI_PORT_REG_i_64/O, and mips1/listProcessor/results/data_out_reg[101]/Q.
ERROR: [DRC MDRV-1] Multiple Driver Nets: Net mips1/mips1/dp/pcreg/data_into_b[102] has multiple drivers: mips1/mips1/dp/pcreg/MULTI_PORT_REG_i_63/O, and mips1/listProcessor/results/data_out_reg[102]/Q.
ERROR: [DRC MDRV-1] Multiple Driver Nets: Net mips1/mips1/dp/pcreg/data_into_b[103] has multiple drivers: mips1/mips1/dp/pcreg/MULTI_PORT_REG_i_62/O, and mips1/listProcessor/results/data_out_reg[103]/Q.
ERROR: [DRC MDRV-1] Multiple Driver Nets: Net mips1/mips1/dp/pcreg/data_into_b[104] has multiple drivers: mips1/mips1/dp/pcreg/MULTI_PORT_REG_i_61/O, and mips1/listProcessor/results/data_out_reg[104]/Q.
ERROR: [DRC MDRV-1] Multiple Driver Nets: Net mips1/mips1/dp/pcreg/data_into_b[105] has multiple drivers: mips1/mips1/dp/pcreg/MULTI_PORT_REG_i_60/O, and mips1/listProcessor/results/data_out_reg[105]/Q.
ERROR: [DRC MDRV-1] Multiple Driver Nets: Net mips1/mips1/dp/pcreg/data_into_b[106] has multiple drivers: mips1/mips1/dp/pcreg/MULTI_PORT_REG_i_59/O, and mips1/listProcessor/results/data_out_reg[106]/Q.
ERROR: [DRC MDRV-1] Multiple Driver Nets: Net mips1/mips1/dp/pcreg/data_into_b[107] has multiple drivers: mips1/mips1/dp/pcreg/MULTI_PORT_REG_i_58/O, and mips1/listProcessor/results/data_out_reg[107]/Q.
ERROR: [DRC MDRV-1] Multiple Driver Nets: Net mips1/mips1/dp/pcreg/data_into_b[108] has multiple drivers: mips1/mips1/dp/pcreg/MULTI_PORT_REG_i_57/O, and mips1/listProcessor/results/data_out_reg[108]/Q.
ERROR: [DRC MDRV-1] Multiple Driver Nets: Net mips1/mips1/dp/pcreg/data_into_b[109] has multiple drivers: mips1/mips1/dp/pcreg/MULTI_PORT_REG_i_56/O, and mips1/listProcessor/results/data_out_reg[109]/Q.
ERROR: [DRC MDRV-1] Multiple Driver Nets: Net mips1/mips1/dp/pcreg/data_into_b[10] has multiple drivers: mips1/mips1/dp/pcreg/MULTI_PORT_REG_i_155/O, and mips1/listProcessor/results/data_out_reg[10]/Q.
ERROR: [DRC MDRV-1] Multiple Driver Nets: Net mips1/mips1/dp/pcreg/data_into_b[110] has multiple drivers: mips1/mips1/dp/pcreg/MULTI_PORT_REG_i_55/O, and mips1/listProcessor/results/data_out_reg[110]/Q.
ERROR: [DRC MDRV-1] Multiple Driver Nets: Net mips1/mips1/dp/pcreg/data_into_b[111] has multiple drivers: mips1/mips1/dp/pcreg/MULTI_PORT_REG_i_54/O, and mips1/listProcessor/results/data_out_reg[111]/Q.
ERROR: [DRC MDRV-1] Multiple Driver Nets: Net mips1/mips1/dp/pcreg/data_into_b[112] has multiple drivers: mips1/mips1/dp/pcreg/MULTI_PORT_REG_i_53/O, and mips1/listProcessor/results/data_out_reg[112]/Q.
ERROR: [DRC MDRV-1] Multiple Driver Nets: Net mips1/mips1/dp/pcreg/data_into_b[113] has multiple drivers: mips1/mips1/dp/pcreg/MULTI_PORT_REG_i_52/O, and mips1/listProcessor/results/data_out_reg[113]/Q.
ERROR: [DRC MDRV-1] Multiple Driver Nets: Net mips1/mips1/dp/pcreg/data_into_b[114] has multiple drivers: mips1/mips1/dp/pcreg/MULTI_PORT_REG_i_51/O, and mips1/listProcessor/results/data_out_reg[114]/Q.
ERROR: [DRC MDRV-1] Multiple Driver Nets: Net mips1/mips1/dp/pcreg/data_into_b[115] has multiple drivers: mips1/mips1/dp/pcreg/MULTI_PORT_REG_i_50/O, and mips1/listProcessor/results/data_out_reg[115]/Q.
ERROR: [DRC MDRV-1] Multiple Driver Nets: Net mips1/mips1/dp/pcreg/data_into_b[116] has multiple drivers: mips1/mips1/dp/pcreg/MULTI_PORT_REG_i_49/O, and mips1/listProcessor/results/data_out_reg[116]/Q.
ERROR: [DRC MDRV-1] Multiple Driver Nets: Net mips1/mips1/dp/pcreg/data_into_b[117] has multiple drivers: mips1/mips1/dp/pcreg/MULTI_PORT_REG_i_48/O, and mips1/listProcessor/results/data_out_reg[117]/Q.
ERROR: [DRC MDRV-1] Multiple Driver Nets: Net mips1/mips1/dp/pcreg/data_into_b[118] has multiple drivers: mips1/mips1/dp/pcreg/MULTI_PORT_REG_i_47/O, and mips1/listProcessor/results/data_out_reg[118]/Q.
ERROR: [DRC MDRV-1] Multiple Driver Nets: Net mips1/mips1/dp/pcreg/data_into_b[119] has multiple drivers: mips1/mips1/dp/pcreg/MULTI_PORT_REG_i_46/O, and mips1/listProcessor/results/data_out_reg[119]/Q.
ERROR: [DRC MDRV-1] Multiple Driver Nets: Net mips1/mips1/dp/pcreg/data_into_b[11] has multiple drivers: mips1/mips1/dp/pcreg/MULTI_PORT_REG_i_154/O, and mips1/listProcessor/results/data_out_reg[11]/Q.
ERROR: [DRC MDRV-1] Multiple Driver Nets: Net mips1/mips1/dp/pcreg/data_into_b[120] has multiple drivers: mips1/mips1/dp/pcreg/MULTI_PORT_REG_i_45/O, and mips1/listProcessor/results/data_out_reg[120]/Q.
ERROR: [DRC MDRV-1] Multiple Driver Nets: Net mips1/mips1/dp/pcreg/data_into_b[121] has multiple drivers: mips1/mips1/dp/pcreg/MULTI_PORT_REG_i_44/O, and mips1/listProcessor/results/data_out_reg[121]/Q.
ERROR: [DRC MDRV-1] Multiple Driver Nets: Net mips1/mips1/dp/pcreg/data_into_b[122] has multiple drivers: mips1/mips1/dp/pcreg/MULTI_PORT_REG_i_43/O, and mips1/listProcessor/results/data_out_reg[122]/Q.
ERROR: [DRC MDRV-1] Multiple Driver Nets: Net mips1/mips1/dp/pcreg/data_into_b[123] has multiple drivers: mips1/mips1/dp/pcreg/MULTI_PORT_REG_i_42/O, and mips1/listProcessor/results/data_out_reg[123]/Q.
ERROR: [DRC MDRV-1] Multiple Driver Nets: Net mips1/mips1/dp/pcreg/data_into_b[124] has multiple drivers: mips1/mips1/dp/pcreg/MULTI_PORT_REG_i_41/O, and mips1/listProcessor/results/data_out_reg[124]/Q.
ERROR: [DRC MDRV-1] Multiple Driver Nets: Net mips1/mips1/dp/pcreg/data_into_b[125] has multiple drivers: mips1/mips1/dp/pcreg/MULTI_PORT_REG_i_40/O, and mips1/listProcessor/results/data_out_reg[125]/Q.
ERROR: [DRC MDRV-1] Multiple Driver Nets: Net mips1/mips1/dp/pcreg/data_into_b[126] has multiple drivers: mips1/mips1/dp/pcreg/MULTI_PORT_REG_i_39/O, and mips1/listProcessor/results/data_out_reg[126]/Q.
ERROR: [DRC MDRV-1] Multiple Driver Nets: Net mips1/mips1/dp/pcreg/data_into_b[127] has multiple drivers: mips1/mips1/dp/pcreg/MULTI_PORT_REG_i_38/O, and mips1/listProcessor/results/data_out_reg[127]/Q.
ERROR: [DRC MDRV-1] Multiple Driver Nets: Net mips1/mips1/dp/pcreg/data_into_b[12] has multiple drivers: mips1/mips1/dp/pcreg/MULTI_PORT_REG_i_153/O, and mips1/listProcessor/results/data_out_reg[12]/Q.
ERROR: [DRC MDRV-1] Multiple Driver Nets: Net mips1/mips1/dp/pcreg/data_into_b[13] has multiple drivers: mips1/mips1/dp/pcreg/MULTI_PORT_REG_i_152/O, and mips1/listProcessor/results/data_out_reg[13]/Q.
ERROR: [DRC MDRV-1] Multiple Driver Nets: Net mips1/mips1/dp/pcreg/data_into_b[14] has multiple drivers: mips1/mips1/dp/pcreg/MULTI_PORT_REG_i_151/O, and mips1/listProcessor/results/data_out_reg[14]/Q.
ERROR: [DRC MDRV-1] Multiple Driver Nets: Net mips1/mips1/dp/pcreg/data_into_b[15] has multiple drivers: mips1/mips1/dp/pcreg/MULTI_PORT_REG_i_150/O, and mips1/listProcessor/results/data_out_reg[15]/Q.
ERROR: [DRC MDRV-1] Multiple Driver Nets: Net mips1/mips1/dp/pcreg/data_into_b[16] has multiple drivers: mips1/mips1/dp/pcreg/MULTI_PORT_REG_i_149/O, and mips1/listProcessor/results/data_out_reg[16]/Q.
ERROR: [DRC MDRV-1] Multiple Driver Nets: Net mips1/mips1/dp/pcreg/data_into_b[17] has multiple drivers: mips1/mips1/dp/pcreg/MULTI_PORT_REG_i_148/O, and mips1/listProcessor/results/data_out_reg[17]/Q.
ERROR: [DRC MDRV-1] Multiple Driver Nets: Net mips1/mips1/dp/pcreg/data_into_b[18] has multiple drivers: mips1/mips1/dp/pcreg/MULTI_PORT_REG_i_147/O, and mips1/listProcessor/results/data_out_reg[18]/Q.
ERROR: [DRC MDRV-1] Multiple Driver Nets: Net mips1/mips1/dp/pcreg/data_into_b[19] has multiple drivers: mips1/mips1/dp/pcreg/MULTI_PORT_REG_i_146/O, and mips1/listProcessor/results/data_out_reg[19]/Q.
ERROR: [DRC MDRV-1] Multiple Driver Nets: Net mips1/mips1/dp/pcreg/data_into_b[1] has multiple drivers: mips1/mips1/dp/pcreg/MULTI_PORT_REG_i_164/O, and mips1/listProcessor/results/data_out_reg[1]/Q.
ERROR: [DRC MDRV-1] Multiple Driver Nets: Net mips1/mips1/dp/pcreg/data_into_b[20] has multiple drivers: mips1/mips1/dp/pcreg/MULTI_PORT_REG_i_145/O, and mips1/listProcessor/results/data_out_reg[20]/Q.
ERROR: [DRC MDRV-1] Multiple Driver Nets: Net mips1/mips1/dp/pcreg/data_into_b[21] has multiple drivers: mips1/mips1/dp/pcreg/MULTI_PORT_REG_i_144/O, and mips1/listProcessor/results/data_out_reg[21]/Q.
ERROR: [DRC MDRV-1] Multiple Driver Nets: Net mips1/mips1/dp/pcreg/data_into_b[22] has multiple drivers: mips1/mips1/dp/pcreg/MULTI_PORT_REG_i_143/O, and mips1/listProcessor/results/data_out_reg[22]/Q.
ERROR: [DRC MDRV-1] Multiple Driver Nets: Net mips1/mips1/dp/pcreg/data_into_b[23] has multiple drivers: mips1/mips1/dp/pcreg/MULTI_PORT_REG_i_142/O, and mips1/listProcessor/results/data_out_reg[23]/Q.
ERROR: [DRC MDRV-1] Multiple Driver Nets: Net mips1/mips1/dp/pcreg/data_into_b[24] has multiple drivers: mips1/mips1/dp/pcreg/MULTI_PORT_REG_i_141/O, and mips1/listProcessor/results/data_out_reg[24]/Q.
ERROR: [DRC MDRV-1] Multiple Driver Nets: Net mips1/mips1/dp/pcreg/data_into_b[25] has multiple drivers: mips1/mips1/dp/pcreg/MULTI_PORT_REG_i_140/O, and mips1/listProcessor/results/data_out_reg[25]/Q.
ERROR: [DRC MDRV-1] Multiple Driver Nets: Net mips1/mips1/dp/pcreg/data_into_b[26] has multiple drivers: mips1/mips1/dp/pcreg/MULTI_PORT_REG_i_139/O, and mips1/listProcessor/results/data_out_reg[26]/Q.
ERROR: [DRC MDRV-1] Multiple Driver Nets: Net mips1/mips1/dp/pcreg/data_into_b[27] has multiple drivers: mips1/mips1/dp/pcreg/MULTI_PORT_REG_i_138/O, and mips1/listProcessor/results/data_out_reg[27]/Q.
ERROR: [DRC MDRV-1] Multiple Driver Nets: Net mips1/mips1/dp/pcreg/data_into_b[28] has multiple drivers: mips1/mips1/dp/pcreg/MULTI_PORT_REG_i_137/O, and mips1/listProcessor/results/data_out_reg[28]/Q.
ERROR: [DRC MDRV-1] Multiple Driver Nets: Net mips1/mips1/dp/pcreg/data_into_b[29] has multiple drivers: mips1/mips1/dp/pcreg/MULTI_PORT_REG_i_136/O, and mips1/listProcessor/results/data_out_reg[29]/Q.
ERROR: [DRC MDRV-1] Multiple Driver Nets: Net mips1/mips1/dp/pcreg/data_into_b[2] has multiple drivers: mips1/mips1/dp/pcreg/MULTI_PORT_REG_i_163/O, and mips1/listProcessor/results/data_out_reg[2]/Q.
ERROR: [DRC MDRV-1] Multiple Driver Nets: Net mips1/mips1/dp/pcreg/data_into_b[30] has multiple drivers: mips1/mips1/dp/pcreg/MULTI_PORT_REG_i_135/O, and mips1/listProcessor/results/data_out_reg[30]/Q.
ERROR: [DRC MDRV-1] Multiple Driver Nets: Net mips1/mips1/dp/pcreg/data_into_b[31] has multiple drivers: mips1/mips1/dp/pcreg/MULTI_PORT_REG_i_134/O, and mips1/listProcessor/results/data_out_reg[31]/Q.
ERROR: [DRC MDRV-1] Multiple Driver Nets: Net mips1/mips1/dp/pcreg/data_into_b[32] has multiple drivers: mips1/mips1/dp/pcreg/MULTI_PORT_REG_i_133/O, and mips1/listProcessor/results/data_out_reg[32]/Q.
ERROR: [DRC MDRV-1] Multiple Driver Nets: Net mips1/mips1/dp/pcreg/data_into_b[33] has multiple drivers: mips1/mips1/dp/pcreg/MULTI_PORT_REG_i_132/O, and mips1/listProcessor/results/data_out_reg[33]/Q.
ERROR: [DRC MDRV-1] Multiple Driver Nets: Net mips1/mips1/dp/pcreg/data_into_b[34] has multiple drivers: mips1/mips1/dp/pcreg/MULTI_PORT_REG_i_131/O, and mips1/listProcessor/results/data_out_reg[34]/Q.
ERROR: [DRC MDRV-1] Multiple Driver Nets: Net mips1/mips1/dp/pcreg/data_into_b[35] has multiple drivers: mips1/mips1/dp/pcreg/MULTI_PORT_REG_i_130/O, and mips1/listProcessor/results/data_out_reg[35]/Q.
ERROR: [DRC MDRV-1] Multiple Driver Nets: Net mips1/mips1/dp/pcreg/data_into_b[36] has multiple drivers: mips1/mips1/dp/pcreg/MULTI_PORT_REG_i_129/O, and mips1/listProcessor/results/data_out_reg[36]/Q.
ERROR: [DRC MDRV-1] Multiple Driver Nets: Net mips1/mips1/dp/pcreg/data_into_b[37] has multiple drivers: mips1/mips1/dp/pcreg/MULTI_PORT_REG_i_128/O, and mips1/listProcessor/results/data_out_reg[37]/Q.
ERROR: [DRC MDRV-1] Multiple Driver Nets: Net mips1/mips1/dp/pcreg/data_into_b[38] has multiple drivers: mips1/mips1/dp/pcreg/MULTI_PORT_REG_i_127/O, and mips1/listProcessor/results/data_out_reg[38]/Q.
ERROR: [DRC MDRV-1] Multiple Driver Nets: Net mips1/mips1/dp/pcreg/data_into_b[39] has multiple drivers: mips1/mips1/dp/pcreg/MULTI_PORT_REG_i_126/O, and mips1/listProcessor/results/data_out_reg[39]/Q.
ERROR: [DRC MDRV-1] Multiple Driver Nets: Net mips1/mips1/dp/pcreg/data_into_b[3] has multiple drivers: mips1/mips1/dp/pcreg/MULTI_PORT_REG_i_162/O, and mips1/listProcessor/results/data_out_reg[3]/Q.
ERROR: [DRC MDRV-1] Multiple Driver Nets: Net mips1/mips1/dp/pcreg/data_into_b[40] has multiple drivers: mips1/mips1/dp/pcreg/MULTI_PORT_REG_i_125/O, and mips1/listProcessor/results/data_out_reg[40]/Q.
ERROR: [DRC MDRV-1] Multiple Driver Nets: Net mips1/mips1/dp/pcreg/data_into_b[41] has multiple drivers: mips1/mips1/dp/pcreg/MULTI_PORT_REG_i_124/O, and mips1/listProcessor/results/data_out_reg[41]/Q.
ERROR: [DRC MDRV-1] Multiple Driver Nets: Net mips1/mips1/dp/pcreg/data_into_b[42] has multiple drivers: mips1/mips1/dp/pcreg/MULTI_PORT_REG_i_123/O, and mips1/listProcessor/results/data_out_reg[42]/Q.
ERROR: [DRC MDRV-1] Multiple Driver Nets: Net mips1/mips1/dp/pcreg/data_into_b[43] has multiple drivers: mips1/mips1/dp/pcreg/MULTI_PORT_REG_i_122/O, and mips1/listProcessor/results/data_out_reg[43]/Q.
ERROR: [DRC MDRV-1] Multiple Driver Nets: Net mips1/mips1/dp/pcreg/data_into_b[44] has multiple drivers: mips1/mips1/dp/pcreg/MULTI_PORT_REG_i_121/O, and mips1/listProcessor/results/data_out_reg[44]/Q.
ERROR: [DRC MDRV-1] Multiple Driver Nets: Net mips1/mips1/dp/pcreg/data_into_b[45] has multiple drivers: mips1/mips1/dp/pcreg/MULTI_PORT_REG_i_120/O, and mips1/listProcessor/results/data_out_reg[45]/Q.
ERROR: [DRC MDRV-1] Multiple Driver Nets: Net mips1/mips1/dp/pcreg/data_into_b[46] has multiple drivers: mips1/mips1/dp/pcreg/MULTI_PORT_REG_i_119/O, and mips1/listProcessor/results/data_out_reg[46]/Q.
ERROR: [DRC MDRV-1] Multiple Driver Nets: Net mips1/mips1/dp/pcreg/data_into_b[47] has multiple drivers: mips1/mips1/dp/pcreg/MULTI_PORT_REG_i_118/O, and mips1/listProcessor/results/data_out_reg[47]/Q.
ERROR: [DRC MDRV-1] Multiple Driver Nets: Net mips1/mips1/dp/pcreg/data_into_b[48] has multiple drivers: mips1/mips1/dp/pcreg/MULTI_PORT_REG_i_117/O, and mips1/listProcessor/results/data_out_reg[48]/Q.
ERROR: [DRC MDRV-1] Multiple Driver Nets: Net mips1/mips1/dp/pcreg/data_into_b[49] has multiple drivers: mips1/mips1/dp/pcreg/MULTI_PORT_REG_i_116/O, and mips1/listProcessor/results/data_out_reg[49]/Q.
ERROR: [DRC MDRV-1] Multiple Driver Nets: Net mips1/mips1/dp/pcreg/data_into_b[4] has multiple drivers: mips1/mips1/dp/pcreg/MULTI_PORT_REG_i_161/O, and mips1/listProcessor/results/data_out_reg[4]/Q.
ERROR: [DRC MDRV-1] Multiple Driver Nets: Net mips1/mips1/dp/pcreg/data_into_b[50] has multiple drivers: mips1/mips1/dp/pcreg/MULTI_PORT_REG_i_115/O, and mips1/listProcessor/results/data_out_reg[50]/Q.
ERROR: [DRC MDRV-1] Multiple Driver Nets: Net mips1/mips1/dp/pcreg/data_into_b[51] has multiple drivers: mips1/mips1/dp/pcreg/MULTI_PORT_REG_i_114/O, and mips1/listProcessor/results/data_out_reg[51]/Q.
ERROR: [DRC MDRV-1] Multiple Driver Nets: Net mips1/mips1/dp/pcreg/data_into_b[52] has multiple drivers: mips1/mips1/dp/pcreg/MULTI_PORT_REG_i_113/O, and mips1/listProcessor/results/data_out_reg[52]/Q.
ERROR: [DRC MDRV-1] Multiple Driver Nets: Net mips1/mips1/dp/pcreg/data_into_b[53] has multiple drivers: mips1/mips1/dp/pcreg/MULTI_PORT_REG_i_112/O, and mips1/listProcessor/results/data_out_reg[53]/Q.
ERROR: [DRC MDRV-1] Multiple Driver Nets: Net mips1/mips1/dp/pcreg/data_into_b[54] has multiple drivers: mips1/mips1/dp/pcreg/MULTI_PORT_REG_i_111/O, and mips1/listProcessor/results/data_out_reg[54]/Q.
ERROR: [DRC MDRV-1] Multiple Driver Nets: Net mips1/mips1/dp/pcreg/data_into_b[55] has multiple drivers: mips1/mips1/dp/pcreg/MULTI_PORT_REG_i_110/O, and mips1/listProcessor/results/data_out_reg[55]/Q.
ERROR: [DRC MDRV-1] Multiple Driver Nets: Net mips1/mips1/dp/pcreg/data_into_b[56] has multiple drivers: mips1/mips1/dp/pcreg/MULTI_PORT_REG_i_109/O, and mips1/listProcessor/results/data_out_reg[56]/Q.
ERROR: [DRC MDRV-1] Multiple Driver Nets: Net mips1/mips1/dp/pcreg/data_into_b[57] has multiple drivers: mips1/mips1/dp/pcreg/MULTI_PORT_REG_i_108/O, and mips1/listProcessor/results/data_out_reg[57]/Q.
ERROR: [DRC MDRV-1] Multiple Driver Nets: Net mips1/mips1/dp/pcreg/data_into_b[58] has multiple drivers: mips1/mips1/dp/pcreg/MULTI_PORT_REG_i_107/O, and mips1/listProcessor/results/data_out_reg[58]/Q.
ERROR: [DRC MDRV-1] Multiple Driver Nets: Net mips1/mips1/dp/pcreg/data_into_b[59] has multiple drivers: mips1/mips1/dp/pcreg/MULTI_PORT_REG_i_106/O, and mips1/listProcessor/results/data_out_reg[59]/Q.
ERROR: [DRC MDRV-1] Multiple Driver Nets: Net mips1/mips1/dp/pcreg/data_into_b[5] has multiple drivers: mips1/mips1/dp/pcreg/MULTI_PORT_REG_i_160/O, and mips1/listProcessor/results/data_out_reg[5]/Q.
ERROR: [DRC MDRV-1] Multiple Driver Nets: Net mips1/mips1/dp/pcreg/data_into_b[60] has multiple drivers: mips1/mips1/dp/pcreg/MULTI_PORT_REG_i_105/O, and mips1/listProcessor/results/data_out_reg[60]/Q.
ERROR: [DRC MDRV-1] Multiple Driver Nets: Net mips1/mips1/dp/pcreg/data_into_b[61] has multiple drivers: mips1/mips1/dp/pcreg/MULTI_PORT_REG_i_104/O, and mips1/listProcessor/results/data_out_reg[61]/Q.
ERROR: [DRC MDRV-1] Multiple Driver Nets: Net mips1/mips1/dp/pcreg/data_into_b[62] has multiple drivers: mips1/mips1/dp/pcreg/MULTI_PORT_REG_i_103/O, and mips1/listProcessor/results/data_out_reg[62]/Q.
ERROR: [DRC MDRV-1] Multiple Driver Nets: Net mips1/mips1/dp/pcreg/data_into_b[63] has multiple drivers: mips1/mips1/dp/pcreg/MULTI_PORT_REG_i_102/O, and mips1/listProcessor/results/data_out_reg[63]/Q.
ERROR: [DRC MDRV-1] Multiple Driver Nets: Net mips1/mips1/dp/pcreg/data_into_b[64] has multiple drivers: mips1/mips1/dp/pcreg/MULTI_PORT_REG_i_101/O, and mips1/listProcessor/results/data_out_reg[64]/Q.
ERROR: [DRC MDRV-1] Multiple Driver Nets: Net mips1/mips1/dp/pcreg/data_into_b[65] has multiple drivers: mips1/mips1/dp/pcreg/MULTI_PORT_REG_i_100/O, and mips1/listProcessor/results/data_out_reg[65]/Q.
ERROR: [DRC MDRV-1] Multiple Driver Nets: Net mips1/mips1/dp/pcreg/data_into_b[66] has multiple drivers: mips1/mips1/dp/pcreg/MULTI_PORT_REG_i_99/O, and mips1/listProcessor/results/data_out_reg[66]/Q.
ERROR: [DRC MDRV-1] Multiple Driver Nets: Net mips1/mips1/dp/pcreg/data_into_b[67] has multiple drivers: mips1/mips1/dp/pcreg/MULTI_PORT_REG_i_98/O, and mips1/listProcessor/results/data_out_reg[67]/Q.
ERROR: [DRC MDRV-1] Multiple Driver Nets: Net mips1/mips1/dp/pcreg/data_into_b[68] has multiple drivers: mips1/mips1/dp/pcreg/MULTI_PORT_REG_i_97/O, and mips1/listProcessor/results/data_out_reg[68]/Q.
ERROR: [DRC MDRV-1] Multiple Driver Nets: Net mips1/mips1/dp/pcreg/data_into_b[69] has multiple drivers: mips1/mips1/dp/pcreg/MULTI_PORT_REG_i_96/O, and mips1/listProcessor/results/data_out_reg[69]/Q.
ERROR: [DRC MDRV-1] Multiple Driver Nets: Net mips1/mips1/dp/pcreg/data_into_b[6] has multiple drivers: mips1/mips1/dp/pcreg/MULTI_PORT_REG_i_159/O, and mips1/listProcessor/results/data_out_reg[6]/Q.
ERROR: [DRC MDRV-1] Multiple Driver Nets: Net mips1/mips1/dp/pcreg/data_into_b[70] has multiple drivers: mips1/mips1/dp/pcreg/MULTI_PORT_REG_i_95/O, and mips1/listProcessor/results/data_out_reg[70]/Q.
ERROR: [DRC MDRV-1] Multiple Driver Nets: Net mips1/mips1/dp/pcreg/data_into_b[71] has multiple drivers: mips1/mips1/dp/pcreg/MULTI_PORT_REG_i_94/O, and mips1/listProcessor/results/data_out_reg[71]/Q.
ERROR: [DRC MDRV-1] Multiple Driver Nets: Net mips1/mips1/dp/pcreg/data_into_b[72] has multiple drivers: mips1/mips1/dp/pcreg/MULTI_PORT_REG_i_93/O, and mips1/listProcessor/results/data_out_reg[72]/Q.
ERROR: [DRC MDRV-1] Multiple Driver Nets: Net mips1/mips1/dp/pcreg/data_into_b[73] has multiple drivers: mips1/mips1/dp/pcreg/MULTI_PORT_REG_i_92/O, and mips1/listProcessor/results/data_out_reg[73]/Q.
ERROR: [DRC MDRV-1] Multiple Driver Nets: Net mips1/mips1/dp/pcreg/data_into_b[74] has multiple drivers: mips1/mips1/dp/pcreg/MULTI_PORT_REG_i_91/O, and mips1/listProcessor/results/data_out_reg[74]/Q.
INFO: [Common 17-14] Message 'DRC MDRV-1' appears 100 times and further instances of the messages will be disabled. Use the Tcl command set_msg_config to change the current settings.
INFO: [Project 1-461] DRC finished with 128 Errors
INFO: [Project 1-462] Please refer to the DRC report (report_drc) for more information.
ERROR: [Vivado_Tcl 4-78] Error(s) found during DRC. Opt_design not run.

Time (s): cpu = 00:00:01 ; elapsed = 00:00:00.990 . Memory (MB): peak = 630.086 ; gain = 13.219
INFO: [Common 17-83] Releasing license: Implementation
14 Infos, 0 Warnings, 0 Critical Warnings and 101 Errors encountered.
opt_design failed
ERROR: [Common 17-39] 'opt_design' failed due to earlier errors.

INFO: [Common 17-206] Exiting Vivado at Fri Apr 26 10:02:42 2019...
