#-----------------------------------------------------------
# Vivado v2018.2.1 (64-bit)
# SW Build 2288692 on Thu Jul 26 18:24:02 MDT 2018
# IP Build 2289599 on Thu Jul 26 21:09:20 MDT 2018
# Start of session at: Mon May  6 09:58:59 2019
# Process ID: 14204
# Current directory: Z:/CS-401-1-CompArch/FinalProject/MP_1_Compiler/Working_MP3
# Command line: vivado.exe -gui_launcher_event rodinguilauncherevent1640 Z:\CS-401-1-CompArch\FinalProject\MP_1_Compiler\Working_MP3\mips.xpr
# Log file: Z:/CS-401-1-CompArch/FinalProject/MP_1_Compiler/Working_MP3/vivado.log
# Journal file: Z:/CS-401-1-CompArch/FinalProject/MP_1_Compiler/Working_MP3\vivado.jou
#-----------------------------------------------------------
start_gui
open_project Z:/CS-401-1-CompArch/FinalProject/MP_1_Compiler/Working_MP3/mips.xpr
INFO: [Project 1-313] Project file moved from 'Z:/CS-401-1-CompArch/Final_Project/MP_1_Compiler/Working_MP3' since last save.
Scanning sources...
Finished scanning sources
INFO: [IP_Flow 19-234] Refreshing IP repositories
INFO: [IP_Flow 19-1704] No user IP repositories specified
INFO: [IP_Flow 19-2313] Loaded Vivado IP repository 'C:/Xilinx/Vivado/2018.2/data/ip'.
open_project: Time (s): cpu = 00:00:11 ; elapsed = 00:00:07 . Memory (MB): peak = 881.578 ; gain = 150.738
launch_simulation
INFO: [Vivado 12-5698] Checking validity of IPs in the design for the 'XSim' simulator...
INFO: [Vivado 12-5682] Launching behavioral simulation in 'Z:/CS-401-1-CompArch/FinalProject/MP_1_Compiler/Working_MP3/mips.sim/sim_1/behav/xsim'
INFO: [Vivado 12-4795] Using compiled simulation libraries for IPs
INFO: [SIM-utils-51] Simulation object is 'sim_1'
INFO: [USF-XSim-7] Finding pre-compiled libraries...
INFO: [USF-XSim-11] File 'C:/Xilinx/Vivado/2018.2/data/xsim/xsim.ini' copied to run dir:'Z:/CS-401-1-CompArch/FinalProject/MP_1_Compiler/Working_MP3/mips.sim/sim_1/behav/xsim'
INFO: [SIM-utils-54] Inspecting design source files for 'mips_testbench' in fileset 'sim_1'...
INFO: [SIM-utils-43] Exported 'Z:/CS-401-1-CompArch/FinalProject/MP_1_Compiler/Working_MP3/mips.sim/sim_1/behav/xsim/dual_port_ram.mif'
INFO: [SIM-utils-43] Exported 'Z:/CS-401-1-CompArch/FinalProject/MP_1_Compiler/Working_MP3/mips.sim/sim_1/behav/xsim/dual_ram_init.coe'
INFO: [SIM-utils-43] Exported 'Z:/CS-401-1-CompArch/FinalProject/MP_1_Compiler/Working_MP3/mips.sim/sim_1/behav/xsim/memfileAdv.dat'
INFO: [SIM-utils-43] Exported 'Z:/CS-401-1-CompArch/FinalProject/MP_1_Compiler/Working_MP3/mips.sim/sim_1/behav/xsim/memfileSimple.dat'
INFO: [USF-XSim-97] Finding global include files...
INFO: [USF-XSim-100] Fetching design files from 'sources_1'...(this may take a while)...
INFO: [USF-XSim-101] Fetching design files from 'sim_1'...
INFO: [USF-XSim-2] XSim::Compile design
INFO: [USF-XSim-61] Executing 'COMPILE and ANALYZE' step in 'Z:/CS-401-1-CompArch/FinalProject/MP_1_Compiler/Working_MP3/mips.sim/sim_1/behav/xsim'
"xvhdl --incr --relax -prj mips_testbench_vhdl.prj"
INFO: [VRFC 10-163] Analyzing VHDL file "Z:/CS-401-1-CompArch/FinalProject/MP_1_Compiler/Working_MP3/mips.srcs/sources_1/ip/dual_port_ram/dual_port_ram_sim_netlist.vhdl" into library xil_defaultlib
INFO: [VRFC 10-307] analyzing entity dual_port_ram_blk_mem_gen_prim_wrapper_init
INFO: [VRFC 10-307] analyzing entity \dual_port_ram_blk_mem_gen_prim_wrapper_init__parameterized0\
INFO: [VRFC 10-307] analyzing entity \dual_port_ram_blk_mem_gen_prim_wrapper_init__parameterized1\
INFO: [VRFC 10-307] analyzing entity \dual_port_ram_blk_mem_gen_prim_wrapper_init__parameterized2\
INFO: [VRFC 10-307] analyzing entity dual_port_ram_blk_mem_gen_prim_width
INFO: [VRFC 10-307] analyzing entity \dual_port_ram_blk_mem_gen_prim_width__parameterized0\
INFO: [VRFC 10-307] analyzing entity \dual_port_ram_blk_mem_gen_prim_width__parameterized1\
INFO: [VRFC 10-307] analyzing entity \dual_port_ram_blk_mem_gen_prim_width__parameterized2\
INFO: [VRFC 10-307] analyzing entity dual_port_ram_blk_mem_gen_generic_cstr
INFO: [VRFC 10-307] analyzing entity dual_port_ram_blk_mem_gen_top
INFO: [VRFC 10-307] analyzing entity dual_port_ram_blk_mem_gen_v8_4_1_synth
INFO: [VRFC 10-307] analyzing entity dual_port_ram_blk_mem_gen_v8_4_1
INFO: [VRFC 10-307] analyzing entity dual_port_ram
INFO: [VRFC 10-163] Analyzing VHDL file "Z:/CS-401-1-CompArch/FinalProject/MP_1_Compiler/Working_MP3/mips.srcs/sources_1/imports/new/mips.vhd" into library xil_defaultlib
INFO: [VRFC 10-307] analyzing entity mips
INFO: [VRFC 10-163] Analyzing VHDL file "Z:/CS-401-1-CompArch/FinalProject/MP_1_Compiler/Working_MP3/mips.srcs/sources_1/imports/new/mips_mem_instructions.vhd" into library xil_defaultlib
INFO: [VRFC 10-307] analyzing entity imem
INFO: [VRFC 10-163] Analyzing VHDL file "Z:/CS-401-1-CompArch/FinalProject/MP_1_Compiler/Working_MP3/mips.srcs/sources_1/imports/new/mips_datapath.vhd" into library xil_defaultlib
INFO: [VRFC 10-307] analyzing entity datapath
INFO: [VRFC 10-163] Analyzing VHDL file "Z:/CS-401-1-CompArch/FinalProject/MP_1_Compiler/Working_MP3/mips.srcs/sources_1/imports/new/mips_top.vhd" into library xil_defaultlib
INFO: [VRFC 10-307] analyzing entity mips_top
INFO: [VRFC 10-163] Analyzing VHDL file "Z:/CS-401-1-CompArch/FinalProject/MP_1_Compiler/Working_MP3/mips.srcs/sources_1/imports/new/mips_alu.vhd" into library xil_defaultlib
INFO: [VRFC 10-307] analyzing entity mips_alu
INFO: [VRFC 10-163] Analyzing VHDL file "Z:/CS-401-1-CompArch/FinalProject/MP_1_Compiler/Working_MP3/mips.srcs/sources_1/imports/new/mips_adder.vhd" into library xil_defaultlib
INFO: [VRFC 10-307] analyzing entity adder
INFO: [VRFC 10-163] Analyzing VHDL file "Z:/CS-401-1-CompArch/FinalProject/MP_1_Compiler/Working_MP3/mips.srcs/sources_1/imports/new/mips_mem_data.vhd" into library xil_defaultlib
INFO: [VRFC 10-307] analyzing entity dmem
INFO: [VRFC 10-163] Analyzing VHDL file "Z:/CS-401-1-CompArch/FinalProject/MP_1_Compiler/Working_MP3/mips.srcs/sources_1/imports/new/mips_decoder_alu.vhd" into library xil_defaultlib
INFO: [VRFC 10-307] analyzing entity aludec
INFO: [VRFC 10-163] Analyzing VHDL file "Z:/CS-401-1-CompArch/FinalProject/MP_1_Compiler/Working_MP3/mips.srcs/sources_1/imports/new/mips_decoder_main.vhd" into library xil_defaultlib
INFO: [VRFC 10-307] analyzing entity maindec
INFO: [VRFC 10-163] Analyzing VHDL file "Z:/CS-401-1-CompArch/FinalProject/MP_1_Compiler/Working_MP3/mips.srcs/sources_1/imports/new/computer_top.vhd" into library xil_defaultlib
INFO: [VRFC 10-307] analyzing entity computer_top
INFO: [VRFC 10-163] Analyzing VHDL file "Z:/CS-401-1-CompArch/FinalProject/MP_1_Compiler/Working_MP3/mips.srcs/sources_1/imports/new/mips_controller.vhd" into library xil_defaultlib
INFO: [VRFC 10-307] analyzing entity controller
INFO: [VRFC 10-163] Analyzing VHDL file "Z:/CS-401-1-CompArch/FinalProject/MP_1_Compiler/Working_MP3/mips.srcs/sources_1/imports/new/mips_sign_extender.vhd" into library xil_defaultlib
INFO: [VRFC 10-307] analyzing entity signext
INFO: [VRFC 10-163] Analyzing VHDL file "Z:/CS-401-1-CompArch/FinalProject/MP_1_Compiler/Working_MP3/mips.srcs/sources_1/imports/new/display_hex.vhd" into library xil_defaultlib
INFO: [VRFC 10-307] analyzing entity display_hex
INFO: [VRFC 10-163] Analyzing VHDL file "Z:/CS-401-1-CompArch/FinalProject/MP_1_Compiler/Working_MP3/mips.srcs/sources_1/imports/new/mips_flip_flop_register.vhd" into library xil_defaultlib
INFO: [VRFC 10-307] analyzing entity flopr
INFO: [VRFC 10-163] Analyzing VHDL file "Z:/CS-401-1-CompArch/FinalProject/MP_1_Compiler/Working_MP3/mips.srcs/sources_1/imports/new/mips_multiplexer_2_input.vhd" into library xil_defaultlib
INFO: [VRFC 10-307] analyzing entity mux2
INFO: [VRFC 10-163] Analyzing VHDL file "Z:/CS-401-1-CompArch/FinalProject/MP_1_Compiler/Working_MP3/mips.srcs/sources_1/new/generic_register.vhd" into library xil_defaultlib
INFO: [VRFC 10-307] analyzing entity bit_reg
INFO: [VRFC 10-163] Analyzing VHDL file "Z:/CS-401-1-CompArch/FinalProject/MP_1_Compiler/Working_MP3/mips.srcs/sources_1/new/ListProc.vhd" into library xil_defaultlib
INFO: [VRFC 10-307] analyzing entity ListProc
INFO: [VRFC 10-163] Analyzing VHDL file "Z:/CS-401-1-CompArch/FinalProject/MP_1_Compiler/Working_MP3/mips.srcs/sources_1/new/alu_block.vhd" into library xil_defaultlib
INFO: [VRFC 10-307] analyzing entity alu_block
INFO: [VRFC 10-163] Analyzing VHDL file "Z:/CS-401-1-CompArch/FinalProject/MP_1_Compiler/Working_MP3/mips.srcs/sources_1/new/listAlu.vhd" into library xil_defaultlib
INFO: [VRFC 10-307] analyzing entity list_alu
INFO: [VRFC 10-163] Analyzing VHDL file "Z:/CS-401-1-CompArch/FinalProject/MP_1_Compiler/Working_MP3/mips.srcs/sources_1/new/list_register_file.vhd" into library xil_defaultlib
INFO: [VRFC 10-307] analyzing entity listRegFile
INFO: [VRFC 10-163] Analyzing VHDL file "Z:/CS-401-1-CompArch/FinalProject/MP_1_Compiler/Working_MP3/mips.srcs/sources_1/new/mips_register_file.vhd" into library xil_defaultlib
INFO: [VRFC 10-307] analyzing entity regfile
INFO: [VRFC 10-163] Analyzing VHDL file "Z:/CS-401-1-CompArch/FinalProject/MP_1_Compiler/Working_MP3/mips.srcs/sim_1/imports/Desktop/mips_testbench.vhd" into library xil_defaultlib
INFO: [VRFC 10-307] analyzing entity mips_testbench
INFO: [USF-XSim-69] 'compile' step finished in '5' seconds
INFO: [USF-XSim-3] XSim::Elaborate design
INFO: [USF-XSim-61] Executing 'ELABORATE' step in 'Z:/CS-401-1-CompArch/FinalProject/MP_1_Compiler/Working_MP3/mips.sim/sim_1/behav/xsim'
Vivado Simulator 2018.2
Copyright 1986-1999, 2001-2018 Xilinx, Inc. All Rights Reserved.
Running: C:/Xilinx/Vivado/2018.2/bin/unwrapped/win64.o/xelab.exe -wto bfc6d33675f34e59a51d26a1983c03b4 --incr --debug typical --relax --mt 2 -L xil_defaultlib -L secureip -L xpm --snapshot mips_testbench_behav xil_defaultlib.mips_testbench -log elaborate.log 
Using 2 slave threads.
Starting static elaboration
Completed static elaboration
Starting simulation data flow analysis
Completed simulation data flow analysis
Time Resolution for simulation is 1ps
Compiling package std.standard
Compiling package std.textio
Compiling package ieee.std_logic_1164
Compiling package ieee.std_logic_arith
Compiling package ieee.std_logic_unsigned
Compiling package ieee.numeric_std
Compiling package ieee.math_real
Compiling package unisim.vcomponents
Compiling package ieee.std_logic_signed
Compiling package ieee.std_logic_textio
Compiling package ieee.vital_timing
Compiling package ieee.vital_primitives
Compiling package unisim.vpkg
Compiling architecture behave of entity xil_defaultlib.maindec [maindec_default]
Compiling architecture behave of entity xil_defaultlib.aludec [aludec_default]
Compiling architecture struct of entity xil_defaultlib.controller [controller_default]
Compiling architecture asynchronous of entity xil_defaultlib.flopr [\flopr(width=32)\]
Compiling architecture behave of entity xil_defaultlib.adder [\adder(width=32)\]
Compiling architecture behave of entity xil_defaultlib.mux2 [\mux2(width=32)\]
Compiling architecture behavioral of entity xil_defaultlib.bit_reg [\bit_reg(n=1)\]
Compiling architecture behave of entity xil_defaultlib.regfile [\regfile(width=32)\]
Compiling architecture behave of entity xil_defaultlib.signext [\signext(width=32)\]
Compiling architecture behave of entity xil_defaultlib.mips_alu [\mips_alu(width=32)\]
Compiling architecture struct of entity xil_defaultlib.datapath [\datapath(width=32)\]
Compiling architecture struct of entity xil_defaultlib.mips [\mips(width=32)\]
Compiling architecture behave of entity xil_defaultlib.imem [\imem(width=32)\]
Compiling architecture gnd_v of entity unisim.GND [gnd_default]
Compiling architecture rb36_internal_vhdl_v of entity unisim.RB36_INTERNAL_VHDL [\RB36_INTERNAL_VHDL(doa_reg=1,do...]
Compiling architecture ramb36e1_v of entity unisim.RAMB36E1 [\RAMB36E1(doa_reg=1,dob_reg=1,in...]
Compiling architecture structure of entity xil_defaultlib.dual_port_ram_blk_mem_gen_prim_wrapper_init [dual_port_ram_blk_mem_gen_prim_w...]
Compiling architecture structure of entity xil_defaultlib.dual_port_ram_blk_mem_gen_prim_width [dual_port_ram_blk_mem_gen_prim_w...]
Compiling architecture rb36_internal_vhdl_v of entity unisim.RB36_INTERNAL_VHDL [\RB36_INTERNAL_VHDL(doa_reg=1,do...]
Compiling architecture ramb36e1_v of entity unisim.RAMB36E1 [\RAMB36E1(doa_reg=1,dob_reg=1,re...]
Compiling architecture structure of entity xil_defaultlib.\dual_port_ram_blk_mem_gen_prim_wrapper_init__parameterized0\ [\dual_port_ram_blk_mem_gen_prim_...]
Compiling architecture structure of entity xil_defaultlib.\dual_port_ram_blk_mem_gen_prim_width__parameterized0\ [\dual_port_ram_blk_mem_gen_prim_...]
Compiling architecture structure of entity xil_defaultlib.\dual_port_ram_blk_mem_gen_prim_wrapper_init__parameterized1\ [\dual_port_ram_blk_mem_gen_prim_...]
Compiling architecture structure of entity xil_defaultlib.\dual_port_ram_blk_mem_gen_prim_width__parameterized1\ [\dual_port_ram_blk_mem_gen_prim_...]
Compiling architecture structure of entity xil_defaultlib.\dual_port_ram_blk_mem_gen_prim_wrapper_init__parameterized2\ [\dual_port_ram_blk_mem_gen_prim_...]
Compiling architecture structure of entity xil_defaultlib.\dual_port_ram_blk_mem_gen_prim_width__parameterized2\ [\dual_port_ram_blk_mem_gen_prim_...]
Compiling architecture structure of entity xil_defaultlib.dual_port_ram_blk_mem_gen_generic_cstr [dual_port_ram_blk_mem_gen_generi...]
Compiling architecture structure of entity xil_defaultlib.dual_port_ram_blk_mem_gen_top [dual_port_ram_blk_mem_gen_top_de...]
Compiling architecture structure of entity xil_defaultlib.dual_port_ram_blk_mem_gen_v8_4_1_synth [dual_port_ram_blk_mem_gen_v8_4_1...]
Compiling architecture structure of entity xil_defaultlib.dual_port_ram_blk_mem_gen_v8_4_1 [dual_port_ram_blk_mem_gen_v8_4_1...]
Compiling architecture structure of entity xil_defaultlib.dual_port_ram [dual_port_ram_default]
Compiling architecture behave of entity xil_defaultlib.dmem [dmem_default]
Compiling architecture behave of entity xil_defaultlib.listRegFile [\listRegFile(regcount=32)\]
Compiling architecture behavioral of entity xil_defaultlib.list_alu [list_alu_default]
Compiling architecture behavioral of entity xil_defaultlib.alu_block [alu_block_default]
Compiling architecture listproc of entity xil_defaultlib.ListProc [listproc_default]
Compiling architecture mips_top of entity xil_defaultlib.mips_top [mips_top_default]
Compiling architecture mips_testbench of entity xil_defaultlib.mips_testbench
Built simulation snapshot mips_testbench_behav
run_program: Time (s): cpu = 00:00:00 ; elapsed = 00:00:12 . Memory (MB): peak = 922.375 ; gain = 0.000
INFO: [USF-XSim-69] 'elaborate' step finished in '11' seconds
INFO: [USF-XSim-4] XSim::Simulate design
INFO: [USF-XSim-61] Executing 'SIMULATE' step in 'Z:/CS-401-1-CompArch/FinalProject/MP_1_Compiler/Working_MP3/mips.sim/sim_1/behav/xsim'
INFO: [USF-XSim-98] *** Running xsim
   with args "mips_testbench_behav -key {Behavioral:sim_1:Functional:mips_testbench} -tclbatch {mips_testbench.tcl} -view {Z:/CS-401-1-CompArch/FinalProject/MP_1_Compiler/Working_MP3/mips_testbench_behav.wcfg} -log {simulate.log}"
INFO: [USF-XSim-8] Loading simulator feature
Vivado Simulator 2018.2
Time resolution is 1 ps
open_wave_config Z:/CS-401-1-CompArch/FinalProject/MP_1_Compiler/Working_MP3/mips_testbench_behav.wcfg
source mips_testbench.tcl
# set curr_wave [current_wave_config]
# if { [string length $curr_wave] == 0 } {
#   if { [llength [get_objects]] > 0} {
#     add_wave /
#     set_property needs_save false [current_wave_config]
#   } else {
#      send_msg_id Add_Wave-1 WARNING "No top level signals found. Simulator will start without a wave window. If you want to open a wave window go to 'File->New Waveform Configuration' or type 'create_wave_config' in the TCL console."
#   }
# }
# run 1000ns
INFO: [USF-XSim-96] XSim completed. Design snapshot 'mips_testbench_behav' loaded.
INFO: [USF-XSim-97] XSim simulation ran for 1000ns
launch_simulation: Time (s): cpu = 00:00:07 ; elapsed = 00:00:22 . Memory (MB): peak = 945.391 ; gain = 23.016
close_sim
INFO: [Simtcl 6-16] Simulation closed
exit
INFO: [Common 17-206] Exiting Vivado at Mon May  6 10:06:52 2019...
