#-----------------------------------------------------------
# Vivado v2018.2.1 (64-bit)
# SW Build 2288692 on Thu Jul 26 18:24:02 MDT 2018
# IP Build 2289599 on Thu Jul 26 21:09:20 MDT 2018
# Start of session at: Mon May 13 11:07:19 2019
# Process ID: 7248
# Current directory: Z:/rrutherford20/CS-401-1-CompArch/CompArchFinal/Working_MP3
# Command line: vivado.exe -gui_launcher_event rodinguilauncherevent1272 Z:\rrutherford20\CS-401-1-CompArch\CompArchFinal\Working_MP3\mips.xpr
# Log file: Z:/rrutherford20/CS-401-1-CompArch/CompArchFinal/Working_MP3/vivado.log
# Journal file: Z:/rrutherford20/CS-401-1-CompArch/CompArchFinal/Working_MP3\vivado.jou
#-----------------------------------------------------------
start_gui
open_project Z:/rrutherford20/CS-401-1-CompArch/CompArchFinal/Working_MP3/mips.xpr
Scanning sources...
Finished scanning sources
INFO: [IP_Flow 19-234] Refreshing IP repositories
INFO: [IP_Flow 19-1704] No user IP repositories specified
INFO: [IP_Flow 19-2313] Loaded Vivado IP repository 'C:/Xilinx/Vivado/2018.2/data/ip'.
open_project: Time (s): cpu = 00:00:13 ; elapsed = 00:00:08 . Memory (MB): peak = 821.820 ; gain = 111.535
WARNING: [filemgmt 20-1445] Cannot import file 'Z:/rrutherford20/CS-401-1-CompArch/CompArchFinal/Working_MP3/mips.srcs/sources_1/imports/new/oscillate.dat' on top of itself. Importing a file from the imported source directory can cause this problem.
add_files -norecurse Z:/rrutherford20/CS-401-1-CompArch/CompArchFinal/Working_MP3/mips.srcs/sources_1/imports/new/oscillate.dat
launch_simulation
INFO: [Vivado 12-5698] Checking validity of IPs in the design for the 'XSim' simulator...
INFO: [Vivado 12-5682] Launching behavioral simulation in 'Z:/rrutherford20/CS-401-1-CompArch/CompArchFinal/Working_MP3/mips.sim/sim_1/behav/xsim'
INFO: [Vivado 12-4795] Using compiled simulation libraries for IPs
INFO: [SIM-utils-51] Simulation object is 'sim_1'
INFO: [USF-XSim-7] Finding pre-compiled libraries...
INFO: [USF-XSim-11] File 'C:/Xilinx/Vivado/2018.2/data/xsim/xsim.ini' copied to run dir:'Z:/rrutherford20/CS-401-1-CompArch/CompArchFinal/Working_MP3/mips.sim/sim_1/behav/xsim'
INFO: [SIM-utils-54] Inspecting design source files for 'mips_testbench' in fileset 'sim_1'...
INFO: [SIM-utils-43] Exported 'Z:/rrutherford20/CS-401-1-CompArch/CompArchFinal/Working_MP3/mips.sim/sim_1/behav/xsim/dual_port_ram.mif'
INFO: [SIM-utils-43] Exported 'Z:/rrutherford20/CS-401-1-CompArch/CompArchFinal/Working_MP3/mips.sim/sim_1/behav/xsim/dual_ram_init.coe'
INFO: [SIM-utils-43] Exported 'Z:/rrutherford20/CS-401-1-CompArch/CompArchFinal/Working_MP3/mips.sim/sim_1/behav/xsim/memfileAdv.dat'
INFO: [SIM-utils-43] Exported 'Z:/rrutherford20/CS-401-1-CompArch/CompArchFinal/Working_MP3/mips.sim/sim_1/behav/xsim/memfileSimple.dat'
INFO: [SIM-utils-43] Exported 'Z:/rrutherford20/CS-401-1-CompArch/CompArchFinal/Working_MP3/mips.sim/sim_1/behav/xsim/judeTest.dat'
INFO: [SIM-utils-43] Exported 'Z:/rrutherford20/CS-401-1-CompArch/CompArchFinal/Working_MP3/mips.sim/sim_1/behav/xsim/oscillate.dat'
INFO: [USF-XSim-97] Finding global include files...
INFO: [USF-XSim-100] Fetching design files from 'sources_1'...(this may take a while)...
INFO: [USF-XSim-101] Fetching design files from 'sim_1'...
INFO: [USF-XSim-2] XSim::Compile design
INFO: [USF-XSim-61] Executing 'COMPILE and ANALYZE' step in 'Z:/rrutherford20/CS-401-1-CompArch/CompArchFinal/Working_MP3/mips.sim/sim_1/behav/xsim'
"xvhdl --incr --relax -prj mips_testbench_vhdl.prj"
INFO: [VRFC 10-163] Analyzing VHDL file "Z:/rrutherford20/CS-401-1-CompArch/CompArchFinal/Working_MP3/mips.srcs/sources_1/imports/new/mips_mem_instructions.vhd" into library xil_defaultlib
INFO: [VRFC 10-307] analyzing entity imem
INFO: [USF-XSim-69] 'compile' step finished in '2' seconds
INFO: [USF-XSim-3] XSim::Elaborate design
INFO: [USF-XSim-61] Executing 'ELABORATE' step in 'Z:/rrutherford20/CS-401-1-CompArch/CompArchFinal/Working_MP3/mips.sim/sim_1/behav/xsim'
Vivado Simulator 2018.2
Copyright 1986-1999, 2001-2018 Xilinx, Inc. All Rights Reserved.
Running: C:/Xilinx/Vivado/2018.2/bin/unwrapped/win64.o/xelab.exe -wto bfc6d33675f34e59a51d26a1983c03b4 --incr --debug typical --relax --mt 2 -L xil_defaultlib -L secureip -L xpm --snapshot mips_testbench_behav xil_defaultlib.mips_testbench -log elaborate.log 
Using 2 slave threads.
Starting static elaboration
Completed static elaboration
Starting simulation data flow analysis
Completed simulation data flow analysis
Time Resolution for simulation is 1ps
Compiling package std.standard
Compiling package std.textio
Compiling package ieee.std_logic_1164
Compiling package ieee.std_logic_arith
Compiling package ieee.std_logic_unsigned
Compiling package ieee.numeric_std
Compiling package ieee.math_real
Compiling package unisim.vcomponents
Compiling package ieee.std_logic_signed
Compiling package ieee.std_logic_textio
Compiling package ieee.vital_timing
Compiling package ieee.vital_primitives
Compiling package unisim.vpkg
Compiling architecture behave of entity xil_defaultlib.maindec [maindec_default]
Compiling architecture behave of entity xil_defaultlib.aludec [aludec_default]
Compiling architecture struct of entity xil_defaultlib.controller [controller_default]
Compiling architecture asynchronous of entity xil_defaultlib.flopr [\flopr(width=32)\]
Compiling architecture behave of entity xil_defaultlib.adder [\adder(width=32)\]
Compiling architecture behave of entity xil_defaultlib.mux2 [\mux2(width=32)\]
Compiling architecture behavioral of entity xil_defaultlib.bit_reg [\bit_reg(n=1)\]
Compiling architecture behave of entity xil_defaultlib.regfile [\regfile(width=32)\]
Compiling architecture behave of entity xil_defaultlib.signext [\signext(width=32)\]
Compiling architecture behave of entity xil_defaultlib.mips_alu [\mips_alu(width=32)\]
Compiling architecture struct of entity xil_defaultlib.datapath [\datapath(width=32)\]
Compiling architecture struct of entity xil_defaultlib.mips [\mips(width=32)\]
Compiling architecture behave of entity xil_defaultlib.imem [\imem(width=32)\]
Compiling architecture gnd_v of entity unisim.GND [gnd_default]
Compiling architecture rb36_internal_vhdl_v of entity unisim.RB36_INTERNAL_VHDL [\RB36_INTERNAL_VHDL(doa_reg=1,do...]
Compiling architecture ramb36e1_v of entity unisim.RAMB36E1 [\RAMB36E1(doa_reg=1,dob_reg=1,in...]
Compiling architecture structure of entity xil_defaultlib.dual_port_ram_blk_mem_gen_prim_wrapper_init [dual_port_ram_blk_mem_gen_prim_w...]
Compiling architecture structure of entity xil_defaultlib.dual_port_ram_blk_mem_gen_prim_width [dual_port_ram_blk_mem_gen_prim_w...]
Compiling architecture rb36_internal_vhdl_v of entity unisim.RB36_INTERNAL_VHDL [\RB36_INTERNAL_VHDL(doa_reg=1,do...]
Compiling architecture ramb36e1_v of entity unisim.RAMB36E1 [\RAMB36E1(doa_reg=1,dob_reg=1,in...]
Compiling architecture structure of entity xil_defaultlib.\dual_port_ram_blk_mem_gen_prim_wrapper_init__parameterized0\ [\dual_port_ram_blk_mem_gen_prim_...]
Compiling architecture structure of entity xil_defaultlib.\dual_port_ram_blk_mem_gen_prim_width__parameterized0\ [\dual_port_ram_blk_mem_gen_prim_...]
Compiling architecture structure of entity xil_defaultlib.\dual_port_ram_blk_mem_gen_prim_wrapper_init__parameterized1\ [\dual_port_ram_blk_mem_gen_prim_...]
Compiling architecture structure of entity xil_defaultlib.\dual_port_ram_blk_mem_gen_prim_width__parameterized1\ [\dual_port_ram_blk_mem_gen_prim_...]
Compiling architecture rb36_internal_vhdl_v of entity unisim.RB36_INTERNAL_VHDL [\RB36_INTERNAL_VHDL(doa_reg=1,do...]
Compiling architecture ramb36e1_v of entity unisim.RAMB36E1 [\RAMB36E1(doa_reg=1,dob_reg=1,in...]
Compiling architecture structure of entity xil_defaultlib.\dual_port_ram_blk_mem_gen_prim_wrapper_init__parameterized2\ [\dual_port_ram_blk_mem_gen_prim_...]
Compiling architecture structure of entity xil_defaultlib.\dual_port_ram_blk_mem_gen_prim_width__parameterized2\ [\dual_port_ram_blk_mem_gen_prim_...]
Compiling architecture structure of entity xil_defaultlib.dual_port_ram_blk_mem_gen_generic_cstr [dual_port_ram_blk_mem_gen_generi...]
Compiling architecture structure of entity xil_defaultlib.dual_port_ram_blk_mem_gen_top [dual_port_ram_blk_mem_gen_top_de...]
Compiling architecture structure of entity xil_defaultlib.dual_port_ram_blk_mem_gen_v8_4_1_synth [dual_port_ram_blk_mem_gen_v8_4_1...]
Compiling architecture structure of entity xil_defaultlib.dual_port_ram_blk_mem_gen_v8_4_1 [dual_port_ram_blk_mem_gen_v8_4_1...]
Compiling architecture structure of entity xil_defaultlib.dual_port_ram [dual_port_ram_default]
Compiling architecture behave of entity xil_defaultlib.dmem [dmem_default]
Compiling architecture behave of entity xil_defaultlib.listRegFile [\listRegFile(regcount=32)\]
Compiling architecture behavioral of entity xil_defaultlib.list_alu [list_alu_default]
Compiling architecture behavioral of entity xil_defaultlib.alu_block [alu_block_default]
Compiling architecture listproc of entity xil_defaultlib.ListProc [listproc_default]
Compiling architecture mips_top of entity xil_defaultlib.mips_top [mips_top_default]
Compiling architecture display_hex of entity xil_defaultlib.display_hex [display_hex_default]
Compiling architecture arch of entity xil_defaultlib.vga_sync [vga_sync_default]
Compiling architecture vga_top of entity xil_defaultlib.vga_top [vga_top_default]
Compiling architecture computer_top of entity xil_defaultlib.computer_top [computer_top_default]
Compiling architecture mips_testbench of entity xil_defaultlib.mips_testbench
Built simulation snapshot mips_testbench_behav

****** Webtalk v2018.2.1 (64-bit)
  **** SW Build 2288692 on Thu Jul 26 18:24:02 MDT 2018
  **** IP Build 2289599 on Thu Jul 26 21:09:20 MDT 2018
    ** Copyright 1986-2018 Xilinx, Inc. All Rights Reserved.

source Z:/rrutherford20/CS-401-1-CompArch/CompArchFinal/Working_MP3/mips.sim/sim_1/behav/xsim/xsim.dir/mips_testbench_behav/webtalk/xsim_webtalk.tcl -notrace
INFO: [Common 17-186] 'Z:/rrutherford20/CS-401-1-CompArch/CompArchFinal/Working_MP3/mips.sim/sim_1/behav/xsim/xsim.dir/mips_testbench_behav/webtalk/usage_statistics_ext_xsim.xml' has been successfully sent to Xilinx on Mon May 13 11:10:49 2019. For additional details about this file, please refer to the WebTalk help file at C:/Xilinx/Vivado/2018.2/doc/webtalk_introduction.html.
INFO: [Common 17-206] Exiting Webtalk at Mon May 13 11:10:49 2019...
run_program: Time (s): cpu = 00:00:01 ; elapsed = 00:00:18 . Memory (MB): peak = 855.027 ; gain = 0.297
INFO: [USF-XSim-69] 'elaborate' step finished in '17' seconds
INFO: [USF-XSim-4] XSim::Simulate design
INFO: [USF-XSim-61] Executing 'SIMULATE' step in 'Z:/rrutherford20/CS-401-1-CompArch/CompArchFinal/Working_MP3/mips.sim/sim_1/behav/xsim'
INFO: [USF-XSim-98] *** Running xsim
   with args "mips_testbench_behav -key {Behavioral:sim_1:Functional:mips_testbench} -tclbatch {mips_testbench.tcl} -view {Z:/rrutherford20/CS-401-1-CompArch/CompArchFinal/Working_MP3/mips_testbench_behav.wcfg} -log {simulate.log}"
INFO: [USF-XSim-8] Loading simulator feature
Vivado Simulator 2018.2
Time resolution is 1 ps
open_wave_config Z:/rrutherford20/CS-401-1-CompArch/CompArchFinal/Working_MP3/mips_testbench_behav.wcfg
source mips_testbench.tcl
# set curr_wave [current_wave_config]
# if { [string length $curr_wave] == 0 } {
#   if { [llength [get_objects]] > 0} {
#     add_wave /
#     set_property needs_save false [current_wave_config]
#   } else {
#      send_msg_id Add_Wave-1 WARNING "No top level signals found. Simulator will start without a wave window. If you want to open a wave window go to 'File->New Waveform Configuration' or type 'create_wave_config' in the TCL console."
#   }
# }
# run 1000ns
INFO: [USF-XSim-96] XSim completed. Design snapshot 'mips_testbench_behav' loaded.
INFO: [USF-XSim-97] XSim simulation ran for 1000ns
launch_simulation: Time (s): cpu = 00:00:06 ; elapsed = 00:00:24 . Memory (MB): peak = 877.109 ; gain = 23.816
run 1 s
run: Time (s): cpu = 00:00:53 ; elapsed = 00:01:39 . Memory (MB): peak = 883.254 ; gain = 3.805
reset_run synth_1
WARNING: [Vivado 12-1017] Problems encountered:
1. Failed to delete one or more files in run directory Z:/rrutherford20/CS-401-1-CompArch/CompArchFinal/Working_MP3/mips.runs/synth_1

launch_runs impl_1 -to_step write_bitstream -jobs 4
[Mon May 13 11:12:43 2019] Launched synth_1...
Run output will be captured here: Z:/rrutherford20/CS-401-1-CompArch/CompArchFinal/Working_MP3/mips.runs/synth_1/runme.log
[Mon May 13 11:12:43 2019] Launched impl_1...
Run output will be captured here: Z:/rrutherford20/CS-401-1-CompArch/CompArchFinal/Working_MP3/mips.runs/impl_1/runme.log
run 1 s
run: Time (s): cpu = 00:00:23 ; elapsed = 00:00:50 . Memory (MB): peak = 886.633 ; gain = 0.000
reset_run impl_1
close_sim
INFO: [Simtcl 6-16] Simulation closed
close_sim: Time (s): cpu = 00:00:03 ; elapsed = 00:00:06 . Memory (MB): peak = 891.773 ; gain = 5.141
exit
INFO: [Common 17-206] Exiting Vivado at Mon May 13 11:14:08 2019...
